running egg_info
creating ../../build/navigation_core/navigation_core.egg-info
writing ../../build/navigation_core/navigation_core.egg-info/PKG-INFO
writing dependency_links to ../../build/navigation_core/navigation_core.egg-info/dependency_links.txt
writing entry points to ../../build/navigation_core/navigation_core.egg-info/entry_points.txt
writing requirements to ../../build/navigation_core/navigation_core.egg-info/requires.txt
writing top-level names to ../../build/navigation_core/navigation_core.egg-info/top_level.txt
writing manifest file '../../build/navigation_core/navigation_core.egg-info/SOURCES.txt'
reading manifest file '../../build/navigation_core/navigation_core.egg-info/SOURCES.txt'
writing manifest file '../../build/navigation_core/navigation_core.egg-info/SOURCES.txt'
running build
running build_py
creating /home/pioneer-i/ros2_ws/build/navigation_core/build
creating /home/pioneer-i/ros2_ws/build/navigation_core/build/lib
creating /home/pioneer-i/ros2_ws/build/navigation_core/build/lib/navigation_core
copying navigation_core/__init__.py -> /home/pioneer-i/ros2_ws/build/navigation_core/build/lib/navigation_core
copying navigation_core/process_scan.py -> /home/pioneer-i/ros2_ws/build/navigation_core/build/lib/navigation_core
running install
running install_lib
creating /home/pioneer-i/ros2_ws/install/navigation_core/lib/python3.8/site-packages/navigation_core
copying /home/pioneer-i/ros2_ws/build/navigation_core/build/lib/navigation_core/__init__.py -> /home/pioneer-i/ros2_ws/install/navigation_core/lib/python3.8/site-packages/navigation_core
copying /home/pioneer-i/ros2_ws/build/navigation_core/build/lib/navigation_core/process_scan.py -> /home/pioneer-i/ros2_ws/install/navigation_core/lib/python3.8/site-packages/navigation_core
byte-compiling /home/pioneer-i/ros2_ws/install/navigation_core/lib/python3.8/site-packages/navigation_core/__init__.py to __init__.cpython-38.pyc
byte-compiling /home/pioneer-i/ros2_ws/install/navigation_core/lib/python3.8/site-packages/navigation_core/process_scan.py to process_scan.cpython-38.pyc
running install_data
creating /home/pioneer-i/ros2_ws/install/navigation_core/share/ament_index
creating /home/pioneer-i/ros2_ws/install/navigation_core/share/ament_index/resource_index
creating /home/pioneer-i/ros2_ws/install/navigation_core/share/ament_index/resource_index/packages
copying resource/navigation_core -> /home/pioneer-i/ros2_ws/install/navigation_core/share/ament_index/resource_index/packages
copying package.xml -> /home/pioneer-i/ros2_ws/install/navigation_core/share/navigation_core
running install_egg_info
Copying ../../build/navigation_core/navigation_core.egg-info to /home/pioneer-i/ros2_ws/install/navigation_core/lib/python3.8/site-packages/navigation_core-0.0.0-py3.8.egg-info
running install_scripts
Installing lidar_node script to /home/pioneer-i/ros2_ws/install/navigation_core/lib/navigation_core
writing list of installed files to '/home/pioneer-i/ros2_ws/build/navigation_core/install.log'
