[2.499s] Invoking command in '/home/pioneer-i/ros2_ws/src/navigation_core': PYTHONPATH=/home/pioneer-i/ros2_ws/build/navigation_core/prefix_override:/home/pioneer-i/ros2_ws/install/navigation_core/lib/python3.8/site-packages:${PYTHONPATH} /usr/bin/python3 setup.py egg_info --egg-base ../../build/navigation_core build --build-base /home/pioneer-i/ros2_ws/build/navigation_core/build install --record /home/pioneer-i/ros2_ws/build/navigation_core/install.log --install-scripts $base/lib/navigation_core --single-version-externally-managed
[2.962s] running egg_info
[2.964s] creating ../../build/navigation_core/navigation_core.egg-info
[2.965s] writing ../../build/navigation_core/navigation_core.egg-info/PKG-INFO
[2.980s] writing dependency_links to ../../build/navigation_core/navigation_core.egg-info/dependency_links.txt
[2.980s] writing entry points to ../../build/navigation_core/navigation_core.egg-info/entry_points.txt
[2.989s] writing requirements to ../../build/navigation_core/navigation_core.egg-info/requires.txt
[2.991s] writing top-level names to ../../build/navigation_core/navigation_core.egg-info/top_level.txt
[2.994s] writing manifest file '../../build/navigation_core/navigation_core.egg-info/SOURCES.txt'
[3.032s] reading manifest file '../../build/navigation_core/navigation_core.egg-info/SOURCES.txt'
[3.034s] writing manifest file '../../build/navigation_core/navigation_core.egg-info/SOURCES.txt'
[3.035s] running build
[3.035s] running build_py
[3.035s] creating /home/pioneer-i/ros2_ws/build/navigation_core/build
[3.037s] creating /home/pioneer-i/ros2_ws/build/navigation_core/build/lib
[3.037s] creating /home/pioneer-i/ros2_ws/build/navigation_core/build/lib/navigation_core
[3.038s] copying navigation_core/__init__.py -> /home/pioneer-i/ros2_ws/build/navigation_core/build/lib/navigation_core
[3.039s] copying navigation_core/process_scan.py -> /home/pioneer-i/ros2_ws/build/navigation_core/build/lib/navigation_core
[3.039s] running install
[3.044s] running install_lib
[3.045s] creating /home/pioneer-i/ros2_ws/install/navigation_core/lib/python3.8/site-packages/navigation_core
[3.045s] copying /home/pioneer-i/ros2_ws/build/navigation_core/build/lib/navigation_core/__init__.py -> /home/pioneer-i/ros2_ws/install/navigation_core/lib/python3.8/site-packages/navigation_core
[3.045s] copying /home/pioneer-i/ros2_ws/build/navigation_core/build/lib/navigation_core/process_scan.py -> /home/pioneer-i/ros2_ws/install/navigation_core/lib/python3.8/site-packages/navigation_core
[3.046s] byte-compiling /home/pioneer-i/ros2_ws/install/navigation_core/lib/python3.8/site-packages/navigation_core/__init__.py to __init__.cpython-38.pyc
[3.046s] byte-compiling /home/pioneer-i/ros2_ws/install/navigation_core/lib/python3.8/site-packages/navigation_core/process_scan.py to process_scan.cpython-38.pyc
[3.047s] running install_data
[3.047s] creating /home/pioneer-i/ros2_ws/install/navigation_core/share/ament_index
[3.047s] creating /home/pioneer-i/ros2_ws/install/navigation_core/share/ament_index/resource_index
[3.047s] creating /home/pioneer-i/ros2_ws/install/navigation_core/share/ament_index/resource_index/packages
[3.048s] copying resource/navigation_core -> /home/pioneer-i/ros2_ws/install/navigation_core/share/ament_index/resource_index/packages
[3.048s] copying package.xml -> /home/pioneer-i/ros2_ws/install/navigation_core/share/navigation_core
[3.048s] running install_egg_info
[3.049s] Copying ../../build/navigation_core/navigation_core.egg-info to /home/pioneer-i/ros2_ws/install/navigation_core/lib/python3.8/site-packages/navigation_core-0.0.0-py3.8.egg-info
[3.052s] running install_scripts
[3.089s] Installing lidar_node script to /home/pioneer-i/ros2_ws/install/navigation_core/lib/navigation_core
[3.090s] writing list of installed files to '/home/pioneer-i/ros2_ws/build/navigation_core/install.log'
[3.161s] Invoked command in '/home/pioneer-i/ros2_ws/src/navigation_core' returned '0': PYTHONPATH=/home/pioneer-i/ros2_ws/build/navigation_core/prefix_override:/home/pioneer-i/ros2_ws/install/navigation_core/lib/python3.8/site-packages:${PYTHONPATH} /usr/bin/python3 setup.py egg_info --egg-base ../../build/navigation_core build --build-base /home/pioneer-i/ros2_ws/build/navigation_core/build install --record /home/pioneer-i/ros2_ws/build/navigation_core/install.log --install-scripts $base/lib/navigation_core --single-version-externally-managed
