[2.530s] Invoking command in '/home/pioneer-i/ros2_ws/src/navigation_core': PYTHONPATH=/home/pioneer-i/ros2_ws/build/navigation_core/prefix_override:/home/pioneer-i/ros2_ws/install/navigation_core/lib/python3.8/site-packages:${PYTHONPATH} /usr/bin/python3 setup.py egg_info --egg-base ../../build/navigation_core build --build-base /home/pioneer-i/ros2_ws/build/navigation_core/build install --record /home/pioneer-i/ros2_ws/build/navigation_core/install.log --install-scripts $base/lib/navigation_core --single-version-externally-managed
[2.989s] running egg_info
[2.991s] writing ../../build/navigation_core/navigation_core.egg-info/PKG-INFO
[2.993s] writing dependency_links to ../../build/navigation_core/navigation_core.egg-info/dependency_links.txt
[2.994s] writing entry points to ../../build/navigation_core/navigation_core.egg-info/entry_points.txt
[2.996s] writing requirements to ../../build/navigation_core/navigation_core.egg-info/requires.txt
[2.997s] writing top-level names to ../../build/navigation_core/navigation_core.egg-info/top_level.txt
[3.066s] reading manifest file '../../build/navigation_core/navigation_core.egg-info/SOURCES.txt'
[3.068s] writing manifest file '../../build/navigation_core/navigation_core.egg-info/SOURCES.txt'
[3.069s] running build
[3.069s] running build_py
[3.069s] running install
[3.072s] running install_lib
[3.075s] running install_data
[3.077s] running install_egg_info
[3.081s] removing '/home/pioneer-i/ros2_ws/install/navigation_core/lib/python3.8/site-packages/navigation_core-0.0.0-py3.8.egg-info' (and everything under it)
[3.082s] Copying ../../build/navigation_core/navigation_core.egg-info to /home/pioneer-i/ros2_ws/install/navigation_core/lib/python3.8/site-packages/navigation_core-0.0.0-py3.8.egg-info
[3.085s] running install_scripts
[3.135s] Installing lidar_node script to /home/pioneer-i/ros2_ws/install/navigation_core/lib/navigation_core
[3.137s] writing list of installed files to '/home/pioneer-i/ros2_ws/build/navigation_core/install.log'
[3.230s] Invoked command in '/home/pioneer-i/ros2_ws/src/navigation_core' returned '0': PYTHONPATH=/home/pioneer-i/ros2_ws/build/navigation_core/prefix_override:/home/pioneer-i/ros2_ws/install/navigation_core/lib/python3.8/site-packages:${PYTHONPATH} /usr/bin/python3 setup.py egg_info --egg-base ../../build/navigation_core build --build-base /home/pioneer-i/ros2_ws/build/navigation_core/build install --record /home/pioneer-i/ros2_ws/build/navigation_core/install.log --install-scripts $base/lib/navigation_core --single-version-externally-managed
