[0.713s] Invoking command in '/home/pioneer-i/ros2_ws/build/rover_launch': /usr/bin/cmake /home/pioneer-i/ros2_ws/src/rover_launch -DCMAKE_INSTALL_PREFIX=/home/pioneer-i/ros2_ws/install/rover_launch
[1.581s] -- The C compiler identification is GNU 9.4.0
[2.035s] -- The CXX compiler identification is GNU 9.4.0
[2.052s] -- Check for working C compiler: /usr/bin/cc
[2.305s] -- Check for working C compiler: /usr/bin/cc -- works
[2.309s] -- Detecting C compiler ABI info
[2.434s] -- Detecting C compiler ABI info - done
[2.591s] -- Detecting C compile features
[2.591s] -- Detecting C compile features - done
[2.598s] -- Check for working CXX compiler: /usr/bin/c++
[2.859s] -- Check for working CXX compiler: /usr/bin/c++ -- works
[2.861s] -- Detecting CXX compiler ABI info
[3.102s] -- Detecting CXX compiler ABI info - done
[3.132s] -- Detecting CXX compile features
[3.133s] -- Detecting CXX compile features - done
[3.227s] CMake Error at CMakeLists.txt:19 (find_package):
[3.227s]   By not providing "Findament_cmake.cmake" in CMAKE_MODULE_PATH this project
[3.227s]   has asked CMake to find a package configuration file provided by
[3.227s]   "ament_cmake", but CMake did not find one.
[3.228s] 
[3.228s]   Could not find a package configuration file provided by "ament_cmake" with
[3.228s]   any of the following names:
[3.228s] 
[3.228s]     ament_cmakeConfig.cmake
[3.228s]     ament_cmake-config.cmake
[3.228s] 
[3.228s]   Add the installation prefix of "ament_cmake" to CMAKE_PREFIX_PATH or set
[3.229s]   "ament_cmake_DIR" to a directory containing one of the above files.  If
[3.229s]   "ament_cmake" provides a separate development package or SDK, be sure it
[3.229s]   has been installed.
[3.229s] 
[3.229s] 
[3.229s] -- Configuring incomplete, errors occurred!
[3.229s] See also "/home/pioneer-i/ros2_ws/build/rover_launch/CMakeFiles/CMakeOutput.log".
[3.236s] Invoked command in '/home/pioneer-i/ros2_ws/build/rover_launch' returned '1': /usr/bin/cmake /home/pioneer-i/ros2_ws/src/rover_launch -DCMAKE_INSTALL_PREFIX=/home/pioneer-i/ros2_ws/install/rover_launch
