[2.671s] Invoking command in '/home/pioneer-i/ros2_ws/src/locomotion_core': PYTHONPATH=/home/pioneer-i/ros2_ws/build/locomotion_core/prefix_override:/home/pioneer-i/ros2_ws/install/locomotion_core/lib/python3.8/site-packages:${PYTHONPATH} /usr/bin/python3 setup.py egg_info --egg-base ../../build/locomotion_core build --build-base /home/pioneer-i/ros2_ws/build/locomotion_core/build install --record /home/pioneer-i/ros2_ws/build/locomotion_core/install.log --single-version-externally-managed
[3.105s] running egg_info
[3.106s] writing ../../build/locomotion_core/locomotion_core.egg-info/PKG-INFO
[3.108s] writing dependency_links to ../../build/locomotion_core/locomotion_core.egg-info/dependency_links.txt
[3.111s] writing entry points to ../../build/locomotion_core/locomotion_core.egg-info/entry_points.txt
[3.111s] writing requirements to ../../build/locomotion_core/locomotion_core.egg-info/requires.txt
[3.111s] writing top-level names to ../../build/locomotion_core/locomotion_core.egg-info/top_level.txt
[3.213s] reading manifest file '../../build/locomotion_core/locomotion_core.egg-info/SOURCES.txt'
[3.215s] writing manifest file '../../build/locomotion_core/locomotion_core.egg-info/SOURCES.txt'
[3.216s] running build
[3.216s] running build_py
[3.217s] copying locomotion_core/movebase_kinematics.py -> /home/pioneer-i/ros2_ws/build/locomotion_core/build/lib/locomotion_core
[3.217s] running install
[3.223s] running install_lib
[3.225s] copying /home/pioneer-i/ros2_ws/build/locomotion_core/build/lib/locomotion_core/movebase_kinematics.py -> /home/pioneer-i/ros2_ws/install/locomotion_core/lib/python3.8/site-packages/locomotion_core
[3.229s] byte-compiling /home/pioneer-i/ros2_ws/install/locomotion_core/lib/python3.8/site-packages/locomotion_core/movebase_kinematics.py to movebase_kinematics.cpython-38.pyc
[3.234s] running install_data
[3.236s] running install_egg_info
[3.241s] removing '/home/pioneer-i/ros2_ws/install/locomotion_core/lib/python3.8/site-packages/locomotion_core-0.0.0-py3.8.egg-info' (and everything under it)
[3.242s] Copying ../../build/locomotion_core/locomotion_core.egg-info to /home/pioneer-i/ros2_ws/install/locomotion_core/lib/python3.8/site-packages/locomotion_core-0.0.0-py3.8.egg-info
[3.244s] running install_scripts
[3.283s] Installing cmd_roboteq script to /home/pioneer-i/ros2_ws/install/locomotion_core/lib/locomotion_core
[3.283s] Installing movebase_kinematics script to /home/pioneer-i/ros2_ws/install/locomotion_core/lib/locomotion_core
[3.284s] writing list of installed files to '/home/pioneer-i/ros2_ws/build/locomotion_core/install.log'
[3.388s] Invoked command in '/home/pioneer-i/ros2_ws/src/locomotion_core' returned '0': PYTHONPATH=/home/pioneer-i/ros2_ws/build/locomotion_core/prefix_override:/home/pioneer-i/ros2_ws/install/locomotion_core/lib/python3.8/site-packages:${PYTHONPATH} /usr/bin/python3 setup.py egg_info --egg-base ../../build/locomotion_core build --build-base /home/pioneer-i/ros2_ws/build/locomotion_core/build install --record /home/pioneer-i/ros2_ws/build/locomotion_core/install.log --single-version-externally-managed
