[4.119s] Invoking command in '/home/pioneer-i/ros2_ws/src/locomotion_core': PYTHONPATH=/home/pioneer-i/ros2_ws/build/locomotion_core/prefix_override:/home/pioneer-i/ros2_ws/install/locomotion_core/lib/python3.8/site-packages:${PYTHONPATH} /usr/bin/python3 setup.py egg_info --egg-base ../../build/locomotion_core build --build-base /home/pioneer-i/ros2_ws/build/locomotion_core/build install --record /home/pioneer-i/ros2_ws/build/locomotion_core/install.log --single-version-externally-managed
[4.569s] running egg_info
[4.570s] writing ../../build/locomotion_core/locomotion_core.egg-info/PKG-INFO
[4.571s] writing dependency_links to ../../build/locomotion_core/locomotion_core.egg-info/dependency_links.txt
[4.572s] writing entry points to ../../build/locomotion_core/locomotion_core.egg-info/entry_points.txt
[4.572s] writing requirements to ../../build/locomotion_core/locomotion_core.egg-info/requires.txt
[4.572s] writing top-level names to ../../build/locomotion_core/locomotion_core.egg-info/top_level.txt
[4.762s] reading manifest file '../../build/locomotion_core/locomotion_core.egg-info/SOURCES.txt'
[4.902s] writing manifest file '../../build/locomotion_core/locomotion_core.egg-info/SOURCES.txt'
[4.902s] running build
[4.902s] running build_py
[4.903s] copying locomotion_core/movebase_kinematics.py -> /home/pioneer-i/ros2_ws/build/locomotion_core/build/lib/locomotion_core
[4.905s] running install
[4.907s] running install_lib
[4.909s] copying /home/pioneer-i/ros2_ws/build/locomotion_core/build/lib/locomotion_core/movebase_kinematics.py -> /home/pioneer-i/ros2_ws/install/locomotion_core/lib/python3.8/site-packages/locomotion_core
[4.911s] byte-compiling /home/pioneer-i/ros2_ws/install/locomotion_core/lib/python3.8/site-packages/locomotion_core/movebase_kinematics.py to movebase_kinematics.cpython-38.pyc
[4.914s] running install_data
[4.915s] running install_egg_info
[4.919s] removing '/home/pioneer-i/ros2_ws/install/locomotion_core/lib/python3.8/site-packages/locomotion_core-0.0.0-py3.8.egg-info' (and everything under it)
[4.919s] Copying ../../build/locomotion_core/locomotion_core.egg-info to /home/pioneer-i/ros2_ws/install/locomotion_core/lib/python3.8/site-packages/locomotion_core-0.0.0-py3.8.egg-info
[4.922s] running install_scripts
[4.960s] Installing cmd_roboteq script to /home/pioneer-i/ros2_ws/install/locomotion_core/lib/locomotion_core
[4.960s] Installing movebase_kinematics script to /home/pioneer-i/ros2_ws/install/locomotion_core/lib/locomotion_core
[4.961s] writing list of installed files to '/home/pioneer-i/ros2_ws/build/locomotion_core/install.log'
[5.066s] Invoked command in '/home/pioneer-i/ros2_ws/src/locomotion_core' returned '0': PYTHONPATH=/home/pioneer-i/ros2_ws/build/locomotion_core/prefix_override:/home/pioneer-i/ros2_ws/install/locomotion_core/lib/python3.8/site-packages:${PYTHONPATH} /usr/bin/python3 setup.py egg_info --egg-base ../../build/locomotion_core build --build-base /home/pioneer-i/ros2_ws/build/locomotion_core/build install --record /home/pioneer-i/ros2_ws/build/locomotion_core/install.log --single-version-externally-managed
