[2.523s] Invoking command in '/home/pioneer-i/ros2_ws/src/navigation_core': PYTHONPATH=/home/pioneer-i/ros2_ws/build/navigation_core/prefix_override:/home/pioneer-i/ros2_ws/install/navigation_core/lib/python3.8/site-packages:${PYTHONPATH} /usr/bin/python3 setup.py egg_info --egg-base ../../build/navigation_core build --build-base /home/pioneer-i/ros2_ws/build/navigation_core/build install --record /home/pioneer-i/ros2_ws/build/navigation_core/install.log --install-scripts $base/lib/navigation_core --single-version-externally-managed
[2.970s] running egg_info
[2.971s] writing ../../build/navigation_core/navigation_core.egg-info/PKG-INFO
[2.973s] writing dependency_links to ../../build/navigation_core/navigation_core.egg-info/dependency_links.txt
[2.974s] writing entry points to ../../build/navigation_core/navigation_core.egg-info/entry_points.txt
[2.974s] writing requirements to ../../build/navigation_core/navigation_core.egg-info/requires.txt
[2.974s] writing top-level names to ../../build/navigation_core/navigation_core.egg-info/top_level.txt
[3.051s] reading manifest file '../../build/navigation_core/navigation_core.egg-info/SOURCES.txt'
[3.054s] writing manifest file '../../build/navigation_core/navigation_core.egg-info/SOURCES.txt'
[3.054s] running build
[3.056s] running build_py
[3.056s] copying navigation_core/process_scan.py -> /home/pioneer-i/ros2_ws/build/navigation_core/build/lib/navigation_core
[3.056s] running install
[3.056s] running install_lib
[3.068s] copying /home/pioneer-i/ros2_ws/build/navigation_core/build/lib/navigation_core/process_scan.py -> /home/pioneer-i/ros2_ws/install/navigation_core/lib/python3.8/site-packages/navigation_core
[3.068s] byte-compiling /home/pioneer-i/ros2_ws/install/navigation_core/lib/python3.8/site-packages/navigation_core/process_scan.py to process_scan.cpython-38.pyc
[3.068s] running install_data
[3.069s] running install_egg_info
[3.069s] removing '/home/pioneer-i/ros2_ws/install/navigation_core/lib/python3.8/site-packages/navigation_core-0.0.0-py3.8.egg-info' (and everything under it)
[3.070s] Copying ../../build/navigation_core/navigation_core.egg-info to /home/pioneer-i/ros2_ws/install/navigation_core/lib/python3.8/site-packages/navigation_core-0.0.0-py3.8.egg-info
[3.070s] running install_scripts
[3.119s] Installing lidar_node script to /home/pioneer-i/ros2_ws/install/navigation_core/lib/navigation_core
[3.120s] writing list of installed files to '/home/pioneer-i/ros2_ws/build/navigation_core/install.log'
[3.204s] Invoked command in '/home/pioneer-i/ros2_ws/src/navigation_core' returned '0': PYTHONPATH=/home/pioneer-i/ros2_ws/build/navigation_core/prefix_override:/home/pioneer-i/ros2_ws/install/navigation_core/lib/python3.8/site-packages:${PYTHONPATH} /usr/bin/python3 setup.py egg_info --egg-base ../../build/navigation_core build --build-base /home/pioneer-i/ros2_ws/build/navigation_core/build install --record /home/pioneer-i/ros2_ws/build/navigation_core/install.log --install-scripts $base/lib/navigation_core --single-version-externally-managed
