[2.650s] Invoking command in '/home/pioneer-i/ros2_ws/src/locomotion_core': PYTHONPATH=/home/pioneer-i/ros2_ws/build/locomotion_core/prefix_override:/home/pioneer-i/ros2_ws/install/locomotion_core/lib/python3.8/site-packages:${PYTHONPATH} /usr/bin/python3 setup.py egg_info --egg-base ../../build/locomotion_core build --build-base /home/pioneer-i/ros2_ws/build/locomotion_core/build install --record /home/pioneer-i/ros2_ws/build/locomotion_core/install.log --single-version-externally-managed
[3.102s] running egg_info
[3.103s] writing ../../build/locomotion_core/locomotion_core.egg-info/PKG-INFO
[3.104s] writing dependency_links to ../../build/locomotion_core/locomotion_core.egg-info/dependency_links.txt
[3.105s] writing entry points to ../../build/locomotion_core/locomotion_core.egg-info/entry_points.txt
[3.105s] writing requirements to ../../build/locomotion_core/locomotion_core.egg-info/requires.txt
[3.105s] writing top-level names to ../../build/locomotion_core/locomotion_core.egg-info/top_level.txt
[3.171s] reading manifest file '../../build/locomotion_core/locomotion_core.egg-info/SOURCES.txt'
[3.173s] writing manifest file '../../build/locomotion_core/locomotion_core.egg-info/SOURCES.txt'
[3.173s] running build
[3.173s] running build_py
[3.174s] copying locomotion_core/movebase_kinematics.py -> /home/pioneer-i/ros2_ws/build/locomotion_core/build/lib/locomotion_core
[3.174s] running install
[3.176s] running install_lib
[3.178s] copying /home/pioneer-i/ros2_ws/build/locomotion_core/build/lib/locomotion_core/movebase_kinematics.py -> /home/pioneer-i/ros2_ws/install/locomotion_core/lib/python3.8/site-packages/locomotion_core
[3.179s] byte-compiling /home/pioneer-i/ros2_ws/install/locomotion_core/lib/python3.8/site-packages/locomotion_core/movebase_kinematics.py to movebase_kinematics.cpython-38.pyc
[3.182s] running install_data
[3.184s] running install_egg_info
[3.187s] removing '/home/pioneer-i/ros2_ws/install/locomotion_core/lib/python3.8/site-packages/locomotion_core-0.0.0-py3.8.egg-info' (and everything under it)
[3.187s] Copying ../../build/locomotion_core/locomotion_core.egg-info to /home/pioneer-i/ros2_ws/install/locomotion_core/lib/python3.8/site-packages/locomotion_core-0.0.0-py3.8.egg-info
[3.189s] running install_scripts
[3.226s] Installing cmd_roboteq script to /home/pioneer-i/ros2_ws/install/locomotion_core/lib/locomotion_core
[3.226s] Installing movebase_kinematics script to /home/pioneer-i/ros2_ws/install/locomotion_core/lib/locomotion_core
[3.227s] writing list of installed files to '/home/pioneer-i/ros2_ws/build/locomotion_core/install.log'
[3.292s] Invoked command in '/home/pioneer-i/ros2_ws/src/locomotion_core' returned '0': PYTHONPATH=/home/pioneer-i/ros2_ws/build/locomotion_core/prefix_override:/home/pioneer-i/ros2_ws/install/locomotion_core/lib/python3.8/site-packages:${PYTHONPATH} /usr/bin/python3 setup.py egg_info --egg-base ../../build/locomotion_core build --build-base /home/pioneer-i/ros2_ws/build/locomotion_core/build install --record /home/pioneer-i/ros2_ws/build/locomotion_core/install.log --single-version-externally-managed
