[2.499s] Invoking command in '/home/pioneer-i/ros2_ws/src/locomotion_core': PYTHONPATH=/home/pioneer-i/ros2_ws/build/locomotion_core/prefix_override:/home/pioneer-i/ros2_ws/install/locomotion_core/lib/python3.8/site-packages:${PYTHONPATH} /usr/bin/python3 setup.py egg_info --egg-base ../../build/locomotion_core build --build-base /home/pioneer-i/ros2_ws/build/locomotion_core/build install --record /home/pioneer-i/ros2_ws/build/locomotion_core/install.log --single-version-externally-managed
[2.934s] running egg_info
[2.935s] writing ../../build/locomotion_core/locomotion_core.egg-info/PKG-INFO
[2.935s] writing dependency_links to ../../build/locomotion_core/locomotion_core.egg-info/dependency_links.txt
[2.936s] writing entry points to ../../build/locomotion_core/locomotion_core.egg-info/entry_points.txt
[2.936s] writing requirements to ../../build/locomotion_core/locomotion_core.egg-info/requires.txt
[2.936s] writing top-level names to ../../build/locomotion_core/locomotion_core.egg-info/top_level.txt
[3.001s] reading manifest file '../../build/locomotion_core/locomotion_core.egg-info/SOURCES.txt'
[3.002s] writing manifest file '../../build/locomotion_core/locomotion_core.egg-info/SOURCES.txt'
[3.003s] running build
[3.003s] running build_py
[3.003s] running install
[3.007s] running install_lib
[3.011s] running install_data
[3.013s] running install_egg_info
[3.018s] removing '/home/pioneer-i/ros2_ws/install/locomotion_core/lib/python3.8/site-packages/locomotion_core-0.0.0-py3.8.egg-info' (and everything under it)
[3.019s] Copying ../../build/locomotion_core/locomotion_core.egg-info to /home/pioneer-i/ros2_ws/install/locomotion_core/lib/python3.8/site-packages/locomotion_core-0.0.0-py3.8.egg-info
[3.021s] running install_scripts
[3.059s] Installing cmd_roboteq script to /home/pioneer-i/ros2_ws/install/locomotion_core/lib/locomotion_core
[3.060s] Installing movebase_kinematics script to /home/pioneer-i/ros2_ws/install/locomotion_core/lib/locomotion_core
[3.060s] writing list of installed files to '/home/pioneer-i/ros2_ws/build/locomotion_core/install.log'
[3.131s] Invoked command in '/home/pioneer-i/ros2_ws/src/locomotion_core' returned '0': PYTHONPATH=/home/pioneer-i/ros2_ws/build/locomotion_core/prefix_override:/home/pioneer-i/ros2_ws/install/locomotion_core/lib/python3.8/site-packages:${PYTHONPATH} /usr/bin/python3 setup.py egg_info --egg-base ../../build/locomotion_core build --build-base /home/pioneer-i/ros2_ws/build/locomotion_core/build install --record /home/pioneer-i/ros2_ws/build/locomotion_core/install.log --single-version-externally-managed
