[1.501s] Invoking command in '/home/pioneer-i/ros2_ws/build/teleop_twist_joy': CMAKE_PREFIX_PATH=${CMAKE_PREFIX_PATH}:/home/pioneer-i/ros2_ws/install/rsl_roboteq:/home/pioneer-i/ros2_ws/install/navigation_core:/home/pioneer-i/ros2_ws/install/locomotion_core:/opt/ros/foxy /usr/bin/cmake --build /home/pioneer-i/ros2_ws/build/teleop_twist_joy -- -j6 -l6
[1.646s] [ 50%] Built target teleop_twist_joy
[1.731s] [100%] Built target teleop_twist_joy_node
[1.750s] Invoked command in '/home/pioneer-i/ros2_ws/build/teleop_twist_joy' returned '0': CMAKE_PREFIX_PATH=${CMAKE_PREFIX_PATH}:/home/pioneer-i/ros2_ws/install/rsl_roboteq:/home/pioneer-i/ros2_ws/install/navigation_core:/home/pioneer-i/ros2_ws/install/locomotion_core:/opt/ros/foxy /usr/bin/cmake --build /home/pioneer-i/ros2_ws/build/teleop_twist_joy -- -j6 -l6
[1.821s] Invoking command in '/home/pioneer-i/ros2_ws/build/teleop_twist_joy': CMAKE_PREFIX_PATH=${CMAKE_PREFIX_PATH}:/home/pioneer-i/ros2_ws/install/rsl_roboteq:/home/pioneer-i/ros2_ws/install/navigation_core:/home/pioneer-i/ros2_ws/install/locomotion_core:/opt/ros/foxy /usr/bin/cmake --install /home/pioneer-i/ros2_ws/build/teleop_twist_joy
[1.878s] -- Install configuration: ""
[1.879s] -- Up-to-date: /home/pioneer-i/ros2_ws/install/teleop_twist_joy/lib/libteleop_twist_joy.so
[1.879s] -- Up-to-date: /home/pioneer-i/ros2_ws/install/teleop_twist_joy/lib/teleop_twist_joy/teleop_node
[1.880s] -- Up-to-date: /home/pioneer-i/ros2_ws/install/teleop_twist_joy/include
[1.880s] -- Up-to-date: /home/pioneer-i/ros2_ws/install/teleop_twist_joy/include/teleop_twist_joy
[1.881s] -- Up-to-date: /home/pioneer-i/ros2_ws/install/teleop_twist_joy/include/teleop_twist_joy/teleop_twist_joy.hpp
[1.881s] -- Up-to-date: /home/pioneer-i/ros2_ws/install/teleop_twist_joy/include/teleop_twist_joy/teleop_twist_joy_export.h
[1.882s] -- Up-to-date: /home/pioneer-i/ros2_ws/install/teleop_twist_joy/share/teleop_twist_joy/launch
[1.882s] -- Up-to-date: /home/pioneer-i/ros2_ws/install/teleop_twist_joy/share/teleop_twist_joy/launch/teleop-launch.py
[1.883s] -- Up-to-date: /home/pioneer-i/ros2_ws/install/teleop_twist_joy/share/teleop_twist_joy/config
[1.883s] -- Up-to-date: /home/pioneer-i/ros2_ws/install/teleop_twist_joy/share/teleop_twist_joy/config/xd3.config.yaml
[1.887s] -- Up-to-date: /home/pioneer-i/ros2_ws/install/teleop_twist_joy/share/teleop_twist_joy/config/logitech.yaml
[1.888s] -- Up-to-date: /home/pioneer-i/ros2_ws/install/teleop_twist_joy/share/teleop_twist_joy/config/ps3.config.yaml
[1.889s] -- Up-to-date: /home/pioneer-i/ros2_ws/install/teleop_twist_joy/share/teleop_twist_joy/config/ps3-holonomic.config.yaml
[1.889s] -- Up-to-date: /home/pioneer-i/ros2_ws/install/teleop_twist_joy/share/teleop_twist_joy/config/atk3.config.yaml
[1.890s] -- Up-to-date: /home/pioneer-i/ros2_ws/install/teleop_twist_joy/share/teleop_twist_joy/config/xbox.config.yaml
[1.890s] -- Up-to-date: /home/pioneer-i/ros2_ws/install/teleop_twist_joy/share/teleop_twist_joy/environment/library_path.sh
[1.891s] -- Up-to-date: /home/pioneer-i/ros2_ws/install/teleop_twist_joy/share/teleop_twist_joy/environment/library_path.dsv
[1.891s] -- Up-to-date: /home/pioneer-i/ros2_ws/install/teleop_twist_joy/share/ament_index/resource_index/package_run_dependencies/teleop_twist_joy
[1.893s] -- Up-to-date: /home/pioneer-i/ros2_ws/install/teleop_twist_joy/share/ament_index/resource_index/parent_prefix_path/teleop_twist_joy
[1.896s] -- Up-to-date: /home/pioneer-i/ros2_ws/install/teleop_twist_joy/share/teleop_twist_joy/environment/ament_prefix_path.sh
[1.897s] -- Up-to-date: /home/pioneer-i/ros2_ws/install/teleop_twist_joy/share/teleop_twist_joy/environment/ament_prefix_path.dsv
[1.898s] -- Up-to-date: /home/pioneer-i/ros2_ws/install/teleop_twist_joy/share/teleop_twist_joy/environment/path.sh
[1.898s] -- Up-to-date: /home/pioneer-i/ros2_ws/install/teleop_twist_joy/share/teleop_twist_joy/environment/path.dsv
[1.899s] -- Up-to-date: /home/pioneer-i/ros2_ws/install/teleop_twist_joy/share/teleop_twist_joy/local_setup.bash
[1.900s] -- Up-to-date: /home/pioneer-i/ros2_ws/install/teleop_twist_joy/share/teleop_twist_joy/local_setup.sh
[1.900s] -- Up-to-date: /home/pioneer-i/ros2_ws/install/teleop_twist_joy/share/teleop_twist_joy/local_setup.zsh
[1.901s] -- Up-to-date: /home/pioneer-i/ros2_ws/install/teleop_twist_joy/share/teleop_twist_joy/local_setup.dsv
[1.901s] -- Installing: /home/pioneer-i/ros2_ws/install/teleop_twist_joy/share/teleop_twist_joy/package.dsv
[1.902s] -- Up-to-date: /home/pioneer-i/ros2_ws/install/teleop_twist_joy/share/ament_index/resource_index/packages/teleop_twist_joy
[1.902s] -- Up-to-date: /home/pioneer-i/ros2_ws/install/teleop_twist_joy/share/ament_index/resource_index/rclcpp_components/teleop_twist_joy
[1.902s] -- Up-to-date: /home/pioneer-i/ros2_ws/install/teleop_twist_joy/share/teleop_twist_joy/cmake/ament_cmake_export_include_directories-extras.cmake
[1.902s] -- Up-to-date: /home/pioneer-i/ros2_ws/install/teleop_twist_joy/share/teleop_twist_joy/cmake/ament_cmake_export_libraries-extras.cmake
[1.902s] -- Up-to-date: /home/pioneer-i/ros2_ws/install/teleop_twist_joy/share/teleop_twist_joy/cmake/teleop_twist_joyConfig.cmake
[1.902s] -- Up-to-date: /home/pioneer-i/ros2_ws/install/teleop_twist_joy/share/teleop_twist_joy/cmake/teleop_twist_joyConfig-version.cmake
[1.903s] -- Up-to-date: /home/pioneer-i/ros2_ws/install/teleop_twist_joy/share/teleop_twist_joy/package.xml
[1.903s] Invoked command in '/home/pioneer-i/ros2_ws/build/teleop_twist_joy' returned '0': CMAKE_PREFIX_PATH=${CMAKE_PREFIX_PATH}:/home/pioneer-i/ros2_ws/install/rsl_roboteq:/home/pioneer-i/ros2_ws/install/navigation_core:/home/pioneer-i/ros2_ws/install/locomotion_core:/opt/ros/foxy /usr/bin/cmake --install /home/pioneer-i/ros2_ws/build/teleop_twist_joy
