[2.614s] Invoking command in '/home/pioneer-i/ros2_ws/src/navigation_core': PYTHONPATH=/home/pioneer-i/ros2_ws/build/navigation_core/prefix_override:/home/pioneer-i/ros2_ws/install/navigation_core/lib/python3.8/site-packages:${PYTHONPATH} /usr/bin/python3 setup.py egg_info --egg-base ../../build/navigation_core build --build-base /home/pioneer-i/ros2_ws/build/navigation_core/build install --record /home/pioneer-i/ros2_ws/build/navigation_core/install.log --install-scripts $base/lib/navigation_core --single-version-externally-managed
[3.042s] running egg_info
[3.043s] writing ../../build/navigation_core/navigation_core.egg-info/PKG-INFO
[3.044s] writing dependency_links to ../../build/navigation_core/navigation_core.egg-info/dependency_links.txt
[3.045s] writing entry points to ../../build/navigation_core/navigation_core.egg-info/entry_points.txt
[3.045s] writing requirements to ../../build/navigation_core/navigation_core.egg-info/requires.txt
[3.045s] writing top-level names to ../../build/navigation_core/navigation_core.egg-info/top_level.txt
[3.113s] reading manifest file '../../build/navigation_core/navigation_core.egg-info/SOURCES.txt'
[3.115s] writing manifest file '../../build/navigation_core/navigation_core.egg-info/SOURCES.txt'
[3.116s] running build
[3.116s] running build_py
[3.116s] copying navigation_core/process_scan.py -> /home/pioneer-i/ros2_ws/build/navigation_core/build/lib/navigation_core
[3.116s] running install
[3.118s] running install_lib
[3.120s] copying /home/pioneer-i/ros2_ws/build/navigation_core/build/lib/navigation_core/process_scan.py -> /home/pioneer-i/ros2_ws/install/navigation_core/lib/python3.8/site-packages/navigation_core
[3.121s] byte-compiling /home/pioneer-i/ros2_ws/install/navigation_core/lib/python3.8/site-packages/navigation_core/process_scan.py to process_scan.cpython-38.pyc
[3.124s] running install_data
[3.125s] running install_egg_info
[3.129s] removing '/home/pioneer-i/ros2_ws/install/navigation_core/lib/python3.8/site-packages/navigation_core-0.0.0-py3.8.egg-info' (and everything under it)
[3.129s] Copying ../../build/navigation_core/navigation_core.egg-info to /home/pioneer-i/ros2_ws/install/navigation_core/lib/python3.8/site-packages/navigation_core-0.0.0-py3.8.egg-info
[3.132s] running install_scripts
[3.169s] Installing lidar_node script to /home/pioneer-i/ros2_ws/install/navigation_core/lib/navigation_core
[3.169s] writing list of installed files to '/home/pioneer-i/ros2_ws/build/navigation_core/install.log'
[3.272s] Invoked command in '/home/pioneer-i/ros2_ws/src/navigation_core' returned '0': PYTHONPATH=/home/pioneer-i/ros2_ws/build/navigation_core/prefix_override:/home/pioneer-i/ros2_ws/install/navigation_core/lib/python3.8/site-packages:${PYTHONPATH} /usr/bin/python3 setup.py egg_info --egg-base ../../build/navigation_core build --build-base /home/pioneer-i/ros2_ws/build/navigation_core/build install --record /home/pioneer-i/ros2_ws/build/navigation_core/install.log --install-scripts $base/lib/navigation_core --single-version-externally-managed
