[2.596s] Invoking command in '/home/pioneer-i/ros2_ws/src/navigation_core': PYTHONPATH=/home/pioneer-i/ros2_ws/build/navigation_core/prefix_override:/home/pioneer-i/ros2_ws/install/navigation_core/lib/python3.8/site-packages:${PYTHONPATH} /usr/bin/python3 setup.py egg_info --egg-base ../../build/navigation_core build --build-base /home/pioneer-i/ros2_ws/build/navigation_core/build install --record /home/pioneer-i/ros2_ws/build/navigation_core/install.log --install-scripts $base/lib/navigation_core --single-version-externally-managed
[2.934s] running egg_info
[2.935s] writing ../../build/navigation_core/navigation_core.egg-info/PKG-INFO
[2.936s] writing dependency_links to ../../build/navigation_core/navigation_core.egg-info/dependency_links.txt
[2.936s] writing entry points to ../../build/navigation_core/navigation_core.egg-info/entry_points.txt
[2.937s] writing requirements to ../../build/navigation_core/navigation_core.egg-info/requires.txt
[2.937s] writing top-level names to ../../build/navigation_core/navigation_core.egg-info/top_level.txt
[3.001s] reading manifest file '../../build/navigation_core/navigation_core.egg-info/SOURCES.txt'
[3.002s] writing manifest file '../../build/navigation_core/navigation_core.egg-info/SOURCES.txt'
[3.003s] running build
[3.003s] running build_py
[3.003s] copying navigation_core/process_scan.py -> /home/pioneer-i/ros2_ws/build/navigation_core/build/lib/navigation_core
[3.003s] running install
[3.005s] running install_lib
[3.007s] copying /home/pioneer-i/ros2_ws/build/navigation_core/build/lib/navigation_core/process_scan.py -> /home/pioneer-i/ros2_ws/install/navigation_core/lib/python3.8/site-packages/navigation_core
[3.009s] byte-compiling /home/pioneer-i/ros2_ws/install/navigation_core/lib/python3.8/site-packages/navigation_core/process_scan.py to process_scan.cpython-38.pyc
[3.012s] running install_data
[3.013s] running install_egg_info
[3.016s] removing '/home/pioneer-i/ros2_ws/install/navigation_core/lib/python3.8/site-packages/navigation_core-0.0.0-py3.8.egg-info' (and everything under it)
[3.017s] Copying ../../build/navigation_core/navigation_core.egg-info to /home/pioneer-i/ros2_ws/install/navigation_core/lib/python3.8/site-packages/navigation_core-0.0.0-py3.8.egg-info
[3.019s] running install_scripts
[3.056s] Installing lidar_node script to /home/pioneer-i/ros2_ws/install/navigation_core/lib/navigation_core
[3.057s] writing list of installed files to '/home/pioneer-i/ros2_ws/build/navigation_core/install.log'
[3.123s] Invoked command in '/home/pioneer-i/ros2_ws/src/navigation_core' returned '0': PYTHONPATH=/home/pioneer-i/ros2_ws/build/navigation_core/prefix_override:/home/pioneer-i/ros2_ws/install/navigation_core/lib/python3.8/site-packages:${PYTHONPATH} /usr/bin/python3 setup.py egg_info --egg-base ../../build/navigation_core build --build-base /home/pioneer-i/ros2_ws/build/navigation_core/build install --record /home/pioneer-i/ros2_ws/build/navigation_core/install.log --install-scripts $base/lib/navigation_core --single-version-externally-managed
