[4.057s] Invoking command in '/home/pioneer-i/ros2_ws/src/navigation_core': PYTHONPATH=/home/pioneer-i/ros2_ws/build/navigation_core/prefix_override:/home/pioneer-i/ros2_ws/install/navigation_core/lib/python3.8/site-packages:${PYTHONPATH} /usr/bin/python3 setup.py egg_info --egg-base ../../build/navigation_core build --build-base /home/pioneer-i/ros2_ws/build/navigation_core/build install --record /home/pioneer-i/ros2_ws/build/navigation_core/install.log --install-scripts $base/lib/navigation_core --single-version-externally-managed
[4.497s] running egg_info
[4.498s] writing ../../build/navigation_core/navigation_core.egg-info/PKG-INFO
[4.499s] writing dependency_links to ../../build/navigation_core/navigation_core.egg-info/dependency_links.txt
[4.500s] writing entry points to ../../build/navigation_core/navigation_core.egg-info/entry_points.txt
[4.500s] writing requirements to ../../build/navigation_core/navigation_core.egg-info/requires.txt
[4.500s] writing top-level names to ../../build/navigation_core/navigation_core.egg-info/top_level.txt
[4.712s] reading manifest file '../../build/navigation_core/navigation_core.egg-info/SOURCES.txt'
[4.851s] writing manifest file '../../build/navigation_core/navigation_core.egg-info/SOURCES.txt'
[4.852s] running build
[4.852s] running build_py
[4.852s] running install
[4.853s] running install_lib
[4.856s] running install_data
[4.857s] running install_egg_info
[4.861s] removing '/home/pioneer-i/ros2_ws/install/navigation_core/lib/python3.8/site-packages/navigation_core-0.0.0-py3.8.egg-info' (and everything under it)
[4.861s] Copying ../../build/navigation_core/navigation_core.egg-info to /home/pioneer-i/ros2_ws/install/navigation_core/lib/python3.8/site-packages/navigation_core-0.0.0-py3.8.egg-info
[4.865s] running install_scripts
[4.902s] Installing lidar_node script to /home/pioneer-i/ros2_ws/install/navigation_core/lib/navigation_core
[4.903s] writing list of installed files to '/home/pioneer-i/ros2_ws/build/navigation_core/install.log'
[4.996s] Invoked command in '/home/pioneer-i/ros2_ws/src/navigation_core' returned '0': PYTHONPATH=/home/pioneer-i/ros2_ws/build/navigation_core/prefix_override:/home/pioneer-i/ros2_ws/install/navigation_core/lib/python3.8/site-packages:${PYTHONPATH} /usr/bin/python3 setup.py egg_info --egg-base ../../build/navigation_core build --build-base /home/pioneer-i/ros2_ws/build/navigation_core/build install --record /home/pioneer-i/ros2_ws/build/navigation_core/install.log --install-scripts $base/lib/navigation_core --single-version-externally-managed
