[1.054s] Invoking command in '/home/pioneer-i/ros2_ws/build/rplidar_ros': CMAKE_PREFIX_PATH=${CMAKE_PREFIX_PATH}:/home/pioneer-i/ros2_ws/install/rsl_roboteq:/home/pioneer-i/ros2_ws/install/navigation_core:/home/pioneer-i/ros2_ws/install/locomotion_core:/opt/ros/foxy /usr/bin/cmake --build /home/pioneer-i/ros2_ws/build/rplidar_ros -- -j6 -l6
[1.548s] [ 26%] Built target rplidar_client
[1.549s] [100%] Built target rplidar_node
[1.549s] [100%] Built target rplidar_composition
[1.559s] Invoked command in '/home/pioneer-i/ros2_ws/build/rplidar_ros' returned '0': CMAKE_PREFIX_PATH=${CMAKE_PREFIX_PATH}:/home/pioneer-i/ros2_ws/install/rsl_roboteq:/home/pioneer-i/ros2_ws/install/navigation_core:/home/pioneer-i/ros2_ws/install/locomotion_core:/opt/ros/foxy /usr/bin/cmake --build /home/pioneer-i/ros2_ws/build/rplidar_ros -- -j6 -l6
[1.676s] Invoking command in '/home/pioneer-i/ros2_ws/build/rplidar_ros': CMAKE_PREFIX_PATH=${CMAKE_PREFIX_PATH}:/home/pioneer-i/ros2_ws/install/rsl_roboteq:/home/pioneer-i/ros2_ws/install/navigation_core:/home/pioneer-i/ros2_ws/install/locomotion_core:/opt/ros/foxy /usr/bin/cmake --install /home/pioneer-i/ros2_ws/build/rplidar_ros
[1.699s] -- Install configuration: ""
[1.699s] -- Up-to-date: /home/pioneer-i/ros2_ws/install/rplidar_ros/share/rplidar_ros/launch
[1.699s] -- Up-to-date: /home/pioneer-i/ros2_ws/install/rplidar_ros/share/rplidar_ros/launch/view_rplidar_a2m12_launch.py
[1.699s] -- Up-to-date: /home/pioneer-i/ros2_ws/install/rplidar_ros/share/rplidar_ros/launch/view_rplidar_s2e_launch.py
[1.700s] -- Up-to-date: /home/pioneer-i/ros2_ws/install/rplidar_ros/share/rplidar_ros/launch/rplidar_a2m12_launch.py
[1.700s] -- Up-to-date: /home/pioneer-i/ros2_ws/install/rplidar_ros/share/rplidar_ros/launch/rplidar_a1_launch.py
[1.700s] -- Up-to-date: /home/pioneer-i/ros2_ws/install/rplidar_ros/share/rplidar_ros/launch/rplidar_s1_tcp_launch.py
[1.700s] -- Up-to-date: /home/pioneer-i/ros2_ws/install/rplidar_ros/share/rplidar_ros/launch/rplidar_a2m8_launch.py
[1.700s] -- Up-to-date: /home/pioneer-i/ros2_ws/install/rplidar_ros/share/rplidar_ros/launch/rplidar_s2e_launch.py
[1.701s] -- Up-to-date: /home/pioneer-i/ros2_ws/install/rplidar_ros/share/rplidar_ros/launch/rplidar_s3_launch.py
[1.701s] -- Up-to-date: /home/pioneer-i/ros2_ws/install/rplidar_ros/share/rplidar_ros/launch/rplidar_t1_launch.py
[1.701s] -- Up-to-date: /home/pioneer-i/ros2_ws/install/rplidar_ros/share/rplidar_ros/launch/rplidar_s1_launch.py
[1.701s] -- Up-to-date: /home/pioneer-i/ros2_ws/install/rplidar_ros/share/rplidar_ros/launch/view_rplidar_s3_launch.py
[1.701s] -- Up-to-date: /home/pioneer-i/ros2_ws/install/rplidar_ros/share/rplidar_ros/launch/view_rplidar_a2m7_launch.py
[1.702s] -- Up-to-date: /home/pioneer-i/ros2_ws/install/rplidar_ros/share/rplidar_ros/launch/view_rplidar_a2m8_launch.py
[1.702s] -- Up-to-date: /home/pioneer-i/ros2_ws/install/rplidar_ros/share/rplidar_ros/launch/rplidar_a2m7_launch.py
[1.702s] -- Up-to-date: /home/pioneer-i/ros2_ws/install/rplidar_ros/share/rplidar_ros/launch/rplidar_s2_launch.py
[1.702s] -- Up-to-date: /home/pioneer-i/ros2_ws/install/rplidar_ros/share/rplidar_ros/launch/view_rplidar_s1_launch.py
[1.702s] -- Up-to-date: /home/pioneer-i/ros2_ws/install/rplidar_ros/share/rplidar_ros/launch/view_rplidar_t1_launch.py
[1.702s] -- Up-to-date: /home/pioneer-i/ros2_ws/install/rplidar_ros/share/rplidar_ros/launch/view_rplidar_s1_tcp_launch.py
[1.702s] -- Up-to-date: /home/pioneer-i/ros2_ws/install/rplidar_ros/share/rplidar_ros/launch/view_rplidar_a1_launch.py
[1.703s] -- Up-to-date: /home/pioneer-i/ros2_ws/install/rplidar_ros/share/rplidar_ros/launch/rplidar_a3_launch.py
[1.703s] -- Up-to-date: /home/pioneer-i/ros2_ws/install/rplidar_ros/share/rplidar_ros/launch/view_rplidar_a3_launch.py
[1.703s] -- Up-to-date: /home/pioneer-i/ros2_ws/install/rplidar_ros/share/rplidar_ros/launch/view_rplidar_s2_launch.py
[1.703s] -- Up-to-date: /home/pioneer-i/ros2_ws/install/rplidar_ros/share/rplidar_ros/rviz
[1.703s] -- Up-to-date: /home/pioneer-i/ros2_ws/install/rplidar_ros/share/rplidar_ros/rviz/rplidar_ros.rviz
[1.703s] -- Up-to-date: /home/pioneer-i/ros2_ws/install/rplidar_ros/lib/rplidar_ros/rplidar_node
[1.703s] -- Up-to-date: /home/pioneer-i/ros2_ws/install/rplidar_ros/lib/rplidar_ros/rplidar_composition
[1.704s] -- Up-to-date: /home/pioneer-i/ros2_ws/install/rplidar_ros/lib/rplidar_ros/rplidar_client
[1.705s] -- Up-to-date: /home/pioneer-i/ros2_ws/install/rplidar_ros/share/ament_index/resource_index/package_run_dependencies/rplidar_ros
[1.705s] -- Up-to-date: /home/pioneer-i/ros2_ws/install/rplidar_ros/share/ament_index/resource_index/parent_prefix_path/rplidar_ros
[1.705s] -- Up-to-date: /home/pioneer-i/ros2_ws/install/rplidar_ros/share/rplidar_ros/environment/ament_prefix_path.sh
[1.706s] -- Up-to-date: /home/pioneer-i/ros2_ws/install/rplidar_ros/share/rplidar_ros/environment/ament_prefix_path.dsv
[1.706s] -- Up-to-date: /home/pioneer-i/ros2_ws/install/rplidar_ros/share/rplidar_ros/environment/path.sh
[1.706s] -- Up-to-date: /home/pioneer-i/ros2_ws/install/rplidar_ros/share/rplidar_ros/environment/path.dsv
[1.708s] -- Up-to-date: /home/pioneer-i/ros2_ws/install/rplidar_ros/share/rplidar_ros/local_setup.bash
[1.708s] -- Up-to-date: /home/pioneer-i/ros2_ws/install/rplidar_ros/share/rplidar_ros/local_setup.sh
[1.709s] -- Up-to-date: /home/pioneer-i/ros2_ws/install/rplidar_ros/share/rplidar_ros/local_setup.zsh
[1.709s] -- Up-to-date: /home/pioneer-i/ros2_ws/install/rplidar_ros/share/rplidar_ros/local_setup.dsv
[1.710s] -- Installing: /home/pioneer-i/ros2_ws/install/rplidar_ros/share/rplidar_ros/package.dsv
[1.710s] -- Up-to-date: /home/pioneer-i/ros2_ws/install/rplidar_ros/share/ament_index/resource_index/packages/rplidar_ros
[1.712s] -- Up-to-date: /home/pioneer-i/ros2_ws/install/rplidar_ros/share/rplidar_ros/cmake/ament_cmake_export_dependencies-extras.cmake
[1.713s] -- Up-to-date: /home/pioneer-i/ros2_ws/install/rplidar_ros/share/rplidar_ros/cmake/ament_cmake_export_include_directories-extras.cmake
[1.714s] -- Up-to-date: /home/pioneer-i/ros2_ws/install/rplidar_ros/share/rplidar_ros/cmake/rplidar_rosConfig.cmake
[1.716s] -- Up-to-date: /home/pioneer-i/ros2_ws/install/rplidar_ros/share/rplidar_ros/cmake/rplidar_rosConfig-version.cmake
[1.716s] -- Up-to-date: /home/pioneer-i/ros2_ws/install/rplidar_ros/share/rplidar_ros/package.xml
[1.757s] Invoked command in '/home/pioneer-i/ros2_ws/build/rplidar_ros' returned '0': CMAKE_PREFIX_PATH=${CMAKE_PREFIX_PATH}:/home/pioneer-i/ros2_ws/install/rsl_roboteq:/home/pioneer-i/ros2_ws/install/navigation_core:/home/pioneer-i/ros2_ws/install/locomotion_core:/opt/ros/foxy /usr/bin/cmake --install /home/pioneer-i/ros2_ws/build/rplidar_ros
