running egg_info
creating ../../build/locomotion_core/locomotion_core.egg-info
writing ../../build/locomotion_core/locomotion_core.egg-info/PKG-INFO
writing dependency_links to ../../build/locomotion_core/locomotion_core.egg-info/dependency_links.txt
writing entry points to ../../build/locomotion_core/locomotion_core.egg-info/entry_points.txt
writing requirements to ../../build/locomotion_core/locomotion_core.egg-info/requires.txt
writing top-level names to ../../build/locomotion_core/locomotion_core.egg-info/top_level.txt
writing manifest file '../../build/locomotion_core/locomotion_core.egg-info/SOURCES.txt'
reading manifest file '../../build/locomotion_core/locomotion_core.egg-info/SOURCES.txt'
writing manifest file '../../build/locomotion_core/locomotion_core.egg-info/SOURCES.txt'
running build
running build_py
creating /home/pioneer-i/ros2_ws/build/locomotion_core/build
creating /home/pioneer-i/ros2_ws/build/locomotion_core/build/lib
creating /home/pioneer-i/ros2_ws/build/locomotion_core/build/lib/locomotion_core
copying locomotion_core/cmd_roboteq2.py -> /home/pioneer-i/ros2_ws/build/locomotion_core/build/lib/locomotion_core
copying locomotion_core/__init__.py -> /home/pioneer-i/ros2_ws/build/locomotion_core/build/lib/locomotion_core
copying locomotion_core/movebase_kinematics.py -> /home/pioneer-i/ros2_ws/build/locomotion_core/build/lib/locomotion_core
copying locomotion_core/cmd_roboteq.py -> /home/pioneer-i/ros2_ws/build/locomotion_core/build/lib/locomotion_core
running install
running install_lib
creating /home/pioneer-i/ros2_ws/install/locomotion_core/lib/python3.8/site-packages/locomotion_core
copying /home/pioneer-i/ros2_ws/build/locomotion_core/build/lib/locomotion_core/cmd_roboteq2.py -> /home/pioneer-i/ros2_ws/install/locomotion_core/lib/python3.8/site-packages/locomotion_core
copying /home/pioneer-i/ros2_ws/build/locomotion_core/build/lib/locomotion_core/__init__.py -> /home/pioneer-i/ros2_ws/install/locomotion_core/lib/python3.8/site-packages/locomotion_core
copying /home/pioneer-i/ros2_ws/build/locomotion_core/build/lib/locomotion_core/movebase_kinematics.py -> /home/pioneer-i/ros2_ws/install/locomotion_core/lib/python3.8/site-packages/locomotion_core
copying /home/pioneer-i/ros2_ws/build/locomotion_core/build/lib/locomotion_core/cmd_roboteq.py -> /home/pioneer-i/ros2_ws/install/locomotion_core/lib/python3.8/site-packages/locomotion_core
byte-compiling /home/pioneer-i/ros2_ws/install/locomotion_core/lib/python3.8/site-packages/locomotion_core/cmd_roboteq2.py to cmd_roboteq2.cpython-38.pyc
byte-compiling /home/pioneer-i/ros2_ws/install/locomotion_core/lib/python3.8/site-packages/locomotion_core/__init__.py to __init__.cpython-38.pyc
byte-compiling /home/pioneer-i/ros2_ws/install/locomotion_core/lib/python3.8/site-packages/locomotion_core/movebase_kinematics.py to movebase_kinematics.cpython-38.pyc
byte-compiling /home/pioneer-i/ros2_ws/install/locomotion_core/lib/python3.8/site-packages/locomotion_core/cmd_roboteq.py to cmd_roboteq.cpython-38.pyc
running install_data
creating /home/pioneer-i/ros2_ws/install/locomotion_core/share/ament_index
creating /home/pioneer-i/ros2_ws/install/locomotion_core/share/ament_index/resource_index
creating /home/pioneer-i/ros2_ws/install/locomotion_core/share/ament_index/resource_index/packages
copying resource/locomotion_core -> /home/pioneer-i/ros2_ws/install/locomotion_core/share/ament_index/resource_index/packages
copying package.xml -> /home/pioneer-i/ros2_ws/install/locomotion_core/share/locomotion_core
running install_egg_info
Copying ../../build/locomotion_core/locomotion_core.egg-info to /home/pioneer-i/ros2_ws/install/locomotion_core/lib/python3.8/site-packages/locomotion_core-0.0.0-py3.8.egg-info
running install_scripts
Installing cmd_roboteq script to /home/pioneer-i/ros2_ws/install/locomotion_core/lib/locomotion_core
Installing cmd_roboteq2 script to /home/pioneer-i/ros2_ws/install/locomotion_core/lib/locomotion_core
Installing movebase_kinematics script to /home/pioneer-i/ros2_ws/install/locomotion_core/lib/locomotion_core
writing list of installed files to '/home/pioneer-i/ros2_ws/build/locomotion_core/install.log'
