[2.520s] Invoking command in '/home/pioneer-i/ros2_ws/src/navigation_core': PYTHONPATH=/home/pioneer-i/ros2_ws/build/navigation_core/prefix_override:/home/pioneer-i/ros2_ws/install/navigation_core/lib/python3.8/site-packages:${PYTHONPATH} /usr/bin/python3 setup.py egg_info --egg-base ../../build/navigation_core build --build-base /home/pioneer-i/ros2_ws/build/navigation_core/build install --record /home/pioneer-i/ros2_ws/build/navigation_core/install.log --install-scripts $base/lib/navigation_core --single-version-externally-managed
[2.957s] running egg_info
[2.959s] writing ../../build/navigation_core/navigation_core.egg-info/PKG-INFO
[2.959s] writing dependency_links to ../../build/navigation_core/navigation_core.egg-info/dependency_links.txt
[2.960s] writing entry points to ../../build/navigation_core/navigation_core.egg-info/entry_points.txt
[2.960s] writing requirements to ../../build/navigation_core/navigation_core.egg-info/requires.txt
[2.960s] writing top-level names to ../../build/navigation_core/navigation_core.egg-info/top_level.txt
[3.049s] reading manifest file '../../build/navigation_core/navigation_core.egg-info/SOURCES.txt'
[3.049s] writing manifest file '../../build/navigation_core/navigation_core.egg-info/SOURCES.txt'
[3.049s] running build
[3.050s] running build_py
[3.050s] running install
[3.050s] running install_lib
[3.050s] running install_data
[3.051s] running install_egg_info
[3.051s] removing '/home/pioneer-i/ros2_ws/install/navigation_core/lib/python3.8/site-packages/navigation_core-0.0.0-py3.8.egg-info' (and everything under it)
[3.051s] Copying ../../build/navigation_core/navigation_core.egg-info to /home/pioneer-i/ros2_ws/install/navigation_core/lib/python3.8/site-packages/navigation_core-0.0.0-py3.8.egg-info
[3.051s] running install_scripts
[3.081s] Installing lidar_node script to /home/pioneer-i/ros2_ws/install/navigation_core/lib/navigation_core
[3.082s] writing list of installed files to '/home/pioneer-i/ros2_ws/build/navigation_core/install.log'
[3.204s] Invoked command in '/home/pioneer-i/ros2_ws/src/navigation_core' returned '0': PYTHONPATH=/home/pioneer-i/ros2_ws/build/navigation_core/prefix_override:/home/pioneer-i/ros2_ws/install/navigation_core/lib/python3.8/site-packages:${PYTHONPATH} /usr/bin/python3 setup.py egg_info --egg-base ../../build/navigation_core build --build-base /home/pioneer-i/ros2_ws/build/navigation_core/build install --record /home/pioneer-i/ros2_ws/build/navigation_core/install.log --install-scripts $base/lib/navigation_core --single-version-externally-managed
