[2.536s] Invoking command in '/home/pioneer-i/ros2_ws/src/navigation_core': PYTHONPATH=/home/pioneer-i/ros2_ws/build/navigation_core/prefix_override:/home/pioneer-i/ros2_ws/install/navigation_core/lib/python3.8/site-packages:${PYTHONPATH} /usr/bin/python3 setup.py egg_info --egg-base ../../build/navigation_core build --build-base /home/pioneer-i/ros2_ws/build/navigation_core/build install --record /home/pioneer-i/ros2_ws/build/navigation_core/install.log --install-scripts $base/lib/navigation_core --single-version-externally-managed
[2.968s] running egg_info
[2.969s] writing ../../build/navigation_core/navigation_core.egg-info/PKG-INFO
[2.970s] writing dependency_links to ../../build/navigation_core/navigation_core.egg-info/dependency_links.txt
[2.970s] writing entry points to ../../build/navigation_core/navigation_core.egg-info/entry_points.txt
[2.971s] writing requirements to ../../build/navigation_core/navigation_core.egg-info/requires.txt
[2.971s] writing top-level names to ../../build/navigation_core/navigation_core.egg-info/top_level.txt
[3.040s] reading manifest file '../../build/navigation_core/navigation_core.egg-info/SOURCES.txt'
[3.042s] writing manifest file '../../build/navigation_core/navigation_core.egg-info/SOURCES.txt'
[3.042s] running build
[3.042s] running build_py
[3.042s] running install
[3.045s] running install_lib
[3.047s] running install_data
[3.048s] running install_egg_info
[3.052s] removing '/home/pioneer-i/ros2_ws/install/navigation_core/lib/python3.8/site-packages/navigation_core-0.0.0-py3.8.egg-info' (and everything under it)
[3.052s] Copying ../../build/navigation_core/navigation_core.egg-info to /home/pioneer-i/ros2_ws/install/navigation_core/lib/python3.8/site-packages/navigation_core-0.0.0-py3.8.egg-info
[3.055s] running install_scripts
[3.091s] Installing lidar_node script to /home/pioneer-i/ros2_ws/install/navigation_core/lib/navigation_core
[3.092s] writing list of installed files to '/home/pioneer-i/ros2_ws/build/navigation_core/install.log'
[3.190s] Invoked command in '/home/pioneer-i/ros2_ws/src/navigation_core' returned '0': PYTHONPATH=/home/pioneer-i/ros2_ws/build/navigation_core/prefix_override:/home/pioneer-i/ros2_ws/install/navigation_core/lib/python3.8/site-packages:${PYTHONPATH} /usr/bin/python3 setup.py egg_info --egg-base ../../build/navigation_core build --build-base /home/pioneer-i/ros2_ws/build/navigation_core/build install --record /home/pioneer-i/ros2_ws/build/navigation_core/install.log --install-scripts $base/lib/navigation_core --single-version-externally-managed
