[1.494s] Invoking command in '/home/pioneer-i/ros2_ws/src/locomotion_core': PYTHONPATH=/home/pioneer-i/ros2_ws/build/locomotion_core/prefix_override:/home/pioneer-i/ros2_ws/install/locomotion_core/lib/python3.8/site-packages:${PYTHONPATH} /usr/bin/python3 setup.py egg_info --egg-base ../../build/locomotion_core build --build-base /home/pioneer-i/ros2_ws/build/locomotion_core/build install --record /home/pioneer-i/ros2_ws/build/locomotion_core/install.log --single-version-externally-managed
[1.916s] running egg_info
[1.917s] writing ../../build/locomotion_core/locomotion_core.egg-info/PKG-INFO
[1.918s] writing dependency_links to ../../build/locomotion_core/locomotion_core.egg-info/dependency_links.txt
[1.918s] writing entry points to ../../build/locomotion_core/locomotion_core.egg-info/entry_points.txt
[1.919s] writing requirements to ../../build/locomotion_core/locomotion_core.egg-info/requires.txt
[1.919s] writing top-level names to ../../build/locomotion_core/locomotion_core.egg-info/top_level.txt
[1.982s] reading manifest file '../../build/locomotion_core/locomotion_core.egg-info/SOURCES.txt'
[1.983s] writing manifest file '../../build/locomotion_core/locomotion_core.egg-info/SOURCES.txt'
[1.984s] running build
[1.984s] running build_py
[1.985s] copying locomotion_core/cmd_roboteq.py -> /home/pioneer-i/ros2_ws/build/locomotion_core/build/lib/locomotion_core
[1.985s] running install
[1.986s] running install_lib
[1.988s] copying /home/pioneer-i/ros2_ws/build/locomotion_core/build/lib/locomotion_core/cmd_roboteq.py -> /home/pioneer-i/ros2_ws/install/locomotion_core/lib/python3.8/site-packages/locomotion_core
[1.990s] byte-compiling /home/pioneer-i/ros2_ws/install/locomotion_core/lib/python3.8/site-packages/locomotion_core/cmd_roboteq.py to cmd_roboteq.cpython-38.pyc
[1.992s] running install_data
[1.993s] running install_egg_info
[1.997s] removing '/home/pioneer-i/ros2_ws/install/locomotion_core/lib/python3.8/site-packages/locomotion_core-0.0.0-py3.8.egg-info' (and everything under it)
[1.997s] Copying ../../build/locomotion_core/locomotion_core.egg-info to /home/pioneer-i/ros2_ws/install/locomotion_core/lib/python3.8/site-packages/locomotion_core-0.0.0-py3.8.egg-info
[1.999s] running install_scripts
[2.033s] Installing cmd_roboteq script to /home/pioneer-i/ros2_ws/install/locomotion_core/lib/locomotion_core
[2.034s] Installing movebase_kinematics script to /home/pioneer-i/ros2_ws/install/locomotion_core/lib/locomotion_core
[2.034s] writing list of installed files to '/home/pioneer-i/ros2_ws/build/locomotion_core/install.log'
[2.098s] Invoked command in '/home/pioneer-i/ros2_ws/src/locomotion_core' returned '0': PYTHONPATH=/home/pioneer-i/ros2_ws/build/locomotion_core/prefix_override:/home/pioneer-i/ros2_ws/install/locomotion_core/lib/python3.8/site-packages:${PYTHONPATH} /usr/bin/python3 setup.py egg_info --egg-base ../../build/locomotion_core build --build-base /home/pioneer-i/ros2_ws/build/locomotion_core/build install --record /home/pioneer-i/ros2_ws/build/locomotion_core/install.log --single-version-externally-managed
