[2.477s] Invoking command in '/home/pioneer-i/ros2_ws/src/rsl_roboteq': PYTHONPATH=/home/pioneer-i/ros2_ws/build/rsl_roboteq/prefix_override:/home/pioneer-i/ros2_ws/install/rsl_roboteq/lib/python3.8/site-packages:${PYTHONPATH} /usr/bin/python3 setup.py egg_info --egg-base ../../build/rsl_roboteq build --build-base /home/pioneer-i/ros2_ws/build/rsl_roboteq/build install --record /home/pioneer-i/ros2_ws/build/rsl_roboteq/install.log --single-version-externally-managed
[2.922s] running egg_info
[2.923s] writing ../../build/rsl_roboteq/rsl_roboteq.egg-info/PKG-INFO
[2.924s] writing dependency_links to ../../build/rsl_roboteq/rsl_roboteq.egg-info/dependency_links.txt
[2.925s] writing entry points to ../../build/rsl_roboteq/rsl_roboteq.egg-info/entry_points.txt
[2.925s] writing requirements to ../../build/rsl_roboteq/rsl_roboteq.egg-info/requires.txt
[2.925s] writing top-level names to ../../build/rsl_roboteq/rsl_roboteq.egg-info/top_level.txt
[2.994s] reading manifest file '../../build/rsl_roboteq/rsl_roboteq.egg-info/SOURCES.txt'
[2.994s] writing manifest file '../../build/rsl_roboteq/rsl_roboteq.egg-info/SOURCES.txt'
[2.995s] running build
[2.995s] running build_py
[2.995s] running install
[3.000s] running install_lib
[3.000s] running install_data
[3.012s] running install_egg_info
[3.013s] removing '/home/pioneer-i/ros2_ws/install/rsl_roboteq/lib/python3.8/site-packages/rsl_roboteq-0.0.0-py3.8.egg-info' (and everything under it)
[3.013s] Copying ../../build/rsl_roboteq/rsl_roboteq.egg-info to /home/pioneer-i/ros2_ws/install/rsl_roboteq/lib/python3.8/site-packages/rsl_roboteq-0.0.0-py3.8.egg-info
[3.013s] running install_scripts
[3.059s] Installing roboteq_node script to /home/pioneer-i/ros2_ws/install/rsl_roboteq/lib/rsl_roboteq
[3.060s] writing list of installed files to '/home/pioneer-i/ros2_ws/build/rsl_roboteq/install.log'
[3.175s] Invoked command in '/home/pioneer-i/ros2_ws/src/rsl_roboteq' returned '0': PYTHONPATH=/home/pioneer-i/ros2_ws/build/rsl_roboteq/prefix_override:/home/pioneer-i/ros2_ws/install/rsl_roboteq/lib/python3.8/site-packages:${PYTHONPATH} /usr/bin/python3 setup.py egg_info --egg-base ../../build/rsl_roboteq build --build-base /home/pioneer-i/ros2_ws/build/rsl_roboteq/build install --record /home/pioneer-i/ros2_ws/build/rsl_roboteq/install.log --single-version-externally-managed
