[1.041s] Invoking command in '/home/pioneer-i/ros2_ws/build/rplidar_ros': CMAKE_PREFIX_PATH=${CMAKE_PREFIX_PATH}:/home/pioneer-i/ros2_ws/install/rsl_roboteq:/home/pioneer-i/ros2_ws/install/navigation_core:/home/pioneer-i/ros2_ws/install/locomotion_core:/opt/ros/foxy /usr/bin/cmake --build /home/pioneer-i/ros2_ws/build/rplidar_ros -- -j6 -l6
[1.540s] [ 23%] Built target rplidar_client
[1.541s] [100%] Built target rplidar_composition
[1.541s] [100%] Built target rplidar_node
[1.550s] Invoked command in '/home/pioneer-i/ros2_ws/build/rplidar_ros' returned '0': CMAKE_PREFIX_PATH=${CMAKE_PREFIX_PATH}:/home/pioneer-i/ros2_ws/install/rsl_roboteq:/home/pioneer-i/ros2_ws/install/navigation_core:/home/pioneer-i/ros2_ws/install/locomotion_core:/opt/ros/foxy /usr/bin/cmake --build /home/pioneer-i/ros2_ws/build/rplidar_ros -- -j6 -l6
[1.737s] Invoking command in '/home/pioneer-i/ros2_ws/build/rplidar_ros': CMAKE_PREFIX_PATH=${CMAKE_PREFIX_PATH}:/home/pioneer-i/ros2_ws/install/rsl_roboteq:/home/pioneer-i/ros2_ws/install/navigation_core:/home/pioneer-i/ros2_ws/install/locomotion_core:/opt/ros/foxy /usr/bin/cmake --install /home/pioneer-i/ros2_ws/build/rplidar_ros
[1.777s] -- Install configuration: ""
[1.779s] -- Up-to-date: /home/pioneer-i/ros2_ws/install/rplidar_ros/share/rplidar_ros/launch
[1.782s] -- Up-to-date: /home/pioneer-i/ros2_ws/install/rplidar_ros/share/rplidar_ros/launch/view_rplidar_a2m12_launch.py
[1.783s] -- Up-to-date: /home/pioneer-i/ros2_ws/install/rplidar_ros/share/rplidar_ros/launch/view_rplidar_s2e_launch.py
[1.784s] -- Up-to-date: /home/pioneer-i/ros2_ws/install/rplidar_ros/share/rplidar_ros/launch/rplidar_a2m12_launch.py
[1.785s] -- Up-to-date: /home/pioneer-i/ros2_ws/install/rplidar_ros/share/rplidar_ros/launch/rplidar_a1_launch.py
[1.786s] -- Up-to-date: /home/pioneer-i/ros2_ws/install/rplidar_ros/share/rplidar_ros/launch/rplidar_s1_tcp_launch.py
[1.787s] -- Up-to-date: /home/pioneer-i/ros2_ws/install/rplidar_ros/share/rplidar_ros/launch/rplidar_a2m8_launch.py
[1.788s] -- Up-to-date: /home/pioneer-i/ros2_ws/install/rplidar_ros/share/rplidar_ros/launch/rplidar_s2e_launch.py
[1.789s] -- Up-to-date: /home/pioneer-i/ros2_ws/install/rplidar_ros/share/rplidar_ros/launch/rplidar_s3_launch.py
[1.790s] -- Up-to-date: /home/pioneer-i/ros2_ws/install/rplidar_ros/share/rplidar_ros/launch/rplidar_t1_launch.py
[1.792s] -- Up-to-date: /home/pioneer-i/ros2_ws/install/rplidar_ros/share/rplidar_ros/launch/rplidar_s1_launch.py
[1.793s] -- Up-to-date: /home/pioneer-i/ros2_ws/install/rplidar_ros/share/rplidar_ros/launch/view_rplidar_s3_launch.py
[1.794s] -- Up-to-date: /home/pioneer-i/ros2_ws/install/rplidar_ros/share/rplidar_ros/launch/view_rplidar_a2m7_launch.py
[1.794s] -- Up-to-date: /home/pioneer-i/ros2_ws/install/rplidar_ros/share/rplidar_ros/launch/view_rplidar_a2m8_launch.py
[1.794s] -- Up-to-date: /home/pioneer-i/ros2_ws/install/rplidar_ros/share/rplidar_ros/launch/rplidar_a2m7_launch.py
[1.795s] -- Up-to-date: /home/pioneer-i/ros2_ws/install/rplidar_ros/share/rplidar_ros/launch/rplidar_s2_launch.py
[1.795s] -- Up-to-date: /home/pioneer-i/ros2_ws/install/rplidar_ros/share/rplidar_ros/launch/view_rplidar_s1_launch.py
[1.795s] -- Up-to-date: /home/pioneer-i/ros2_ws/install/rplidar_ros/share/rplidar_ros/launch/view_rplidar_t1_launch.py
[1.795s] -- Up-to-date: /home/pioneer-i/ros2_ws/install/rplidar_ros/share/rplidar_ros/launch/view_rplidar_s1_tcp_launch.py
[1.795s] -- Up-to-date: /home/pioneer-i/ros2_ws/install/rplidar_ros/share/rplidar_ros/launch/view_rplidar_a1_launch.py
[1.795s] -- Up-to-date: /home/pioneer-i/ros2_ws/install/rplidar_ros/share/rplidar_ros/launch/rplidar_a3_launch.py
[1.796s] -- Up-to-date: /home/pioneer-i/ros2_ws/install/rplidar_ros/share/rplidar_ros/launch/view_rplidar_a3_launch.py
[1.796s] -- Up-to-date: /home/pioneer-i/ros2_ws/install/rplidar_ros/share/rplidar_ros/launch/view_rplidar_s2_launch.py
[1.796s] -- Up-to-date: /home/pioneer-i/ros2_ws/install/rplidar_ros/share/rplidar_ros/rviz
[1.796s] -- Up-to-date: /home/pioneer-i/ros2_ws/install/rplidar_ros/share/rplidar_ros/rviz/rplidar_ros.rviz
[1.796s] -- Up-to-date: /home/pioneer-i/ros2_ws/install/rplidar_ros/lib/rplidar_ros/rplidar_node
[1.797s] -- Up-to-date: /home/pioneer-i/ros2_ws/install/rplidar_ros/lib/rplidar_ros/rplidar_composition
[1.797s] -- Up-to-date: /home/pioneer-i/ros2_ws/install/rplidar_ros/lib/rplidar_ros/rplidar_client
[1.797s] -- Up-to-date: /home/pioneer-i/ros2_ws/install/rplidar_ros/share/ament_index/resource_index/package_run_dependencies/rplidar_ros
[1.797s] -- Up-to-date: /home/pioneer-i/ros2_ws/install/rplidar_ros/share/ament_index/resource_index/parent_prefix_path/rplidar_ros
[1.797s] -- Up-to-date: /home/pioneer-i/ros2_ws/install/rplidar_ros/share/rplidar_ros/environment/ament_prefix_path.sh
[1.797s] -- Up-to-date: /home/pioneer-i/ros2_ws/install/rplidar_ros/share/rplidar_ros/environment/ament_prefix_path.dsv
[1.806s] -- Up-to-date: /home/pioneer-i/ros2_ws/install/rplidar_ros/share/rplidar_ros/environment/path.sh
[1.806s] -- Up-to-date: /home/pioneer-i/ros2_ws/install/rplidar_ros/share/rplidar_ros/environment/path.dsv
[1.807s] -- Up-to-date: /home/pioneer-i/ros2_ws/install/rplidar_ros/share/rplidar_ros/local_setup.bash
[1.807s] -- Up-to-date: /home/pioneer-i/ros2_ws/install/rplidar_ros/share/rplidar_ros/local_setup.sh
[1.807s] -- Up-to-date: /home/pioneer-i/ros2_ws/install/rplidar_ros/share/rplidar_ros/local_setup.zsh
[1.807s] -- Up-to-date: /home/pioneer-i/ros2_ws/install/rplidar_ros/share/rplidar_ros/local_setup.dsv
[1.807s] -- Installing: /home/pioneer-i/ros2_ws/install/rplidar_ros/share/rplidar_ros/package.dsv
[1.808s] -- Up-to-date: /home/pioneer-i/ros2_ws/install/rplidar_ros/share/ament_index/resource_index/packages/rplidar_ros
[1.808s] -- Up-to-date: /home/pioneer-i/ros2_ws/install/rplidar_ros/share/rplidar_ros/cmake/ament_cmake_export_dependencies-extras.cmake
[1.808s] -- Up-to-date: /home/pioneer-i/ros2_ws/install/rplidar_ros/share/rplidar_ros/cmake/ament_cmake_export_include_directories-extras.cmake
[1.808s] -- Up-to-date: /home/pioneer-i/ros2_ws/install/rplidar_ros/share/rplidar_ros/cmake/rplidar_rosConfig.cmake
[1.808s] -- Up-to-date: /home/pioneer-i/ros2_ws/install/rplidar_ros/share/rplidar_ros/cmake/rplidar_rosConfig-version.cmake
[1.810s] -- Up-to-date: /home/pioneer-i/ros2_ws/install/rplidar_ros/share/rplidar_ros/package.xml
[1.844s] Invoked command in '/home/pioneer-i/ros2_ws/build/rplidar_ros' returned '0': CMAKE_PREFIX_PATH=${CMAKE_PREFIX_PATH}:/home/pioneer-i/ros2_ws/install/rsl_roboteq:/home/pioneer-i/ros2_ws/install/navigation_core:/home/pioneer-i/ros2_ws/install/locomotion_core:/opt/ros/foxy /usr/bin/cmake --install /home/pioneer-i/ros2_ws/build/rplidar_ros
