[2.321s] DEBUG:colcon:Command line arguments: ['/usr/bin/colcon', 'build']
[2.321s] DEBUG:colcon:Parsed command line arguments: Namespace(allow_overriding=[], ament_cmake_args=None, base_paths=['.'], build_base='build', catkin_cmake_args=None, catkin_skip_building_tests=False, cmake_args=None, cmake_clean_cache=False, cmake_clean_first=False, cmake_force_configure=False, cmake_target=None, cmake_target_skip_unavailable=False, continue_on_error=False, event_handlers=None, executor='parallel', ignore_user_meta=False, install_base='install', log_base=None, log_level=None, main=<bound method BuildVerb.main of <colcon_core.verb.build.BuildVerb object at 0xffffa28db550>>, merge_install=False, metas=['./colcon.meta'], packages_above=None, packages_above_and_dependencies=None, packages_above_depth=None, packages_end=None, packages_ignore=None, packages_ignore_regex=None, packages_select=None, packages_select_build_failed=False, packages_select_by_dep=None, packages_select_regex=None, packages_select_test_failures=False, packages_skip=None, packages_skip_build_finished=False, packages_skip_by_dep=None, packages_skip_regex=None, packages_skip_test_passed=False, packages_skip_up_to=None, packages_start=None, packages_up_to=None, packages_up_to_regex=None, parallel_workers=6, paths=None, symlink_install=False, test_result_base=None, verb_extension=<colcon_core.verb.build.BuildVerb object at 0xffffa28db550>, verb_name='build', verb_parser=<colcon_defaults.argument_parser.defaults.DefaultArgumentsDecorator object at 0xffffa28dba90>)
[2.572s] Level 1:colcon.colcon_core.package_discovery:discover_packages(colcon_meta) check parameters
[2.572s] Level 1:colcon.colcon_core.package_discovery:discover_packages(recursive) check parameters
[2.572s] Level 1:colcon.colcon_core.package_discovery:discover_packages(ignore) check parameters
[2.572s] Level 1:colcon.colcon_core.package_discovery:discover_packages(path) check parameters
[2.572s] Level 1:colcon.colcon_core.package_discovery:discover_packages(colcon_meta) discover
[2.572s] Level 1:colcon.colcon_core.package_discovery:discover_packages(recursive) discover
[2.573s] INFO:colcon.colcon_core.package_discovery:Crawling recursively for packages in '/home/pioneer-i/ros2_ws'
[2.573s] Level 1:colcon.colcon_core.package_identification:_identify(.) by extensions ['ignore', 'ignore_ament_install']
[2.573s] Level 1:colcon.colcon_core.package_identification:_identify(.) by extension 'ignore'
[2.573s] Level 1:colcon.colcon_core.package_identification:_identify(.) by extension 'ignore_ament_install'
[2.573s] Level 1:colcon.colcon_core.package_identification:_identify(.) by extensions ['colcon_pkg']
[2.573s] Level 1:colcon.colcon_core.package_identification:_identify(.) by extension 'colcon_pkg'
[2.574s] Level 1:colcon.colcon_core.package_identification:_identify(.) by extensions ['colcon_meta']
[2.574s] Level 1:colcon.colcon_core.package_identification:_identify(.) by extension 'colcon_meta'
[2.574s] Level 1:colcon.colcon_core.package_identification:_identify(.) by extensions ['ros']
[2.574s] Level 1:colcon.colcon_core.package_identification:_identify(.) by extension 'ros'
[2.634s] Level 1:colcon.colcon_core.package_identification:_identify(.) by extensions ['cmake', 'python']
[2.634s] Level 1:colcon.colcon_core.package_identification:_identify(.) by extension 'cmake'
[2.635s] Level 1:colcon.colcon_core.package_identification:_identify(.) by extension 'python'
[2.635s] Level 1:colcon.colcon_core.package_identification:_identify(.) by extensions ['python_setup_py']
[2.635s] Level 1:colcon.colcon_core.package_identification:_identify(.) by extension 'python_setup_py'
[2.635s] Level 1:colcon.colcon_core.package_identification:_identify(build) by extensions ['ignore', 'ignore_ament_install']
[2.635s] Level 1:colcon.colcon_core.package_identification:_identify(build) by extension 'ignore'
[2.636s] Level 1:colcon.colcon_core.package_identification:_identify(build) ignored
[2.636s] Level 1:colcon.colcon_core.package_identification:_identify(install) by extensions ['ignore', 'ignore_ament_install']
[2.636s] Level 1:colcon.colcon_core.package_identification:_identify(install) by extension 'ignore'
[2.636s] Level 1:colcon.colcon_core.package_identification:_identify(install) ignored
[2.636s] Level 1:colcon.colcon_core.package_identification:_identify(log) by extensions ['ignore', 'ignore_ament_install']
[2.637s] Level 1:colcon.colcon_core.package_identification:_identify(log) by extension 'ignore'
[2.637s] Level 1:colcon.colcon_core.package_identification:_identify(log) ignored
[2.637s] Level 1:colcon.colcon_core.package_identification:_identify(src) by extensions ['ignore', 'ignore_ament_install']
[2.637s] Level 1:colcon.colcon_core.package_identification:_identify(src) by extension 'ignore'
[2.637s] Level 1:colcon.colcon_core.package_identification:_identify(src) by extension 'ignore_ament_install'
[2.637s] Level 1:colcon.colcon_core.package_identification:_identify(src) by extensions ['colcon_pkg']
[2.638s] Level 1:colcon.colcon_core.package_identification:_identify(src) by extension 'colcon_pkg'
[2.638s] Level 1:colcon.colcon_core.package_identification:_identify(src) by extensions ['colcon_meta']
[2.638s] Level 1:colcon.colcon_core.package_identification:_identify(src) by extension 'colcon_meta'
[2.638s] Level 1:colcon.colcon_core.package_identification:_identify(src) by extensions ['ros']
[2.638s] Level 1:colcon.colcon_core.package_identification:_identify(src) by extension 'ros'
[2.638s] Level 1:colcon.colcon_core.package_identification:_identify(src) by extensions ['cmake', 'python']
[2.638s] Level 1:colcon.colcon_core.package_identification:_identify(src) by extension 'cmake'
[2.638s] Level 1:colcon.colcon_core.package_identification:_identify(src) by extension 'python'
[2.638s] Level 1:colcon.colcon_core.package_identification:_identify(src) by extensions ['python_setup_py']
[2.639s] Level 1:colcon.colcon_core.package_identification:_identify(src) by extension 'python_setup_py'
[2.639s] Level 1:colcon.colcon_core.package_identification:_identify(src/locomotion_core) by extensions ['ignore', 'ignore_ament_install']
[2.639s] Level 1:colcon.colcon_core.package_identification:_identify(src/locomotion_core) by extension 'ignore'
[2.639s] Level 1:colcon.colcon_core.package_identification:_identify(src/locomotion_core) by extension 'ignore_ament_install'
[2.639s] Level 1:colcon.colcon_core.package_identification:_identify(src/locomotion_core) by extensions ['colcon_pkg']
[2.639s] Level 1:colcon.colcon_core.package_identification:_identify(src/locomotion_core) by extension 'colcon_pkg'
[2.639s] Level 1:colcon.colcon_core.package_identification:_identify(src/locomotion_core) by extensions ['colcon_meta']
[2.640s] Level 1:colcon.colcon_core.package_identification:_identify(src/locomotion_core) by extension 'colcon_meta'
[2.640s] Level 1:colcon.colcon_core.package_identification:_identify(src/locomotion_core) by extensions ['ros']
[2.640s] Level 1:colcon.colcon_core.package_identification:_identify(src/locomotion_core) by extension 'ros'
[2.785s] DEBUG:colcon.colcon_core.package_identification:Package 'src/locomotion_core' with type 'ros.ament_python' and name 'locomotion_core'
[2.786s] Level 1:colcon.colcon_core.package_identification:_identify(src/rover_launch) by extensions ['ignore', 'ignore_ament_install']
[2.786s] Level 1:colcon.colcon_core.package_identification:_identify(src/rover_launch) by extension 'ignore'
[2.786s] Level 1:colcon.colcon_core.package_identification:_identify(src/rover_launch) by extension 'ignore_ament_install'
[2.786s] Level 1:colcon.colcon_core.package_identification:_identify(src/rover_launch) by extensions ['colcon_pkg']
[2.786s] Level 1:colcon.colcon_core.package_identification:_identify(src/rover_launch) by extension 'colcon_pkg'
[2.787s] Level 1:colcon.colcon_core.package_identification:_identify(src/rover_launch) by extensions ['colcon_meta']
[2.787s] Level 1:colcon.colcon_core.package_identification:_identify(src/rover_launch) by extension 'colcon_meta'
[2.787s] Level 1:colcon.colcon_core.package_identification:_identify(src/rover_launch) by extensions ['ros']
[2.787s] Level 1:colcon.colcon_core.package_identification:_identify(src/rover_launch) by extension 'ros'
[2.788s] DEBUG:colcon.colcon_core.package_identification:Package 'src/rover_launch' with type 'ros.ament_cmake' and name 'rover_launch'
[2.788s] Level 1:colcon.colcon_core.package_identification:_identify(src/teleop_twist_joy) by extensions ['ignore', 'ignore_ament_install']
[2.788s] Level 1:colcon.colcon_core.package_identification:_identify(src/teleop_twist_joy) by extension 'ignore'
[2.788s] Level 1:colcon.colcon_core.package_identification:_identify(src/teleop_twist_joy) by extension 'ignore_ament_install'
[2.789s] Level 1:colcon.colcon_core.package_identification:_identify(src/teleop_twist_joy) by extensions ['colcon_pkg']
[2.789s] Level 1:colcon.colcon_core.package_identification:_identify(src/teleop_twist_joy) by extension 'colcon_pkg'
[2.789s] Level 1:colcon.colcon_core.package_identification:_identify(src/teleop_twist_joy) by extensions ['colcon_meta']
[2.789s] Level 1:colcon.colcon_core.package_identification:_identify(src/teleop_twist_joy) by extension 'colcon_meta'
[2.789s] Level 1:colcon.colcon_core.package_identification:_identify(src/teleop_twist_joy) by extensions ['ros']
[2.789s] Level 1:colcon.colcon_core.package_identification:_identify(src/teleop_twist_joy) by extension 'ros'
[2.791s] DEBUG:colcon.colcon_core.package_identification:Package 'src/teleop_twist_joy' with type 'ros.ament_cmake' and name 'teleop_twist_joy'
[2.791s] Level 1:colcon.colcon_core.package_discovery:discover_packages(recursive) using defaults
[2.791s] Level 1:colcon.colcon_core.package_discovery:discover_packages(ignore) discover
[2.791s] Level 1:colcon.colcon_core.package_discovery:discover_packages(ignore) using defaults
[2.791s] Level 1:colcon.colcon_core.package_discovery:discover_packages(path) discover
[2.791s] Level 1:colcon.colcon_core.package_discovery:discover_packages(path) using defaults
[2.855s] Level 1:colcon.colcon_core.package_discovery:discover_packages(prefix_path) check parameters
[2.855s] Level 1:colcon.colcon_core.package_discovery:discover_packages(prefix_path) discover
[2.860s] Level 1:colcon.colcon_core.package_discovery:discover_packages(prefix_path) using defaults
[2.865s] Level 5:colcon.colcon_core.verb:set package 'locomotion_core' build argument 'cmake_args' from command line to 'None'
[2.865s] Level 5:colcon.colcon_core.verb:set package 'locomotion_core' build argument 'cmake_target' from command line to 'None'
[2.866s] Level 5:colcon.colcon_core.verb:set package 'locomotion_core' build argument 'cmake_target_skip_unavailable' from command line to 'False'
[2.866s] Level 5:colcon.colcon_core.verb:set package 'locomotion_core' build argument 'cmake_clean_cache' from command line to 'False'
[2.866s] Level 5:colcon.colcon_core.verb:set package 'locomotion_core' build argument 'cmake_clean_first' from command line to 'False'
[2.866s] Level 5:colcon.colcon_core.verb:set package 'locomotion_core' build argument 'cmake_force_configure' from command line to 'False'
[2.866s] Level 5:colcon.colcon_core.verb:set package 'locomotion_core' build argument 'ament_cmake_args' from command line to 'None'
[2.866s] Level 5:colcon.colcon_core.verb:set package 'locomotion_core' build argument 'catkin_cmake_args' from command line to 'None'
[2.866s] Level 5:colcon.colcon_core.verb:set package 'locomotion_core' build argument 'catkin_skip_building_tests' from command line to 'False'
[2.866s] DEBUG:colcon.colcon_core.verb:Building package 'locomotion_core' with the following arguments: {'ament_cmake_args': None, 'build_base': '/home/pioneer-i/ros2_ws/build/locomotion_core', 'catkin_cmake_args': None, 'catkin_skip_building_tests': False, 'cmake_args': None, 'cmake_clean_cache': False, 'cmake_clean_first': False, 'cmake_force_configure': False, 'cmake_target': None, 'cmake_target_skip_unavailable': False, 'install_base': '/home/pioneer-i/ros2_ws/install/locomotion_core', 'merge_install': False, 'path': '/home/pioneer-i/ros2_ws/src/locomotion_core', 'symlink_install': False, 'test_result_base': None}
[2.868s] Level 5:colcon.colcon_core.verb:set package 'rover_launch' build argument 'cmake_args' from command line to 'None'
[2.868s] Level 5:colcon.colcon_core.verb:set package 'rover_launch' build argument 'cmake_target' from command line to 'None'
[2.868s] Level 5:colcon.colcon_core.verb:set package 'rover_launch' build argument 'cmake_target_skip_unavailable' from command line to 'False'
[2.868s] Level 5:colcon.colcon_core.verb:set package 'rover_launch' build argument 'cmake_clean_cache' from command line to 'False'
[2.868s] Level 5:colcon.colcon_core.verb:set package 'rover_launch' build argument 'cmake_clean_first' from command line to 'False'
[2.868s] Level 5:colcon.colcon_core.verb:set package 'rover_launch' build argument 'cmake_force_configure' from command line to 'False'
[2.868s] Level 5:colcon.colcon_core.verb:set package 'rover_launch' build argument 'ament_cmake_args' from command line to 'None'
[2.868s] Level 5:colcon.colcon_core.verb:set package 'rover_launch' build argument 'catkin_cmake_args' from command line to 'None'
[2.868s] Level 5:colcon.colcon_core.verb:set package 'rover_launch' build argument 'catkin_skip_building_tests' from command line to 'False'
[2.869s] DEBUG:colcon.colcon_core.verb:Building package 'rover_launch' with the following arguments: {'ament_cmake_args': None, 'build_base': '/home/pioneer-i/ros2_ws/build/rover_launch', 'catkin_cmake_args': None, 'catkin_skip_building_tests': False, 'cmake_args': None, 'cmake_clean_cache': False, 'cmake_clean_first': False, 'cmake_force_configure': False, 'cmake_target': None, 'cmake_target_skip_unavailable': False, 'install_base': '/home/pioneer-i/ros2_ws/install/rover_launch', 'merge_install': False, 'path': '/home/pioneer-i/ros2_ws/src/rover_launch', 'symlink_install': False, 'test_result_base': None}
[2.870s] Level 5:colcon.colcon_core.verb:set package 'teleop_twist_joy' build argument 'cmake_args' from command line to 'None'
[2.870s] Level 5:colcon.colcon_core.verb:set package 'teleop_twist_joy' build argument 'cmake_target' from command line to 'None'
[2.870s] Level 5:colcon.colcon_core.verb:set package 'teleop_twist_joy' build argument 'cmake_target_skip_unavailable' from command line to 'False'
[2.870s] Level 5:colcon.colcon_core.verb:set package 'teleop_twist_joy' build argument 'cmake_clean_cache' from command line to 'False'
[2.871s] Level 5:colcon.colcon_core.verb:set package 'teleop_twist_joy' build argument 'cmake_clean_first' from command line to 'False'
[2.871s] Level 5:colcon.colcon_core.verb:set package 'teleop_twist_joy' build argument 'cmake_force_configure' from command line to 'False'
[2.871s] Level 5:colcon.colcon_core.verb:set package 'teleop_twist_joy' build argument 'ament_cmake_args' from command line to 'None'
[2.871s] Level 5:colcon.colcon_core.verb:set package 'teleop_twist_joy' build argument 'catkin_cmake_args' from command line to 'None'
[2.871s] Level 5:colcon.colcon_core.verb:set package 'teleop_twist_joy' build argument 'catkin_skip_building_tests' from command line to 'False'
[2.871s] DEBUG:colcon.colcon_core.verb:Building package 'teleop_twist_joy' with the following arguments: {'ament_cmake_args': None, 'build_base': '/home/pioneer-i/ros2_ws/build/teleop_twist_joy', 'catkin_cmake_args': None, 'catkin_skip_building_tests': False, 'cmake_args': None, 'cmake_clean_cache': False, 'cmake_clean_first': False, 'cmake_force_configure': False, 'cmake_target': None, 'cmake_target_skip_unavailable': False, 'install_base': '/home/pioneer-i/ros2_ws/install/teleop_twist_joy', 'merge_install': False, 'path': '/home/pioneer-i/ros2_ws/src/teleop_twist_joy', 'symlink_install': False, 'test_result_base': None}
[2.872s] INFO:colcon.colcon_core.executor:Executing jobs using 'parallel' executor
[2.881s] DEBUG:colcon.colcon_parallel_executor.executor.parallel:run_until_complete
[2.882s] INFO:colcon.colcon_ros.task.ament_python.build:Building ROS package in '/home/pioneer-i/ros2_ws/src/locomotion_core' with build type 'ament_python'
[2.882s] Level 1:colcon.colcon_core.shell:create_environment_hook('locomotion_core', 'ament_prefix_path')
[3.035s] INFO:colcon.colcon_core.plugin_system:Skipping extension 'colcon_core.shell.bat': Not used on non-Windows systems
[3.035s] INFO:colcon.colcon_core.shell:Creating environment hook '/home/pioneer-i/ros2_ws/install/locomotion_core/share/locomotion_core/hook/ament_prefix_path.ps1'
[3.038s] INFO:colcon.colcon_core.shell:Creating environment descriptor '/home/pioneer-i/ros2_ws/install/locomotion_core/share/locomotion_core/hook/ament_prefix_path.dsv'
[3.039s] INFO:colcon.colcon_core.shell:Creating environment hook '/home/pioneer-i/ros2_ws/install/locomotion_core/share/locomotion_core/hook/ament_prefix_path.sh'
[3.044s] INFO:colcon.colcon_core.shell:Skip shell extension 'powershell' for command environment: Not usable outside of PowerShell
[3.045s] DEBUG:colcon.colcon_core.shell:Skip shell extension 'dsv' for command environment
[3.054s] INFO:colcon.colcon_ros.task.ament_cmake.build:Building ROS package in '/home/pioneer-i/ros2_ws/src/rover_launch' with build type 'ament_cmake'
[3.055s] INFO:colcon.colcon_cmake.task.cmake.build:Building CMake package in '/home/pioneer-i/ros2_ws/src/rover_launch'
[3.058s] INFO:colcon.colcon_core.shell:Skip shell extension 'powershell' for command environment: Not usable outside of PowerShell
[3.058s] DEBUG:colcon.colcon_core.shell:Skip shell extension 'dsv' for command environment
[3.067s] INFO:colcon.colcon_ros.task.ament_cmake.build:Building ROS package in '/home/pioneer-i/ros2_ws/src/teleop_twist_joy' with build type 'ament_cmake'
[3.067s] INFO:colcon.colcon_cmake.task.cmake.build:Building CMake package in '/home/pioneer-i/ros2_ws/src/teleop_twist_joy'
[3.070s] INFO:colcon.colcon_core.shell:Skip shell extension 'powershell' for command environment: Not usable outside of PowerShell
[3.071s] DEBUG:colcon.colcon_core.shell:Skip shell extension 'dsv' for command environment
[3.751s] INFO:colcon.colcon_core.task.python.build:Building Python package in '/home/pioneer-i/ros2_ws/src/locomotion_core'
[3.755s] INFO:colcon.colcon_core.shell:Skip shell extension 'powershell' for command environment: Not usable outside of PowerShell
[3.755s] DEBUG:colcon.colcon_core.shell:Skip shell extension 'dsv' for command environment
[3.769s] DEBUG:colcon.colcon_core.event_handler.log_command:Invoking command in '/home/pioneer-i/ros2_ws/build/rover_launch': /usr/bin/cmake /home/pioneer-i/ros2_ws/src/rover_launch -DCMAKE_INSTALL_PREFIX=/home/pioneer-i/ros2_ws/install/rover_launch
[3.961s] DEBUG:colcon.colcon_core.event_handler.log_command:Invoking command in '/home/pioneer-i/ros2_ws/build/teleop_twist_joy': /usr/bin/cmake --build /home/pioneer-i/ros2_ws/build/teleop_twist_joy -- -j6 -l6
[5.172s] DEBUG:colcon.colcon_core.event_handler.log_command:Invoked command in '/home/pioneer-i/ros2_ws/build/teleop_twist_joy' returned '0': /usr/bin/cmake --build /home/pioneer-i/ros2_ws/build/teleop_twist_joy -- -j6 -l6
[5.239s] DEBUG:colcon.colcon_core.event_handler.log_command:Invoking command in '/home/pioneer-i/ros2_ws/build/teleop_twist_joy': /usr/bin/cmake --install /home/pioneer-i/ros2_ws/build/teleop_twist_joy
[5.310s] Level 1:colcon.colcon_core.environment:create_environment_scripts_only(teleop_twist_joy)
[5.312s] DEBUG:colcon.colcon_core.event_handler.log_command:Invoked command in '/home/pioneer-i/ros2_ws/build/teleop_twist_joy' returned '0': /usr/bin/cmake --install /home/pioneer-i/ros2_ws/build/teleop_twist_joy
[5.329s] Level 1:colcon.colcon_core.environment:checking '/home/pioneer-i/ros2_ws/install/teleop_twist_joy' for CMake module files
[5.330s] Level 1:colcon.colcon_core.environment:checking '/home/pioneer-i/ros2_ws/install/teleop_twist_joy' for CMake config files
[5.331s] Level 1:colcon.colcon_core.shell:create_environment_hook('teleop_twist_joy', 'cmake_prefix_path')
[5.334s] INFO:colcon.colcon_core.shell:Creating environment hook '/home/pioneer-i/ros2_ws/install/teleop_twist_joy/share/teleop_twist_joy/hook/cmake_prefix_path.ps1'
[5.335s] INFO:colcon.colcon_core.shell:Creating environment descriptor '/home/pioneer-i/ros2_ws/install/teleop_twist_joy/share/teleop_twist_joy/hook/cmake_prefix_path.dsv'
[5.336s] INFO:colcon.colcon_core.shell:Creating environment hook '/home/pioneer-i/ros2_ws/install/teleop_twist_joy/share/teleop_twist_joy/hook/cmake_prefix_path.sh'
[5.338s] Level 1:colcon.colcon_core.environment:checking '/home/pioneer-i/ros2_ws/install/teleop_twist_joy/lib'
[5.339s] Level 1:colcon.colcon_core.shell:create_environment_hook('teleop_twist_joy', 'ld_library_path_lib')
[5.342s] INFO:colcon.colcon_core.shell:Creating environment hook '/home/pioneer-i/ros2_ws/install/teleop_twist_joy/share/teleop_twist_joy/hook/ld_library_path_lib.ps1'
[5.344s] INFO:colcon.colcon_core.shell:Creating environment descriptor '/home/pioneer-i/ros2_ws/install/teleop_twist_joy/share/teleop_twist_joy/hook/ld_library_path_lib.dsv'
[5.345s] INFO:colcon.colcon_core.shell:Creating environment hook '/home/pioneer-i/ros2_ws/install/teleop_twist_joy/share/teleop_twist_joy/hook/ld_library_path_lib.sh'
[5.346s] Level 1:colcon.colcon_core.environment:checking '/home/pioneer-i/ros2_ws/install/teleop_twist_joy/bin'
[5.346s] Level 1:colcon.colcon_core.environment:checking '/home/pioneer-i/ros2_ws/install/teleop_twist_joy/lib/pkgconfig/teleop_twist_joy.pc'
[5.347s] Level 1:colcon.colcon_core.environment:checking '/home/pioneer-i/ros2_ws/install/teleop_twist_joy/lib/python3.8/site-packages'
[5.347s] Level 1:colcon.colcon_core.environment:checking '/home/pioneer-i/ros2_ws/install/teleop_twist_joy/bin'
[5.350s] INFO:colcon.colcon_core.shell:Creating package script '/home/pioneer-i/ros2_ws/install/teleop_twist_joy/share/teleop_twist_joy/package.ps1'
[5.353s] INFO:colcon.colcon_core.shell:Creating package descriptor '/home/pioneer-i/ros2_ws/install/teleop_twist_joy/share/teleop_twist_joy/package.dsv'
[5.356s] INFO:colcon.colcon_core.shell:Creating package script '/home/pioneer-i/ros2_ws/install/teleop_twist_joy/share/teleop_twist_joy/package.sh'
[5.360s] INFO:colcon.colcon_core.shell:Creating package script '/home/pioneer-i/ros2_ws/install/teleop_twist_joy/share/teleop_twist_joy/package.bash'
[5.363s] INFO:colcon.colcon_core.shell:Creating package script '/home/pioneer-i/ros2_ws/install/teleop_twist_joy/share/teleop_twist_joy/package.zsh'
[5.365s] Level 1:colcon.colcon_core.environment:create_file_with_runtime_dependencies(/home/pioneer-i/ros2_ws/install/teleop_twist_joy/share/colcon-core/packages/teleop_twist_joy)
[5.412s] Level 1:colcon.colcon_core.environment:create_environment_scripts_only(teleop_twist_joy)
[5.416s] Level 1:colcon.colcon_core.environment:checking '/home/pioneer-i/ros2_ws/install/teleop_twist_joy' for CMake module files
[5.417s] Level 1:colcon.colcon_core.environment:checking '/home/pioneer-i/ros2_ws/install/teleop_twist_joy' for CMake config files
[5.418s] Level 1:colcon.colcon_core.shell:create_environment_hook('teleop_twist_joy', 'cmake_prefix_path')
[5.421s] INFO:colcon.colcon_core.shell:Creating environment hook '/home/pioneer-i/ros2_ws/install/teleop_twist_joy/share/teleop_twist_joy/hook/cmake_prefix_path.ps1'
[5.422s] INFO:colcon.colcon_core.shell:Creating environment descriptor '/home/pioneer-i/ros2_ws/install/teleop_twist_joy/share/teleop_twist_joy/hook/cmake_prefix_path.dsv'
[5.423s] INFO:colcon.colcon_core.shell:Creating environment hook '/home/pioneer-i/ros2_ws/install/teleop_twist_joy/share/teleop_twist_joy/hook/cmake_prefix_path.sh'
[5.425s] Level 1:colcon.colcon_core.environment:checking '/home/pioneer-i/ros2_ws/install/teleop_twist_joy/lib'
[5.425s] Level 1:colcon.colcon_core.shell:create_environment_hook('teleop_twist_joy', 'ld_library_path_lib')
[5.427s] INFO:colcon.colcon_core.shell:Creating environment hook '/home/pioneer-i/ros2_ws/install/teleop_twist_joy/share/teleop_twist_joy/hook/ld_library_path_lib.ps1'
[5.428s] INFO:colcon.colcon_core.shell:Creating environment descriptor '/home/pioneer-i/ros2_ws/install/teleop_twist_joy/share/teleop_twist_joy/hook/ld_library_path_lib.dsv'
[5.429s] INFO:colcon.colcon_core.shell:Creating environment hook '/home/pioneer-i/ros2_ws/install/teleop_twist_joy/share/teleop_twist_joy/hook/ld_library_path_lib.sh'
[5.430s] Level 1:colcon.colcon_core.environment:checking '/home/pioneer-i/ros2_ws/install/teleop_twist_joy/bin'
[5.430s] Level 1:colcon.colcon_core.environment:checking '/home/pioneer-i/ros2_ws/install/teleop_twist_joy/lib/pkgconfig/teleop_twist_joy.pc'
[5.431s] Level 1:colcon.colcon_core.environment:checking '/home/pioneer-i/ros2_ws/install/teleop_twist_joy/lib/python3.8/site-packages'
[5.431s] Level 1:colcon.colcon_core.environment:checking '/home/pioneer-i/ros2_ws/install/teleop_twist_joy/bin'
[5.434s] INFO:colcon.colcon_core.shell:Creating package script '/home/pioneer-i/ros2_ws/install/teleop_twist_joy/share/teleop_twist_joy/package.ps1'
[5.435s] INFO:colcon.colcon_core.shell:Creating package descriptor '/home/pioneer-i/ros2_ws/install/teleop_twist_joy/share/teleop_twist_joy/package.dsv'
[5.436s] INFO:colcon.colcon_core.shell:Creating package script '/home/pioneer-i/ros2_ws/install/teleop_twist_joy/share/teleop_twist_joy/package.sh'
[5.437s] INFO:colcon.colcon_core.shell:Creating package script '/home/pioneer-i/ros2_ws/install/teleop_twist_joy/share/teleop_twist_joy/package.bash'
[5.438s] INFO:colcon.colcon_core.shell:Creating package script '/home/pioneer-i/ros2_ws/install/teleop_twist_joy/share/teleop_twist_joy/package.zsh'
[5.439s] Level 1:colcon.colcon_core.environment:create_file_with_runtime_dependencies(/home/pioneer-i/ros2_ws/install/teleop_twist_joy/share/colcon-core/packages/teleop_twist_joy)
[5.537s] DEBUG:colcon.colcon_core.event_handler.log_command:Invoking command in '/home/pioneer-i/ros2_ws/src/locomotion_core': PYTHONPATH=/home/pioneer-i/ros2_ws/build/locomotion_core/prefix_override:/home/pioneer-i/ros2_ws/install/locomotion_core/lib/python3.8/site-packages: /usr/bin/python3 setup.py egg_info --egg-base ../../build/locomotion_core build --build-base /home/pioneer-i/ros2_ws/build/locomotion_core/build install --record /home/pioneer-i/ros2_ws/build/locomotion_core/install.log --single-version-externally-managed
[6.291s] DEBUG:colcon.colcon_core.event_handler.log_command:Invoked command in '/home/pioneer-i/ros2_ws/build/rover_launch' returned '1': /usr/bin/cmake /home/pioneer-i/ros2_ws/src/rover_launch -DCMAKE_INSTALL_PREFIX=/home/pioneer-i/ros2_ws/install/rover_launch
[6.317s] Level 1:colcon.colcon_core.environment:create_environment_scripts_only(rover_launch)
[6.323s] Level 1:colcon.colcon_core.environment:checking '/home/pioneer-i/ros2_ws/install/rover_launch' for CMake module files
[6.324s] Level 1:colcon.colcon_core.environment:checking '/home/pioneer-i/ros2_ws/install/rover_launch' for CMake config files
[6.325s] Level 1:colcon.colcon_core.environment:checking '/home/pioneer-i/ros2_ws/install/rover_launch/bin'
[6.325s] Level 1:colcon.colcon_core.environment:checking '/home/pioneer-i/ros2_ws/install/rover_launch/lib/pkgconfig/rover_launch.pc'
[6.326s] Level 1:colcon.colcon_core.environment:checking '/home/pioneer-i/ros2_ws/install/rover_launch/lib/python3.8/site-packages'
[6.326s] Level 1:colcon.colcon_core.environment:checking '/home/pioneer-i/ros2_ws/install/rover_launch/bin'
[6.329s] INFO:colcon.colcon_core.shell:Creating package script '/home/pioneer-i/ros2_ws/install/rover_launch/share/rover_launch/package.ps1'
[6.331s] INFO:colcon.colcon_core.shell:Creating package descriptor '/home/pioneer-i/ros2_ws/install/rover_launch/share/rover_launch/package.dsv'
[6.332s] INFO:colcon.colcon_core.shell:Creating package script '/home/pioneer-i/ros2_ws/install/rover_launch/share/rover_launch/package.sh'
[6.332s] INFO:colcon.colcon_core.shell:Creating package script '/home/pioneer-i/ros2_ws/install/rover_launch/share/rover_launch/package.bash'
[6.333s] INFO:colcon.colcon_core.shell:Creating package script '/home/pioneer-i/ros2_ws/install/rover_launch/share/rover_launch/package.zsh'
[6.333s] Level 1:colcon.colcon_core.environment:create_file_with_runtime_dependencies(/home/pioneer-i/ros2_ws/install/rover_launch/share/colcon-core/packages/rover_launch)
[6.390s] DEBUG:colcon.colcon_parallel_executor.executor.parallel:closing loop
[6.391s] DEBUG:colcon.colcon_parallel_executor.executor.parallel:loop closed
[6.391s] DEBUG:colcon.colcon_parallel_executor.executor.parallel:run_until_complete finished with '1'
[6.391s] DEBUG:colcon.colcon_core.event_reactor:joining thread
[6.471s] INFO:colcon.colcon_core.plugin_system:Skipping extension 'colcon_notification.desktop_notification.terminal_notifier': Not used on non-Darwin systems
[6.471s] INFO:colcon.colcon_core.plugin_system:Skipping extension 'colcon_notification.desktop_notification.win32': Not used on non-Windows systems
[6.471s] INFO:colcon.colcon_notification.desktop_notification:Sending desktop notification using 'notify2'
[6.509s] DEBUG:colcon.colcon_core.event_reactor:joined thread
[6.512s] INFO:colcon.colcon_core.shell:Creating prefix script '/home/pioneer-i/ros2_ws/install/local_setup.ps1'
[6.643s] INFO:colcon.colcon_core.shell:Creating prefix util module '/home/pioneer-i/ros2_ws/install/_local_setup_util_ps1.py'
[6.647s] INFO:colcon.colcon_core.shell:Creating prefix chain script '/home/pioneer-i/ros2_ws/install/setup.ps1'
[6.654s] INFO:colcon.colcon_core.shell:Creating prefix script '/home/pioneer-i/ros2_ws/install/local_setup.sh'
[6.657s] INFO:colcon.colcon_core.shell:Creating prefix util module '/home/pioneer-i/ros2_ws/install/_local_setup_util_sh.py'
[6.658s] INFO:colcon.colcon_core.shell:Creating prefix chain script '/home/pioneer-i/ros2_ws/install/setup.sh'
[6.662s] INFO:colcon.colcon_core.shell:Creating prefix script '/home/pioneer-i/ros2_ws/install/local_setup.bash'
[6.665s] INFO:colcon.colcon_core.shell:Creating prefix chain script '/home/pioneer-i/ros2_ws/install/setup.bash'
[6.668s] INFO:colcon.colcon_core.shell:Creating prefix script '/home/pioneer-i/ros2_ws/install/local_setup.zsh'
[6.670s] INFO:colcon.colcon_core.shell:Creating prefix chain script '/home/pioneer-i/ros2_ws/install/setup.zsh'
