[0.496s] Invoking command in '/home/pioneer-i/ros2_ws/build/teleop_twist_joy': CMAKE_PREFIX_PATH=${CMAKE_PREFIX_PATH}:/home/pioneer-i/ros2_ws/install/locomotion_core:/opt/ros/foxy /usr/bin/cmake /home/pioneer-i/ros2_ws/src/teleop_twist_joy -DCMAKE_INSTALL_PREFIX=/home/pioneer-i/ros2_ws/install/teleop_twist_joy
[0.829s] -- The C compiler identification is GNU 9.4.0
[1.009s] -- The CXX compiler identification is GNU 9.4.0
[1.018s] -- Check for working C compiler: /usr/bin/cc
[1.235s] -- Check for working C compiler: /usr/bin/cc -- works
[1.237s] -- Detecting C compiler ABI info
[1.458s] -- Detecting C compiler ABI info - done
[1.477s] -- Detecting C compile features
[1.477s] -- Detecting C compile features - done
[1.482s] -- Check for working CXX compiler: /usr/bin/c++
[1.713s] -- Check for working CXX compiler: /usr/bin/c++ -- works
[1.715s] -- Detecting CXX compiler ABI info
[1.929s] -- Detecting CXX compiler ABI info - done
[1.949s] -- Detecting CXX compile features
[1.950s] -- Detecting CXX compile features - done
[1.954s] -- Found ament_cmake: 0.9.12 (/opt/ros/foxy/share/ament_cmake/cmake)
[2.001s] -- Found PythonInterp: /usr/bin/python3 (found suitable version "3.8.10", minimum required is "3") 
[2.001s] -- Using PYTHON_EXECUTABLE: /usr/bin/python3
[2.402s] -- Found geometry_msgs: 2.0.5 (/opt/ros/foxy/share/geometry_msgs/cmake)
[2.457s] -- Using all available rosidl_typesupport_c: rosidl_typesupport_fastrtps_c;rosidl_typesupport_introspection_c
[2.469s] -- Found rosidl_adapter: 1.3.1 (/opt/ros/foxy/share/rosidl_adapter/cmake)
[2.628s] -- Found OpenSSL: /usr/lib/aarch64-linux-gnu/libcrypto.so (found version "1.1.1f")  
[2.688s] -- Found FastRTPS: /opt/ros/foxy/include  
[2.845s] -- Using all available rosidl_typesupport_cpp: rosidl_typesupport_fastrtps_cpp;rosidl_typesupport_introspection_cpp
[3.006s] -- Found rclcpp: 2.4.3 (/opt/ros/foxy/share/rclcpp/cmake)
[3.084s] -- Found rmw_implementation_cmake: 1.0.4 (/opt/ros/foxy/share/rmw_implementation_cmake/cmake)
[3.086s] -- Using RMW implementation 'rmw_fastrtps_cpp' as default
[3.088s] -- Looking for pthread.h
[3.300s] -- Looking for pthread.h - found
[3.300s] -- Performing Test CMAKE_HAVE_LIBC_PTHREAD
[3.654s] -- Performing Test CMAKE_HAVE_LIBC_PTHREAD - Failed
[3.654s] -- Looking for pthread_create in pthreads
[3.988s] -- Looking for pthread_create in pthreads - not found
[3.988s] -- Looking for pthread_create in pthread
[4.202s] -- Looking for pthread_create in pthread - found
[4.205s] -- Found Threads: TRUE  
[4.465s] -- Found rclcpp_components: 2.4.3 (/opt/ros/foxy/share/rclcpp_components/cmake)
[4.714s] -- Found sensor_msgs: 2.0.5 (/opt/ros/foxy/share/sensor_msgs/cmake)
[4.715s] -- Performing Test COMPILER_HAS_HIDDEN_VISIBILITY
[4.981s] -- Performing Test COMPILER_HAS_HIDDEN_VISIBILITY - Success
[4.983s] -- Performing Test COMPILER_HAS_HIDDEN_INLINE_VISIBILITY
[5.220s] -- Performing Test COMPILER_HAS_HIDDEN_INLINE_VISIBILITY - Success
[5.221s] -- Performing Test COMPILER_HAS_DEPRECATED_ATTR
[5.459s] -- Performing Test COMPILER_HAS_DEPRECATED_ATTR - Success
[5.470s] -- Found ament_lint_auto: 0.9.8 (/opt/ros/foxy/share/ament_lint_auto/cmake)
[5.643s] -- Found python_cmake_module: 0.8.1 (/opt/ros/foxy/share/python_cmake_module/cmake)
[5.683s] -- Found PythonInterp: /usr/bin/python3 (found suitable version "3.8.10", minimum required is "3.5") 
[5.693s] -- Found PythonLibs: /usr/lib/aarch64-linux-gnu/libpython3.8.so (found suitable version "3.8.10", minimum required is "3.5") 
[5.693s] -- Using PYTHON_EXECUTABLE: /usr/bin/python3
[5.693s] -- Using PYTHON_INCLUDE_DIRS: /usr/include/python3.8
[5.693s] -- Using PYTHON_LIBRARIES: /usr/lib/aarch64-linux-gnu/libpython3.8.so
[5.734s] -- Found PythonExtra: .so  
[5.778s] -- Added test 'cppcheck' to perform static code analysis on C / C++ code
[5.778s] -- Configured cppcheck include dirs: /home/pioneer-i/ros2_ws/src/teleop_twist_joy/include
[5.779s] -- Configured cppcheck exclude dirs and/or files: 
[5.780s] -- Added test 'flake8' to check Python code syntax and style conventions
[5.782s] -- Added test 'lint_cmake' to check CMake code style
[5.784s] -- Added test 'pep257' to check Python code against some of the style conventions in PEP 257
[5.785s] -- Added test 'xmllint' to check XML markup files
[5.795s] -- Configuring done
[5.820s] -- Generating done
[5.823s] -- Build files have been written to: /home/pioneer-i/ros2_ws/build/teleop_twist_joy
[5.851s] Invoked command in '/home/pioneer-i/ros2_ws/build/teleop_twist_joy' returned '0': CMAKE_PREFIX_PATH=${CMAKE_PREFIX_PATH}:/home/pioneer-i/ros2_ws/install/locomotion_core:/opt/ros/foxy /usr/bin/cmake /home/pioneer-i/ros2_ws/src/teleop_twist_joy -DCMAKE_INSTALL_PREFIX=/home/pioneer-i/ros2_ws/install/teleop_twist_joy
[5.857s] Invoking command in '/home/pioneer-i/ros2_ws/build/teleop_twist_joy': CMAKE_PREFIX_PATH=${CMAKE_PREFIX_PATH}:/home/pioneer-i/ros2_ws/install/locomotion_core:/opt/ros/foxy /usr/bin/cmake --build /home/pioneer-i/ros2_ws/build/teleop_twist_joy -- -j6 -l6
[5.934s] [35m[1mScanning dependencies of target teleop_twist_joy[0m
[6.013s] [ 25%] [32mBuilding CXX object CMakeFiles/teleop_twist_joy.dir/src/teleop_twist_joy.cpp.o[0m
[19.370s] [ 50%] [32m[1mLinking CXX shared library libteleop_twist_joy.so[0m
[19.930s] [ 50%] Built target teleop_twist_joy
[19.949s] [35m[1mScanning dependencies of target teleop_twist_joy_node[0m
[20.016s] [ 75%] [32mBuilding CXX object CMakeFiles/teleop_twist_joy_node.dir/src/teleop_node.cpp.o[0m
[24.042s] [100%] [32m[1mLinking CXX executable teleop_node[0m
[24.389s] [100%] Built target teleop_twist_joy_node
[24.534s] Invoked command in '/home/pioneer-i/ros2_ws/build/teleop_twist_joy' returned '0': CMAKE_PREFIX_PATH=${CMAKE_PREFIX_PATH}:/home/pioneer-i/ros2_ws/install/locomotion_core:/opt/ros/foxy /usr/bin/cmake --build /home/pioneer-i/ros2_ws/build/teleop_twist_joy -- -j6 -l6
[24.611s] Invoking command in '/home/pioneer-i/ros2_ws/build/teleop_twist_joy': CMAKE_PREFIX_PATH=${CMAKE_PREFIX_PATH}:/home/pioneer-i/ros2_ws/install/locomotion_core:/opt/ros/foxy /usr/bin/cmake --install /home/pioneer-i/ros2_ws/build/teleop_twist_joy
[24.630s] -- Install configuration: ""
[24.630s] -- Installing: /home/pioneer-i/ros2_ws/install/teleop_twist_joy/lib/libteleop_twist_joy.so
[24.638s] -- Set runtime path of "/home/pioneer-i/ros2_ws/install/teleop_twist_joy/lib/libteleop_twist_joy.so" to ""
[24.638s] -- Installing: /home/pioneer-i/ros2_ws/install/teleop_twist_joy/lib/teleop_twist_joy/teleop_node
[24.639s] -- Set runtime path of "/home/pioneer-i/ros2_ws/install/teleop_twist_joy/lib/teleop_twist_joy/teleop_node" to ""
[24.639s] -- Installing: /home/pioneer-i/ros2_ws/install/teleop_twist_joy/include
[24.639s] -- Installing: /home/pioneer-i/ros2_ws/install/teleop_twist_joy/include/teleop_twist_joy
[24.640s] -- Installing: /home/pioneer-i/ros2_ws/install/teleop_twist_joy/include/teleop_twist_joy/teleop_twist_joy.hpp
[24.640s] -- Installing: /home/pioneer-i/ros2_ws/install/teleop_twist_joy/include/teleop_twist_joy/teleop_twist_joy_export.h
[24.640s] -- Installing: /home/pioneer-i/ros2_ws/install/teleop_twist_joy/share/teleop_twist_joy/launch
[24.640s] -- Installing: /home/pioneer-i/ros2_ws/install/teleop_twist_joy/share/teleop_twist_joy/launch/teleop-launch.py
[24.641s] -- Installing: /home/pioneer-i/ros2_ws/install/teleop_twist_joy/share/teleop_twist_joy/config
[24.641s] -- Installing: /home/pioneer-i/ros2_ws/install/teleop_twist_joy/share/teleop_twist_joy/config/xd3.config.yaml
[24.641s] -- Installing: /home/pioneer-i/ros2_ws/install/teleop_twist_joy/share/teleop_twist_joy/config/logitech.yaml
[24.641s] -- Installing: /home/pioneer-i/ros2_ws/install/teleop_twist_joy/share/teleop_twist_joy/config/ps3.config.yaml
[24.641s] -- Installing: /home/pioneer-i/ros2_ws/install/teleop_twist_joy/share/teleop_twist_joy/config/ps3-holonomic.config.yaml
[24.641s] -- Installing: /home/pioneer-i/ros2_ws/install/teleop_twist_joy/share/teleop_twist_joy/config/atk3.config.yaml
[24.642s] -- Installing: /home/pioneer-i/ros2_ws/install/teleop_twist_joy/share/teleop_twist_joy/config/xbox.config.yaml
[24.642s] -- Installing: /home/pioneer-i/ros2_ws/install/teleop_twist_joy/share/teleop_twist_joy/environment/library_path.sh
[24.642s] -- Installing: /home/pioneer-i/ros2_ws/install/teleop_twist_joy/share/teleop_twist_joy/environment/library_path.dsv
[24.643s] -- Installing: /home/pioneer-i/ros2_ws/install/teleop_twist_joy/share/ament_index/resource_index/package_run_dependencies/teleop_twist_joy
[24.643s] -- Installing: /home/pioneer-i/ros2_ws/install/teleop_twist_joy/share/ament_index/resource_index/parent_prefix_path/teleop_twist_joy
[24.644s] -- Installing: /home/pioneer-i/ros2_ws/install/teleop_twist_joy/share/teleop_twist_joy/environment/ament_prefix_path.sh
[24.644s] -- Installing: /home/pioneer-i/ros2_ws/install/teleop_twist_joy/share/teleop_twist_joy/environment/ament_prefix_path.dsv
[24.644s] -- Installing: /home/pioneer-i/ros2_ws/install/teleop_twist_joy/share/teleop_twist_joy/environment/path.sh
[24.644s] -- Installing: /home/pioneer-i/ros2_ws/install/teleop_twist_joy/share/teleop_twist_joy/environment/path.dsv
[24.645s] -- Installing: /home/pioneer-i/ros2_ws/install/teleop_twist_joy/share/teleop_twist_joy/local_setup.bash
[24.645s] -- Installing: /home/pioneer-i/ros2_ws/install/teleop_twist_joy/share/teleop_twist_joy/local_setup.sh
[24.645s] -- Installing: /home/pioneer-i/ros2_ws/install/teleop_twist_joy/share/teleop_twist_joy/local_setup.zsh
[24.646s] -- Installing: /home/pioneer-i/ros2_ws/install/teleop_twist_joy/share/teleop_twist_joy/local_setup.dsv
[24.646s] -- Installing: /home/pioneer-i/ros2_ws/install/teleop_twist_joy/share/teleop_twist_joy/package.dsv
[24.646s] -- Installing: /home/pioneer-i/ros2_ws/install/teleop_twist_joy/share/ament_index/resource_index/packages/teleop_twist_joy
[24.647s] -- Installing: /home/pioneer-i/ros2_ws/install/teleop_twist_joy/share/ament_index/resource_index/rclcpp_components/teleop_twist_joy
[24.647s] -- Installing: /home/pioneer-i/ros2_ws/install/teleop_twist_joy/share/teleop_twist_joy/cmake/ament_cmake_export_include_directories-extras.cmake
[24.647s] -- Installing: /home/pioneer-i/ros2_ws/install/teleop_twist_joy/share/teleop_twist_joy/cmake/ament_cmake_export_libraries-extras.cmake
[24.648s] -- Installing: /home/pioneer-i/ros2_ws/install/teleop_twist_joy/share/teleop_twist_joy/cmake/teleop_twist_joyConfig.cmake
[24.648s] -- Installing: /home/pioneer-i/ros2_ws/install/teleop_twist_joy/share/teleop_twist_joy/cmake/teleop_twist_joyConfig-version.cmake
[24.648s] -- Installing: /home/pioneer-i/ros2_ws/install/teleop_twist_joy/share/teleop_twist_joy/package.xml
[24.659s] Invoked command in '/home/pioneer-i/ros2_ws/build/teleop_twist_joy' returned '0': CMAKE_PREFIX_PATH=${CMAKE_PREFIX_PATH}:/home/pioneer-i/ros2_ws/install/locomotion_core:/opt/ros/foxy /usr/bin/cmake --install /home/pioneer-i/ros2_ws/build/teleop_twist_joy
