[1.322s] Invoking command in '/home/pioneer-i/ros2_ws/src/locomotion_core': PYTHONPATH=/home/pioneer-i/ros2_ws/build/locomotion_core/prefix_override:/home/pioneer-i/ros2_ws/install/locomotion_core/lib/python3.8/site-packages:${PYTHONPATH} /usr/bin/python3 setup.py egg_info --egg-base ../../build/locomotion_core build --build-base /home/pioneer-i/ros2_ws/build/locomotion_core/build install --record /home/pioneer-i/ros2_ws/build/locomotion_core/install.log --single-version-externally-managed
[1.730s] running egg_info
[1.731s] writing ../../build/locomotion_core/locomotion_core.egg-info/PKG-INFO
[1.732s] writing dependency_links to ../../build/locomotion_core/locomotion_core.egg-info/dependency_links.txt
[1.732s] writing entry points to ../../build/locomotion_core/locomotion_core.egg-info/entry_points.txt
[1.732s] writing requirements to ../../build/locomotion_core/locomotion_core.egg-info/requires.txt
[1.733s] writing top-level names to ../../build/locomotion_core/locomotion_core.egg-info/top_level.txt
[1.795s] reading manifest file '../../build/locomotion_core/locomotion_core.egg-info/SOURCES.txt'
[1.796s] writing manifest file '../../build/locomotion_core/locomotion_core.egg-info/SOURCES.txt'
[1.796s] running build
[1.797s] running build_py
[1.797s] running install
[1.798s] running install_lib
[1.801s] running install_data
[1.802s] running install_egg_info
[1.805s] removing '/home/pioneer-i/ros2_ws/install/locomotion_core/lib/python3.8/site-packages/locomotion_core-0.0.0-py3.8.egg-info' (and everything under it)
[1.806s] Copying ../../build/locomotion_core/locomotion_core.egg-info to /home/pioneer-i/ros2_ws/install/locomotion_core/lib/python3.8/site-packages/locomotion_core-0.0.0-py3.8.egg-info
[1.808s] running install_scripts
[1.842s] Installing cmd_roboteq script to /home/pioneer-i/ros2_ws/install/locomotion_core/lib/locomotion_core
[1.842s] Installing cmd_roboteq2 script to /home/pioneer-i/ros2_ws/install/locomotion_core/lib/locomotion_core
[1.842s] Installing movebase_kinematics script to /home/pioneer-i/ros2_ws/install/locomotion_core/lib/locomotion_core
[1.842s] writing list of installed files to '/home/pioneer-i/ros2_ws/build/locomotion_core/install.log'
[1.902s] Invoked command in '/home/pioneer-i/ros2_ws/src/locomotion_core' returned '0': PYTHONPATH=/home/pioneer-i/ros2_ws/build/locomotion_core/prefix_override:/home/pioneer-i/ros2_ws/install/locomotion_core/lib/python3.8/site-packages:${PYTHONPATH} /usr/bin/python3 setup.py egg_info --egg-base ../../build/locomotion_core build --build-base /home/pioneer-i/ros2_ws/build/locomotion_core/build install --record /home/pioneer-i/ros2_ws/build/locomotion_core/install.log --single-version-externally-managed
