[1.642s] Invoking command in '/home/pioneer-i/ros2_ws/build/teleop_twist_joy': CMAKE_PREFIX_PATH=${CMAKE_PREFIX_PATH}:/home/pioneer-i/ros2_ws/install/rsl_roboteq:/home/pioneer-i/ros2_ws/install/navigation_core:/home/pioneer-i/ros2_ws/install/locomotion_core:/opt/ros/foxy /usr/bin/cmake --build /home/pioneer-i/ros2_ws/build/teleop_twist_joy -- -j6 -l6
[1.776s] [ 50%] Built target teleop_twist_joy
[1.863s] [100%] Built target teleop_twist_joy_node
[1.921s] Invoked command in '/home/pioneer-i/ros2_ws/build/teleop_twist_joy' returned '0': CMAKE_PREFIX_PATH=${CMAKE_PREFIX_PATH}:/home/pioneer-i/ros2_ws/install/rsl_roboteq:/home/pioneer-i/ros2_ws/install/navigation_core:/home/pioneer-i/ros2_ws/install/locomotion_core:/opt/ros/foxy /usr/bin/cmake --build /home/pioneer-i/ros2_ws/build/teleop_twist_joy -- -j6 -l6
[1.991s] Invoking command in '/home/pioneer-i/ros2_ws/build/teleop_twist_joy': CMAKE_PREFIX_PATH=${CMAKE_PREFIX_PATH}:/home/pioneer-i/ros2_ws/install/rsl_roboteq:/home/pioneer-i/ros2_ws/install/navigation_core:/home/pioneer-i/ros2_ws/install/locomotion_core:/opt/ros/foxy /usr/bin/cmake --install /home/pioneer-i/ros2_ws/build/teleop_twist_joy
[2.010s] -- Install configuration: ""
[2.011s] -- Up-to-date: /home/pioneer-i/ros2_ws/install/teleop_twist_joy/lib/libteleop_twist_joy.so
[2.012s] -- Up-to-date: /home/pioneer-i/ros2_ws/install/teleop_twist_joy/lib/teleop_twist_joy/teleop_node
[2.014s] -- Up-to-date: /home/pioneer-i/ros2_ws/install/teleop_twist_joy/include
[2.014s] -- Up-to-date: /home/pioneer-i/ros2_ws/install/teleop_twist_joy/include/teleop_twist_joy
[2.015s] -- Up-to-date: /home/pioneer-i/ros2_ws/install/teleop_twist_joy/include/teleop_twist_joy/teleop_twist_joy.hpp
[2.015s] -- Up-to-date: /home/pioneer-i/ros2_ws/install/teleop_twist_joy/include/teleop_twist_joy/teleop_twist_joy_export.h
[2.015s] -- Up-to-date: /home/pioneer-i/ros2_ws/install/teleop_twist_joy/share/teleop_twist_joy/launch
[2.015s] -- Up-to-date: /home/pioneer-i/ros2_ws/install/teleop_twist_joy/share/teleop_twist_joy/launch/teleop-launch.py
[2.016s] -- Up-to-date: /home/pioneer-i/ros2_ws/install/teleop_twist_joy/share/teleop_twist_joy/config
[2.016s] -- Up-to-date: /home/pioneer-i/ros2_ws/install/teleop_twist_joy/share/teleop_twist_joy/config/xd3.config.yaml
[2.016s] -- Up-to-date: /home/pioneer-i/ros2_ws/install/teleop_twist_joy/share/teleop_twist_joy/config/logitech.yaml
[2.017s] -- Up-to-date: /home/pioneer-i/ros2_ws/install/teleop_twist_joy/share/teleop_twist_joy/config/ps3.config.yaml
[2.017s] -- Up-to-date: /home/pioneer-i/ros2_ws/install/teleop_twist_joy/share/teleop_twist_joy/config/ps3-holonomic.config.yaml
[2.017s] -- Up-to-date: /home/pioneer-i/ros2_ws/install/teleop_twist_joy/share/teleop_twist_joy/config/atk3.config.yaml
[2.017s] -- Up-to-date: /home/pioneer-i/ros2_ws/install/teleop_twist_joy/share/teleop_twist_joy/config/xbox.config.yaml
[2.017s] -- Up-to-date: /home/pioneer-i/ros2_ws/install/teleop_twist_joy/share/teleop_twist_joy/environment/library_path.sh
[2.017s] -- Up-to-date: /home/pioneer-i/ros2_ws/install/teleop_twist_joy/share/teleop_twist_joy/environment/library_path.dsv
[2.018s] -- Up-to-date: /home/pioneer-i/ros2_ws/install/teleop_twist_joy/share/ament_index/resource_index/package_run_dependencies/teleop_twist_joy
[2.018s] -- Up-to-date: /home/pioneer-i/ros2_ws/install/teleop_twist_joy/share/ament_index/resource_index/parent_prefix_path/teleop_twist_joy
[2.018s] -- Up-to-date: /home/pioneer-i/ros2_ws/install/teleop_twist_joy/share/teleop_twist_joy/environment/ament_prefix_path.sh
[2.018s] -- Up-to-date: /home/pioneer-i/ros2_ws/install/teleop_twist_joy/share/teleop_twist_joy/environment/ament_prefix_path.dsv
[2.018s] -- Up-to-date: /home/pioneer-i/ros2_ws/install/teleop_twist_joy/share/teleop_twist_joy/environment/path.sh
[2.018s] -- Up-to-date: /home/pioneer-i/ros2_ws/install/teleop_twist_joy/share/teleop_twist_joy/environment/path.dsv
[2.018s] -- Up-to-date: /home/pioneer-i/ros2_ws/install/teleop_twist_joy/share/teleop_twist_joy/local_setup.bash
[2.026s] -- Up-to-date: /home/pioneer-i/ros2_ws/install/teleop_twist_joy/share/teleop_twist_joy/local_setup.sh
[2.039s] -- Up-to-date: /home/pioneer-i/ros2_ws/install/teleop_twist_joy/share/teleop_twist_joy/local_setup.zsh
[2.039s] -- Up-to-date: /home/pioneer-i/ros2_ws/install/teleop_twist_joy/share/teleop_twist_joy/local_setup.dsv
[2.039s] -- Installing: /home/pioneer-i/ros2_ws/install/teleop_twist_joy/share/teleop_twist_joy/package.dsv
[2.039s] -- Up-to-date: /home/pioneer-i/ros2_ws/install/teleop_twist_joy/share/ament_index/resource_index/packages/teleop_twist_joy
[2.040s] -- Up-to-date: /home/pioneer-i/ros2_ws/install/teleop_twist_joy/share/ament_index/resource_index/rclcpp_components/teleop_twist_joy
[2.040s] -- Up-to-date: /home/pioneer-i/ros2_ws/install/teleop_twist_joy/share/teleop_twist_joy/cmake/ament_cmake_export_include_directories-extras.cmake
[2.040s] -- Up-to-date: /home/pioneer-i/ros2_ws/install/teleop_twist_joy/share/teleop_twist_joy/cmake/ament_cmake_export_libraries-extras.cmake
[2.040s] -- Up-to-date: /home/pioneer-i/ros2_ws/install/teleop_twist_joy/share/teleop_twist_joy/cmake/teleop_twist_joyConfig.cmake
[2.040s] -- Up-to-date: /home/pioneer-i/ros2_ws/install/teleop_twist_joy/share/teleop_twist_joy/cmake/teleop_twist_joyConfig-version.cmake
[2.040s] -- Up-to-date: /home/pioneer-i/ros2_ws/install/teleop_twist_joy/share/teleop_twist_joy/package.xml
[2.064s] Invoked command in '/home/pioneer-i/ros2_ws/build/teleop_twist_joy' returned '0': CMAKE_PREFIX_PATH=${CMAKE_PREFIX_PATH}:/home/pioneer-i/ros2_ws/install/rsl_roboteq:/home/pioneer-i/ros2_ws/install/navigation_core:/home/pioneer-i/ros2_ws/install/locomotion_core:/opt/ros/foxy /usr/bin/cmake --install /home/pioneer-i/ros2_ws/build/teleop_twist_joy
