[1.366s] Invoking command in '/home/pioneer-i/ros2_ws/src/locomotion_core': PYTHONPATH=/home/pioneer-i/ros2_ws/build/locomotion_core/prefix_override:/home/pioneer-i/ros2_ws/install/locomotion_core/lib/python3.8/site-packages:${PYTHONPATH} /usr/bin/python3 setup.py egg_info --egg-base ../../build/locomotion_core build --build-base /home/pioneer-i/ros2_ws/build/locomotion_core/build install --record /home/pioneer-i/ros2_ws/build/locomotion_core/install.log --single-version-externally-managed
[1.780s] running egg_info
[1.781s] writing ../../build/locomotion_core/locomotion_core.egg-info/PKG-INFO
[1.782s] writing dependency_links to ../../build/locomotion_core/locomotion_core.egg-info/dependency_links.txt
[1.782s] writing entry points to ../../build/locomotion_core/locomotion_core.egg-info/entry_points.txt
[1.783s] writing requirements to ../../build/locomotion_core/locomotion_core.egg-info/requires.txt
[1.783s] writing top-level names to ../../build/locomotion_core/locomotion_core.egg-info/top_level.txt
[1.848s] reading manifest file '../../build/locomotion_core/locomotion_core.egg-info/SOURCES.txt'
[1.849s] writing manifest file '../../build/locomotion_core/locomotion_core.egg-info/SOURCES.txt'
[1.850s] running build
[1.850s] running build_py
[1.850s] copying locomotion_core/cmd_roboteq.py -> /home/pioneer-i/ros2_ws/build/locomotion_core/build/lib/locomotion_core
[1.851s] running install
[1.852s] running install_lib
[1.854s] copying /home/pioneer-i/ros2_ws/build/locomotion_core/build/lib/locomotion_core/cmd_roboteq.py -> /home/pioneer-i/ros2_ws/install/locomotion_core/lib/python3.8/site-packages/locomotion_core
[1.855s] byte-compiling /home/pioneer-i/ros2_ws/install/locomotion_core/lib/python3.8/site-packages/locomotion_core/cmd_roboteq.py to cmd_roboteq.cpython-38.pyc
[1.858s] running install_data
[1.859s] running install_egg_info
[1.862s] removing '/home/pioneer-i/ros2_ws/install/locomotion_core/lib/python3.8/site-packages/locomotion_core-0.0.0-py3.8.egg-info' (and everything under it)
[1.863s] Copying ../../build/locomotion_core/locomotion_core.egg-info to /home/pioneer-i/ros2_ws/install/locomotion_core/lib/python3.8/site-packages/locomotion_core-0.0.0-py3.8.egg-info
[1.865s] running install_scripts
[1.898s] Installing cmd_roboteq script to /home/pioneer-i/ros2_ws/install/locomotion_core/lib/locomotion_core
[1.899s] Installing movebase_kinematics script to /home/pioneer-i/ros2_ws/install/locomotion_core/lib/locomotion_core
[1.899s] writing list of installed files to '/home/pioneer-i/ros2_ws/build/locomotion_core/install.log'
[1.962s] Invoked command in '/home/pioneer-i/ros2_ws/src/locomotion_core' returned '0': PYTHONPATH=/home/pioneer-i/ros2_ws/build/locomotion_core/prefix_override:/home/pioneer-i/ros2_ws/install/locomotion_core/lib/python3.8/site-packages:${PYTHONPATH} /usr/bin/python3 setup.py egg_info --egg-base ../../build/locomotion_core build --build-base /home/pioneer-i/ros2_ws/build/locomotion_core/build install --record /home/pioneer-i/ros2_ws/build/locomotion_core/install.log --single-version-externally-managed
