[1.515s] Invoking command in '/home/pioneer-i/ros2_ws/build/rplidar_ros': CMAKE_PREFIX_PATH=${CMAKE_PREFIX_PATH}:/home/pioneer-i/ros2_ws/install/rsl_roboteq:/home/pioneer-i/ros2_ws/install/navigation_core:/home/pioneer-i/ros2_ws/install/locomotion_core:/opt/ros/foxy /usr/bin/cmake --build /home/pioneer-i/ros2_ws/build/rplidar_ros -- -j6 -l6
[2.187s] [ 23%] Built target rplidar_client
[2.187s] [ 96%] Built target rplidar_node
[2.188s] [100%] Built target rplidar_composition
[2.362s] Invoked command in '/home/pioneer-i/ros2_ws/build/rplidar_ros' returned '0': CMAKE_PREFIX_PATH=${CMAKE_PREFIX_PATH}:/home/pioneer-i/ros2_ws/install/rsl_roboteq:/home/pioneer-i/ros2_ws/install/navigation_core:/home/pioneer-i/ros2_ws/install/locomotion_core:/opt/ros/foxy /usr/bin/cmake --build /home/pioneer-i/ros2_ws/build/rplidar_ros -- -j6 -l6
[2.444s] Invoking command in '/home/pioneer-i/ros2_ws/build/rplidar_ros': CMAKE_PREFIX_PATH=${CMAKE_PREFIX_PATH}:/home/pioneer-i/ros2_ws/install/rsl_roboteq:/home/pioneer-i/ros2_ws/install/navigation_core:/home/pioneer-i/ros2_ws/install/locomotion_core:/opt/ros/foxy /usr/bin/cmake --install /home/pioneer-i/ros2_ws/build/rplidar_ros
[2.516s] -- Install configuration: ""
[2.516s] -- Up-to-date: /home/pioneer-i/ros2_ws/install/rplidar_ros/share/rplidar_ros/launch
[2.517s] -- Up-to-date: /home/pioneer-i/ros2_ws/install/rplidar_ros/share/rplidar_ros/launch/view_rplidar_a2m12_launch.py
[2.517s] -- Up-to-date: /home/pioneer-i/ros2_ws/install/rplidar_ros/share/rplidar_ros/launch/view_rplidar_s2e_launch.py
[2.517s] -- Up-to-date: /home/pioneer-i/ros2_ws/install/rplidar_ros/share/rplidar_ros/launch/rplidar_a2m12_launch.py
[2.517s] -- Up-to-date: /home/pioneer-i/ros2_ws/install/rplidar_ros/share/rplidar_ros/launch/rplidar_a1_launch.py
[2.517s] -- Up-to-date: /home/pioneer-i/ros2_ws/install/rplidar_ros/share/rplidar_ros/launch/rplidar_s1_tcp_launch.py
[2.517s] -- Up-to-date: /home/pioneer-i/ros2_ws/install/rplidar_ros/share/rplidar_ros/launch/rplidar_a2m8_launch.py
[2.517s] -- Up-to-date: /home/pioneer-i/ros2_ws/install/rplidar_ros/share/rplidar_ros/launch/rplidar_s2e_launch.py
[2.518s] -- Up-to-date: /home/pioneer-i/ros2_ws/install/rplidar_ros/share/rplidar_ros/launch/rplidar_s3_launch.py
[2.518s] -- Up-to-date: /home/pioneer-i/ros2_ws/install/rplidar_ros/share/rplidar_ros/launch/rplidar_t1_launch.py
[2.518s] -- Up-to-date: /home/pioneer-i/ros2_ws/install/rplidar_ros/share/rplidar_ros/launch/rplidar_s1_launch.py
[2.518s] -- Up-to-date: /home/pioneer-i/ros2_ws/install/rplidar_ros/share/rplidar_ros/launch/view_rplidar_s3_launch.py
[2.518s] -- Up-to-date: /home/pioneer-i/ros2_ws/install/rplidar_ros/share/rplidar_ros/launch/view_rplidar_a2m7_launch.py
[2.519s] -- Up-to-date: /home/pioneer-i/ros2_ws/install/rplidar_ros/share/rplidar_ros/launch/view_rplidar_a2m8_launch.py
[2.519s] -- Up-to-date: /home/pioneer-i/ros2_ws/install/rplidar_ros/share/rplidar_ros/launch/rplidar_a2m7_launch.py
[2.519s] -- Up-to-date: /home/pioneer-i/ros2_ws/install/rplidar_ros/share/rplidar_ros/launch/rplidar_s2_launch.py
[2.519s] -- Up-to-date: /home/pioneer-i/ros2_ws/install/rplidar_ros/share/rplidar_ros/launch/view_rplidar_s1_launch.py
[2.519s] -- Up-to-date: /home/pioneer-i/ros2_ws/install/rplidar_ros/share/rplidar_ros/launch/view_rplidar_t1_launch.py
[2.519s] -- Up-to-date: /home/pioneer-i/ros2_ws/install/rplidar_ros/share/rplidar_ros/launch/view_rplidar_s1_tcp_launch.py
[2.519s] -- Up-to-date: /home/pioneer-i/ros2_ws/install/rplidar_ros/share/rplidar_ros/launch/view_rplidar_a1_launch.py
[2.519s] -- Up-to-date: /home/pioneer-i/ros2_ws/install/rplidar_ros/share/rplidar_ros/launch/rplidar_a3_launch.py
[2.520s] -- Up-to-date: /home/pioneer-i/ros2_ws/install/rplidar_ros/share/rplidar_ros/launch/view_rplidar_a3_launch.py
[2.520s] -- Up-to-date: /home/pioneer-i/ros2_ws/install/rplidar_ros/share/rplidar_ros/launch/view_rplidar_s2_launch.py
[2.520s] -- Up-to-date: /home/pioneer-i/ros2_ws/install/rplidar_ros/share/rplidar_ros/rviz
[2.520s] -- Up-to-date: /home/pioneer-i/ros2_ws/install/rplidar_ros/share/rplidar_ros/rviz/rplidar_ros.rviz
[2.521s] -- Up-to-date: /home/pioneer-i/ros2_ws/install/rplidar_ros/lib/rplidar_ros/rplidar_node
[2.523s] -- Up-to-date: /home/pioneer-i/ros2_ws/install/rplidar_ros/lib/rplidar_ros/rplidar_composition
[2.530s] -- Up-to-date: /home/pioneer-i/ros2_ws/install/rplidar_ros/lib/rplidar_ros/rplidar_client
[2.530s] -- Up-to-date: /home/pioneer-i/ros2_ws/install/rplidar_ros/share/ament_index/resource_index/package_run_dependencies/rplidar_ros
[2.530s] -- Up-to-date: /home/pioneer-i/ros2_ws/install/rplidar_ros/share/ament_index/resource_index/parent_prefix_path/rplidar_ros
[2.530s] -- Up-to-date: /home/pioneer-i/ros2_ws/install/rplidar_ros/share/rplidar_ros/environment/ament_prefix_path.sh
[2.530s] -- Up-to-date: /home/pioneer-i/ros2_ws/install/rplidar_ros/share/rplidar_ros/environment/ament_prefix_path.dsv
[2.531s] -- Up-to-date: /home/pioneer-i/ros2_ws/install/rplidar_ros/share/rplidar_ros/environment/path.sh
[2.531s] -- Up-to-date: /home/pioneer-i/ros2_ws/install/rplidar_ros/share/rplidar_ros/environment/path.dsv
[2.531s] -- Up-to-date: /home/pioneer-i/ros2_ws/install/rplidar_ros/share/rplidar_ros/local_setup.bash
[2.531s] -- Up-to-date: /home/pioneer-i/ros2_ws/install/rplidar_ros/share/rplidar_ros/local_setup.sh
[2.531s] -- Up-to-date: /home/pioneer-i/ros2_ws/install/rplidar_ros/share/rplidar_ros/local_setup.zsh
[2.531s] -- Up-to-date: /home/pioneer-i/ros2_ws/install/rplidar_ros/share/rplidar_ros/local_setup.dsv
[2.531s] -- Installing: /home/pioneer-i/ros2_ws/install/rplidar_ros/share/rplidar_ros/package.dsv
[2.532s] -- Up-to-date: /home/pioneer-i/ros2_ws/install/rplidar_ros/share/ament_index/resource_index/packages/rplidar_ros
[2.532s] -- Up-to-date: /home/pioneer-i/ros2_ws/install/rplidar_ros/share/rplidar_ros/cmake/ament_cmake_export_dependencies-extras.cmake
[2.533s] -- Up-to-date: /home/pioneer-i/ros2_ws/install/rplidar_ros/share/rplidar_ros/cmake/ament_cmake_export_include_directories-extras.cmake
[2.534s] -- Up-to-date: /home/pioneer-i/ros2_ws/install/rplidar_ros/share/rplidar_ros/cmake/rplidar_rosConfig.cmake
[2.535s] -- Up-to-date: /home/pioneer-i/ros2_ws/install/rplidar_ros/share/rplidar_ros/cmake/rplidar_rosConfig-version.cmake
[2.535s] -- Up-to-date: /home/pioneer-i/ros2_ws/install/rplidar_ros/share/rplidar_ros/package.xml
[2.606s] Invoked command in '/home/pioneer-i/ros2_ws/build/rplidar_ros' returned '0': CMAKE_PREFIX_PATH=${CMAKE_PREFIX_PATH}:/home/pioneer-i/ros2_ws/install/rsl_roboteq:/home/pioneer-i/ros2_ws/install/navigation_core:/home/pioneer-i/ros2_ws/install/locomotion_core:/opt/ros/foxy /usr/bin/cmake --install /home/pioneer-i/ros2_ws/build/rplidar_ros
