[3.868s] Invoking command in '/home/pioneer-i/ros2_ws/src/rsl_roboteq': PYTHONPATH=/home/pioneer-i/ros2_ws/build/rsl_roboteq/prefix_override:/home/pioneer-i/ros2_ws/install/rsl_roboteq/lib/python3.8/site-packages:${PYTHONPATH} /usr/bin/python3 setup.py egg_info --egg-base ../../build/rsl_roboteq build --build-base /home/pioneer-i/ros2_ws/build/rsl_roboteq/build install --record /home/pioneer-i/ros2_ws/build/rsl_roboteq/install.log --single-version-externally-managed
[4.315s] running egg_info
[4.317s] writing ../../build/rsl_roboteq/rsl_roboteq.egg-info/PKG-INFO
[4.317s] writing dependency_links to ../../build/rsl_roboteq/rsl_roboteq.egg-info/dependency_links.txt
[4.318s] writing entry points to ../../build/rsl_roboteq/rsl_roboteq.egg-info/entry_points.txt
[4.318s] writing requirements to ../../build/rsl_roboteq/rsl_roboteq.egg-info/requires.txt
[4.318s] writing top-level names to ../../build/rsl_roboteq/rsl_roboteq.egg-info/top_level.txt
[4.520s] reading manifest file '../../build/rsl_roboteq/rsl_roboteq.egg-info/SOURCES.txt'
[4.659s] writing manifest file '../../build/rsl_roboteq/rsl_roboteq.egg-info/SOURCES.txt'
[4.660s] running build
[4.660s] running build_py
[4.661s] running install
[4.662s] running install_lib
[4.665s] running install_data
[4.666s] running install_egg_info
[4.670s] removing '/home/pioneer-i/ros2_ws/install/rsl_roboteq/lib/python3.8/site-packages/rsl_roboteq-0.0.0-py3.8.egg-info' (and everything under it)
[4.670s] Copying ../../build/rsl_roboteq/rsl_roboteq.egg-info to /home/pioneer-i/ros2_ws/install/rsl_roboteq/lib/python3.8/site-packages/rsl_roboteq-0.0.0-py3.8.egg-info
[4.673s] running install_scripts
[4.710s] Installing roboteq_node script to /home/pioneer-i/ros2_ws/install/rsl_roboteq/lib/rsl_roboteq
[4.711s] writing list of installed files to '/home/pioneer-i/ros2_ws/build/rsl_roboteq/install.log'
[4.803s] Invoked command in '/home/pioneer-i/ros2_ws/src/rsl_roboteq' returned '0': PYTHONPATH=/home/pioneer-i/ros2_ws/build/rsl_roboteq/prefix_override:/home/pioneer-i/ros2_ws/install/rsl_roboteq/lib/python3.8/site-packages:${PYTHONPATH} /usr/bin/python3 setup.py egg_info --egg-base ../../build/rsl_roboteq build --build-base /home/pioneer-i/ros2_ws/build/rsl_roboteq/build install --record /home/pioneer-i/ros2_ws/build/rsl_roboteq/install.log --single-version-externally-managed
