[ 25%] [32mBuilding CXX object CMakeFiles/teleop_twist_joy.dir/src/teleop_twist_joy.cpp.o[0m
[ 50%] [32m[1mLinking CXX shared library libteleop_twist_joy.so[0m
[ 50%] Built target teleop_twist_joy
[ 75%] [32m[1mLinking CXX executable teleop_node[0m
[100%] Built target teleop_twist_joy_node
-- Install configuration: ""
-- Installing: /home/pioneer-i/ros2_ws/install/teleop_twist_joy/lib/libteleop_twist_joy.so
-- Set runtime path of "/home/pioneer-i/ros2_ws/install/teleop_twist_joy/lib/libteleop_twist_joy.so" to ""
-- Installing: /home/pioneer-i/ros2_ws/install/teleop_twist_joy/lib/teleop_twist_joy/teleop_node
-- Set runtime path of "/home/pioneer-i/ros2_ws/install/teleop_twist_joy/lib/teleop_twist_joy/teleop_node" to ""
-- Up-to-date: /home/pioneer-i/ros2_ws/install/teleop_twist_joy/include
-- Up-to-date: /home/pioneer-i/ros2_ws/install/teleop_twist_joy/include/teleop_twist_joy
-- Up-to-date: /home/pioneer-i/ros2_ws/install/teleop_twist_joy/include/teleop_twist_joy/teleop_twist_joy.hpp
-- Up-to-date: /home/pioneer-i/ros2_ws/install/teleop_twist_joy/include/teleop_twist_joy/teleop_twist_joy_export.h
-- Up-to-date: /home/pioneer-i/ros2_ws/install/teleop_twist_joy/share/teleop_twist_joy/launch
-- Up-to-date: /home/pioneer-i/ros2_ws/install/teleop_twist_joy/share/teleop_twist_joy/launch/teleop-launch.py
-- Up-to-date: /home/pioneer-i/ros2_ws/install/teleop_twist_joy/share/teleop_twist_joy/config
-- Up-to-date: /home/pioneer-i/ros2_ws/install/teleop_twist_joy/share/teleop_twist_joy/config/xd3.config.yaml
-- Up-to-date: /home/pioneer-i/ros2_ws/install/teleop_twist_joy/share/teleop_twist_joy/config/logitech.yaml
-- Up-to-date: /home/pioneer-i/ros2_ws/install/teleop_twist_joy/share/teleop_twist_joy/config/ps3.config.yaml
-- Up-to-date: /home/pioneer-i/ros2_ws/install/teleop_twist_joy/share/teleop_twist_joy/config/ps3-holonomic.config.yaml
-- Up-to-date: /home/pioneer-i/ros2_ws/install/teleop_twist_joy/share/teleop_twist_joy/config/atk3.config.yaml
-- Up-to-date: /home/pioneer-i/ros2_ws/install/teleop_twist_joy/share/teleop_twist_joy/config/xbox.config.yaml
-- Up-to-date: /home/pioneer-i/ros2_ws/install/teleop_twist_joy/share/teleop_twist_joy/environment/library_path.sh
-- Up-to-date: /home/pioneer-i/ros2_ws/install/teleop_twist_joy/share/teleop_twist_joy/environment/library_path.dsv
-- Up-to-date: /home/pioneer-i/ros2_ws/install/teleop_twist_joy/share/ament_index/resource_index/package_run_dependencies/teleop_twist_joy
-- Up-to-date: /home/pioneer-i/ros2_ws/install/teleop_twist_joy/share/ament_index/resource_index/parent_prefix_path/teleop_twist_joy
-- Up-to-date: /home/pioneer-i/ros2_ws/install/teleop_twist_joy/share/teleop_twist_joy/environment/ament_prefix_path.sh
-- Up-to-date: /home/pioneer-i/ros2_ws/install/teleop_twist_joy/share/teleop_twist_joy/environment/ament_prefix_path.dsv
-- Up-to-date: /home/pioneer-i/ros2_ws/install/teleop_twist_joy/share/teleop_twist_joy/environment/path.sh
-- Up-to-date: /home/pioneer-i/ros2_ws/install/teleop_twist_joy/share/teleop_twist_joy/environment/path.dsv
-- Up-to-date: /home/pioneer-i/ros2_ws/install/teleop_twist_joy/share/teleop_twist_joy/local_setup.bash
-- Up-to-date: /home/pioneer-i/ros2_ws/install/teleop_twist_joy/share/teleop_twist_joy/local_setup.sh
-- Up-to-date: /home/pioneer-i/ros2_ws/install/teleop_twist_joy/share/teleop_twist_joy/local_setup.zsh
-- Up-to-date: /home/pioneer-i/ros2_ws/install/teleop_twist_joy/share/teleop_twist_joy/local_setup.dsv
-- Up-to-date: /home/pioneer-i/ros2_ws/install/teleop_twist_joy/share/teleop_twist_joy/package.dsv
-- Up-to-date: /home/pioneer-i/ros2_ws/install/teleop_twist_joy/share/ament_index/resource_index/packages/teleop_twist_joy
-- Up-to-date: /home/pioneer-i/ros2_ws/install/teleop_twist_joy/share/ament_index/resource_index/rclcpp_components/teleop_twist_joy
-- Up-to-date: /home/pioneer-i/ros2_ws/install/teleop_twist_joy/share/teleop_twist_joy/cmake/ament_cmake_export_include_directories-extras.cmake
-- Up-to-date: /home/pioneer-i/ros2_ws/install/teleop_twist_joy/share/teleop_twist_joy/cmake/ament_cmake_export_libraries-extras.cmake
-- Up-to-date: /home/pioneer-i/ros2_ws/install/teleop_twist_joy/share/teleop_twist_joy/cmake/teleop_twist_joyConfig.cmake
-- Up-to-date: /home/pioneer-i/ros2_ws/install/teleop_twist_joy/share/teleop_twist_joy/cmake/teleop_twist_joyConfig-version.cmake
-- Up-to-date: /home/pioneer-i/ros2_ws/install/teleop_twist_joy/share/teleop_twist_joy/package.xml
