[0.933s] Invoking command in '/home/pioneer-i/ros2_ws/build/teleop_twist_joy': CMAKE_PREFIX_PATH=${CMAKE_PREFIX_PATH}:/home/pioneer-i/ros2_ws_new/install/rsl_roboteq:/home/pioneer-i/ros2_ws_new/install/locomotion_core:/opt/ros/foxy /usr/bin/cmake --build /home/pioneer-i/ros2_ws/build/teleop_twist_joy -- -j6 -l6
[1.322s] [ 25%] [32mBuilding CXX object CMakeFiles/teleop_twist_joy.dir/src/teleop_twist_joy.cpp.o[0m
[14.741s] [ 50%] [32m[1mLinking CXX shared library libteleop_twist_joy.so[0m
[15.442s] [ 50%] Built target teleop_twist_joy
[15.634s] [ 75%] [32m[1mLinking CXX executable teleop_node[0m
[16.530s] [100%] Built target teleop_twist_joy_node
[16.674s] Invoked command in '/home/pioneer-i/ros2_ws/build/teleop_twist_joy' returned '0': CMAKE_PREFIX_PATH=${CMAKE_PREFIX_PATH}:/home/pioneer-i/ros2_ws_new/install/rsl_roboteq:/home/pioneer-i/ros2_ws_new/install/locomotion_core:/opt/ros/foxy /usr/bin/cmake --build /home/pioneer-i/ros2_ws/build/teleop_twist_joy -- -j6 -l6
[16.728s] Invoking command in '/home/pioneer-i/ros2_ws/build/teleop_twist_joy': CMAKE_PREFIX_PATH=${CMAKE_PREFIX_PATH}:/home/pioneer-i/ros2_ws_new/install/rsl_roboteq:/home/pioneer-i/ros2_ws_new/install/locomotion_core:/opt/ros/foxy /usr/bin/cmake --install /home/pioneer-i/ros2_ws/build/teleop_twist_joy
[16.883s] -- Install configuration: ""
[16.884s] -- Installing: /home/pioneer-i/ros2_ws/install/teleop_twist_joy/lib/libteleop_twist_joy.so
[16.893s] -- Set runtime path of "/home/pioneer-i/ros2_ws/install/teleop_twist_joy/lib/libteleop_twist_joy.so" to ""
[16.893s] -- Installing: /home/pioneer-i/ros2_ws/install/teleop_twist_joy/lib/teleop_twist_joy/teleop_node
[16.894s] -- Set runtime path of "/home/pioneer-i/ros2_ws/install/teleop_twist_joy/lib/teleop_twist_joy/teleop_node" to ""
[16.894s] -- Up-to-date: /home/pioneer-i/ros2_ws/install/teleop_twist_joy/include
[16.895s] -- Up-to-date: /home/pioneer-i/ros2_ws/install/teleop_twist_joy/include/teleop_twist_joy
[16.895s] -- Up-to-date: /home/pioneer-i/ros2_ws/install/teleop_twist_joy/include/teleop_twist_joy/teleop_twist_joy.hpp
[16.895s] -- Up-to-date: /home/pioneer-i/ros2_ws/install/teleop_twist_joy/include/teleop_twist_joy/teleop_twist_joy_export.h
[16.895s] -- Up-to-date: /home/pioneer-i/ros2_ws/install/teleop_twist_joy/share/teleop_twist_joy/launch
[16.896s] -- Up-to-date: /home/pioneer-i/ros2_ws/install/teleop_twist_joy/share/teleop_twist_joy/launch/teleop-launch.py
[16.896s] -- Up-to-date: /home/pioneer-i/ros2_ws/install/teleop_twist_joy/share/teleop_twist_joy/config
[16.896s] -- Up-to-date: /home/pioneer-i/ros2_ws/install/teleop_twist_joy/share/teleop_twist_joy/config/xd3.config.yaml
[16.896s] -- Up-to-date: /home/pioneer-i/ros2_ws/install/teleop_twist_joy/share/teleop_twist_joy/config/logitech.yaml
[16.897s] -- Up-to-date: /home/pioneer-i/ros2_ws/install/teleop_twist_joy/share/teleop_twist_joy/config/ps3.config.yaml
[16.897s] -- Up-to-date: /home/pioneer-i/ros2_ws/install/teleop_twist_joy/share/teleop_twist_joy/config/ps3-holonomic.config.yaml
[16.897s] -- Up-to-date: /home/pioneer-i/ros2_ws/install/teleop_twist_joy/share/teleop_twist_joy/config/atk3.config.yaml
[16.897s] -- Up-to-date: /home/pioneer-i/ros2_ws/install/teleop_twist_joy/share/teleop_twist_joy/config/xbox.config.yaml
[16.897s] -- Up-to-date: /home/pioneer-i/ros2_ws/install/teleop_twist_joy/share/teleop_twist_joy/environment/library_path.sh
[16.898s] -- Up-to-date: /home/pioneer-i/ros2_ws/install/teleop_twist_joy/share/teleop_twist_joy/environment/library_path.dsv
[16.898s] -- Up-to-date: /home/pioneer-i/ros2_ws/install/teleop_twist_joy/share/ament_index/resource_index/package_run_dependencies/teleop_twist_joy
[16.898s] -- Up-to-date: /home/pioneer-i/ros2_ws/install/teleop_twist_joy/share/ament_index/resource_index/parent_prefix_path/teleop_twist_joy
[16.898s] -- Up-to-date: /home/pioneer-i/ros2_ws/install/teleop_twist_joy/share/teleop_twist_joy/environment/ament_prefix_path.sh
[16.898s] -- Up-to-date: /home/pioneer-i/ros2_ws/install/teleop_twist_joy/share/teleop_twist_joy/environment/ament_prefix_path.dsv
[16.898s] -- Up-to-date: /home/pioneer-i/ros2_ws/install/teleop_twist_joy/share/teleop_twist_joy/environment/path.sh
[16.898s] -- Up-to-date: /home/pioneer-i/ros2_ws/install/teleop_twist_joy/share/teleop_twist_joy/environment/path.dsv
[16.899s] -- Up-to-date: /home/pioneer-i/ros2_ws/install/teleop_twist_joy/share/teleop_twist_joy/local_setup.bash
[16.899s] -- Up-to-date: /home/pioneer-i/ros2_ws/install/teleop_twist_joy/share/teleop_twist_joy/local_setup.sh
[16.899s] -- Up-to-date: /home/pioneer-i/ros2_ws/install/teleop_twist_joy/share/teleop_twist_joy/local_setup.zsh
[16.899s] -- Up-to-date: /home/pioneer-i/ros2_ws/install/teleop_twist_joy/share/teleop_twist_joy/local_setup.dsv
[16.899s] -- Up-to-date: /home/pioneer-i/ros2_ws/install/teleop_twist_joy/share/teleop_twist_joy/package.dsv
[16.899s] -- Up-to-date: /home/pioneer-i/ros2_ws/install/teleop_twist_joy/share/ament_index/resource_index/packages/teleop_twist_joy
[16.899s] -- Up-to-date: /home/pioneer-i/ros2_ws/install/teleop_twist_joy/share/ament_index/resource_index/rclcpp_components/teleop_twist_joy
[16.900s] -- Up-to-date: /home/pioneer-i/ros2_ws/install/teleop_twist_joy/share/teleop_twist_joy/cmake/ament_cmake_export_include_directories-extras.cmake
[16.900s] -- Up-to-date: /home/pioneer-i/ros2_ws/install/teleop_twist_joy/share/teleop_twist_joy/cmake/ament_cmake_export_libraries-extras.cmake
[16.900s] -- Up-to-date: /home/pioneer-i/ros2_ws/install/teleop_twist_joy/share/teleop_twist_joy/cmake/teleop_twist_joyConfig.cmake
[16.900s] -- Up-to-date: /home/pioneer-i/ros2_ws/install/teleop_twist_joy/share/teleop_twist_joy/cmake/teleop_twist_joyConfig-version.cmake
[16.900s] -- Up-to-date: /home/pioneer-i/ros2_ws/install/teleop_twist_joy/share/teleop_twist_joy/package.xml
[16.909s] Invoked command in '/home/pioneer-i/ros2_ws/build/teleop_twist_joy' returned '0': CMAKE_PREFIX_PATH=${CMAKE_PREFIX_PATH}:/home/pioneer-i/ros2_ws_new/install/rsl_roboteq:/home/pioneer-i/ros2_ws_new/install/locomotion_core:/opt/ros/foxy /usr/bin/cmake --install /home/pioneer-i/ros2_ws/build/teleop_twist_joy
