[4.008s] Invoking command in '/home/pioneer-i/ros2_ws/src/rsl_roboteq': PYTHONPATH=/home/pioneer-i/ros2_ws/build/rsl_roboteq/prefix_override:/home/pioneer-i/ros2_ws/install/rsl_roboteq/lib/python3.8/site-packages:${PYTHONPATH} /usr/bin/python3 setup.py egg_info --egg-base ../../build/rsl_roboteq build --build-base /home/pioneer-i/ros2_ws/build/rsl_roboteq/build install --record /home/pioneer-i/ros2_ws/build/rsl_roboteq/install.log --single-version-externally-managed
[4.489s] running egg_info
[4.490s] writing ../../build/rsl_roboteq/rsl_roboteq.egg-info/PKG-INFO
[4.491s] writing dependency_links to ../../build/rsl_roboteq/rsl_roboteq.egg-info/dependency_links.txt
[4.492s] writing entry points to ../../build/rsl_roboteq/rsl_roboteq.egg-info/entry_points.txt
[4.492s] writing requirements to ../../build/rsl_roboteq/rsl_roboteq.egg-info/requires.txt
[4.492s] writing top-level names to ../../build/rsl_roboteq/rsl_roboteq.egg-info/top_level.txt
[4.694s] reading manifest file '../../build/rsl_roboteq/rsl_roboteq.egg-info/SOURCES.txt'
[4.834s] writing manifest file '../../build/rsl_roboteq/rsl_roboteq.egg-info/SOURCES.txt'
[4.835s] running build
[4.835s] running build_py
[4.836s] running install
[4.837s] running install_lib
[4.841s] running install_data
[4.842s] running install_egg_info
[4.846s] removing '/home/pioneer-i/ros2_ws/install/rsl_roboteq/lib/python3.8/site-packages/rsl_roboteq-0.0.0-py3.8.egg-info' (and everything under it)
[4.847s] Copying ../../build/rsl_roboteq/rsl_roboteq.egg-info to /home/pioneer-i/ros2_ws/install/rsl_roboteq/lib/python3.8/site-packages/rsl_roboteq-0.0.0-py3.8.egg-info
[4.850s] running install_scripts
[4.891s] Installing roboteq_node script to /home/pioneer-i/ros2_ws/install/rsl_roboteq/lib/rsl_roboteq
[4.891s] writing list of installed files to '/home/pioneer-i/ros2_ws/build/rsl_roboteq/install.log'
[4.964s] Invoked command in '/home/pioneer-i/ros2_ws/src/rsl_roboteq' returned '0': PYTHONPATH=/home/pioneer-i/ros2_ws/build/rsl_roboteq/prefix_override:/home/pioneer-i/ros2_ws/install/rsl_roboteq/lib/python3.8/site-packages:${PYTHONPATH} /usr/bin/python3 setup.py egg_info --egg-base ../../build/rsl_roboteq build --build-base /home/pioneer-i/ros2_ws/build/rsl_roboteq/build install --record /home/pioneer-i/ros2_ws/build/rsl_roboteq/install.log --single-version-externally-managed
