[1.050s] Invoking command in '/home/pioneer-i/ros2_ws/build/rplidar_ros': CMAKE_PREFIX_PATH=${CMAKE_PREFIX_PATH}:/home/pioneer-i/ros2_ws/install/rsl_roboteq:/home/pioneer-i/ros2_ws/install/locomotion_core:/opt/ros/foxy /usr/bin/cmake /home/pioneer-i/ros2_ws/src/rplidar_ros -DCMAKE_INSTALL_PREFIX=/home/pioneer-i/ros2_ws/install/rplidar_ros
[1.681s] -- The C compiler identification is GNU 9.4.0
[2.344s] -- The CXX compiler identification is GNU 9.4.0
[2.362s] -- Check for working C compiler: /usr/bin/cc
[2.597s] -- Check for working C compiler: /usr/bin/cc -- works
[2.736s] -- Detecting C compiler ABI info
[3.047s] -- Detecting C compiler ABI info - done
[3.123s] -- Detecting C compile features
[3.126s] -- Detecting C compile features - done
[3.133s] -- Check for working CXX compiler: /usr/bin/c++
[3.288s] -- Check for working CXX compiler: /usr/bin/c++ -- works
[3.289s] -- Detecting CXX compiler ABI info
[3.857s] -- Detecting CXX compiler ABI info - done
[3.891s] -- Detecting CXX compile features
[3.892s] -- Detecting CXX compile features - done
[4.038s] -- Found ament_cmake: 0.9.12 (/opt/ros/foxy/share/ament_cmake/cmake)
[4.232s] -- Found PythonInterp: /usr/bin/python3 (found suitable version "3.8.10", minimum required is "3") 
[4.232s] -- Using PYTHON_EXECUTABLE: /usr/bin/python3
[5.079s] -- Found rclcpp: 2.4.3 (/opt/ros/foxy/share/rclcpp/cmake)
[5.330s] -- Using all available rosidl_typesupport_c: rosidl_typesupport_fastrtps_c;rosidl_typesupport_introspection_c
[5.346s] -- Found rosidl_adapter: 1.3.1 (/opt/ros/foxy/share/rosidl_adapter/cmake)
[5.810s] -- Found OpenSSL: /usr/lib/aarch64-linux-gnu/libcrypto.so (found version "1.1.1f")  
[6.008s] -- Found FastRTPS: /opt/ros/foxy/include  
[6.449s] -- Using all available rosidl_typesupport_cpp: rosidl_typesupport_fastrtps_cpp;rosidl_typesupport_introspection_cpp
[6.719s] -- Found rmw_implementation_cmake: 1.0.4 (/opt/ros/foxy/share/rmw_implementation_cmake/cmake)
[6.724s] -- Using RMW implementation 'rmw_fastrtps_cpp' as default
[6.727s] -- Looking for pthread.h
[7.018s] -- Looking for pthread.h - found
[7.018s] -- Performing Test CMAKE_HAVE_LIBC_PTHREAD
[7.374s] -- Performing Test CMAKE_HAVE_LIBC_PTHREAD - Failed
[7.375s] -- Looking for pthread_create in pthreads
[7.860s] -- Looking for pthread_create in pthreads - not found
[7.860s] -- Looking for pthread_create in pthread
[8.077s] -- Looking for pthread_create in pthread - found
[8.080s] -- Found Threads: TRUE  
[9.507s] -- Found sensor_msgs: 2.0.5 (/opt/ros/foxy/share/sensor_msgs/cmake)
[10.004s] -- Found std_srvs: 2.0.5 (/opt/ros/foxy/share/std_srvs/cmake)
[10.303s] -- Configuring done
[10.338s] -- Generating done
[10.341s] -- Build files have been written to: /home/pioneer-i/ros2_ws/build/rplidar_ros
[10.364s] Invoked command in '/home/pioneer-i/ros2_ws/build/rplidar_ros' returned '0': CMAKE_PREFIX_PATH=${CMAKE_PREFIX_PATH}:/home/pioneer-i/ros2_ws/install/rsl_roboteq:/home/pioneer-i/ros2_ws/install/locomotion_core:/opt/ros/foxy /usr/bin/cmake /home/pioneer-i/ros2_ws/src/rplidar_ros -DCMAKE_INSTALL_PREFIX=/home/pioneer-i/ros2_ws/install/rplidar_ros
[10.370s] Invoking command in '/home/pioneer-i/ros2_ws/build/rplidar_ros': CMAKE_PREFIX_PATH=${CMAKE_PREFIX_PATH}:/home/pioneer-i/ros2_ws/install/rsl_roboteq:/home/pioneer-i/ros2_ws/install/locomotion_core:/opt/ros/foxy /usr/bin/cmake --build /home/pioneer-i/ros2_ws/build/rplidar_ros -- -j6 -l6
[10.451s] [35m[1mScanning dependencies of target rplidar_client[0m
[10.451s] [35m[1mScanning dependencies of target rplidar_node[0m
[10.452s] [35m[1mScanning dependencies of target rplidar_composition[0m
[10.697s] [  3%] [32mBuilding CXX object CMakeFiles/rplidar_client.dir/src/rplidar_client.cpp.o[0m
[10.698s] [  7%] [32mBuilding CXX object CMakeFiles/rplidar_node.dir/src/rplidar_node.cpp.o[0m
[10.721s] [ 11%] [32mBuilding CXX object CMakeFiles/rplidar_node.dir/sdk/src/arch/linux/net_socket.cpp.o[0m
[10.734s] [ 15%] [32mBuilding CXX object CMakeFiles/rplidar_node.dir/sdk/src/arch/linux/net_serial.cpp.o[0m
[10.738s] [ 19%] [32mBuilding CXX object CMakeFiles/rplidar_node.dir/sdk/src/arch/linux/timer.cpp.o[0m
[10.753s] [ 23%] [32mBuilding CXX object CMakeFiles/rplidar_composition.dir/src/rplidar_node.cpp.o[0m
[11.667s] In file included from [01m[K/home/pioneer-i/ros2_ws/src/rplidar_ros/./sdk/include/rplidar_protocol.h:36[m[K,
[11.668s]                  from [01m[K/home/pioneer-i/ros2_ws/src/rplidar_ros/./sdk/include/rplidar.h:39[m[K,
[11.668s]                  from [01m[K/home/pioneer-i/ros2_ws/src/rplidar_ros/./sdk/src/sdkcommon.h:49[m[K,
[11.668s]                  from [01m[K/home/pioneer-i/ros2_ws/src/rplidar_ros/sdk/src/arch/linux/net_socket.cpp:10[m[K:
[11.668s] [01m[K/home/pioneer-i/ros2_ws/src/rplidar_ros/./sdk/include/sl_lidar_protocol.h:58:16:[m[K [01;35m[Kwarning: [m[KISO C++ forbids zero-size array ‘[01m[Kdata[m[K’ [[01;35m[K-Wpedantic[m[K]
[11.668s]    58 |     sl_u8 data[[01;35m[K0[m[K];
[11.669s]       |                [01;35m[K^[m[K
[11.673s] In file included from [01m[K/home/pioneer-i/ros2_ws/src/rplidar_ros/./sdk/include/rplidar_cmd.h:36[m[K,
[11.673s]                  from [01m[K/home/pioneer-i/ros2_ws/src/rplidar_ros/./sdk/include/rplidar.h:40[m[K,
[11.673s]                  from [01m[K/home/pioneer-i/ros2_ws/src/rplidar_ros/./sdk/src/sdkcommon.h:49[m[K,
[11.673s]                  from [01m[K/home/pioneer-i/ros2_ws/src/rplidar_ros/sdk/src/arch/linux/net_socket.cpp:10[m[K:
[11.673s] [01m[K/home/pioneer-i/ros2_ws/src/rplidar_ros/./sdk/include/sl_lidar_cmd.h:295:20:[m[K [01;35m[Kwarning: [m[KISO C++ forbids zero-size array ‘[01m[Kpayload[m[K’ [[01;35m[K-Wpedantic[m[K]
[11.674s]   295 |     sl_u8  payload[[01;35m[K0[m[K];
[11.674s]       |                    [01;35m[K^[m[K
[11.801s] [01m[K/home/pioneer-i/ros2_ws/src/rplidar_ros/sdk/src/arch/linux/net_serial.cpp:[m[K In member function ‘[01m[Kbool rp::arch::net::raw_serial::open(const char*, uint32_t, uint32_t)[m[K’:
[11.801s] [01m[K/home/pioneer-i/ros2_ws/src/rplidar_ros/sdk/src/arch/linux/net_serial.cpp:97:74:[m[K [01;35m[Kwarning: [m[Kunused parameter ‘[01m[Kflags[m[K’ [[01;35m[K-Wunused-parameter[m[K]
[11.801s]    97 | bool raw_serial::open(const char * portname, uint32_t baudrate, [01;35m[Kuint32_t flags[m[K)
[11.801s]       |                                                                 [01;35m[K~~~~~~~~~^~~~~[m[K
[11.802s] [ 26%] [32mBuilding CXX object CMakeFiles/rplidar_node.dir/sdk/src/hal/thread.cpp.o[0m
[11.802s] [01m[K/home/pioneer-i/ros2_ws/src/rplidar_ros/sdk/src/arch/linux/net_serial.cpp:[m[K In member function ‘[01m[Kvirtual void rp::arch::net::raw_serial::flush(_u32)[m[K’:
[11.802s] [01m[K/home/pioneer-i/ros2_ws/src/rplidar_ros/sdk/src/arch/linux/net_serial.cpp:281:30:[m[K [01;35m[Kwarning: [m[Kunused parameter ‘[01m[Kflags[m[K’ [[01;35m[K-Wunused-parameter[m[K]
[11.802s]   281 | void raw_serial::flush( [01;35m[K_u32 flags[m[K)
[11.802s]       |                         [01;35m[K~~~~~^~~~~[m[K
[11.803s] [01m[K/home/pioneer-i/ros2_ws/src/rplidar_ros/sdk/src/arch/linux/net_serial.cpp:[m[K In member function ‘[01m[Kvirtual int rp::arch::net::raw_serial::waitforsent(_u32, size_t*)[m[K’:
[11.803s] [01m[K/home/pioneer-i/ros2_ws/src/rplidar_ros/sdk/src/arch/linux/net_serial.cpp:286:34:[m[K [01;35m[Kwarning: [m[Kunused parameter ‘[01m[Ktimeout[m[K’ [[01;35m[K-Wunused-parameter[m[K]
[11.803s]   286 | int raw_serial::waitforsent([01;35m[K_u32 timeout[m[K, size_t * returned_size)
[11.804s]       |                             [01;35m[K~~~~~^~~~~~~[m[K
[11.804s] [01m[K/home/pioneer-i/ros2_ws/src/rplidar_ros/sdk/src/arch/linux/net_serial.cpp:[m[K In member function ‘[01m[Kvirtual int rp::arch::net::raw_serial::waitforrecv(_u32, size_t*)[m[K’:
[11.804s] [01m[K/home/pioneer-i/ros2_ws/src/rplidar_ros/sdk/src/arch/linux/net_serial.cpp:292:34:[m[K [01;35m[Kwarning: [m[Kunused parameter ‘[01m[Ktimeout[m[K’ [[01;35m[K-Wunused-parameter[m[K]
[11.804s]   292 | int raw_serial::waitforrecv([01;35m[K_u32 timeout[m[K, size_t * returned_size)
[11.804s]       |                             [01;35m[K~~~~~^~~~~~~[m[K
[12.138s] [ 30%] [32mBuilding CXX object CMakeFiles/rplidar_node.dir/sdk/src/rplidar_driver.cpp.o[0m
[12.160s] [ 34%] [32mBuilding CXX object CMakeFiles/rplidar_node.dir/sdk/src/sl_crc.cpp.o[0m
[12.203s] In file included from [01m[K/home/pioneer-i/ros2_ws/src/rplidar_ros/./sdk/include/sl_lidar_cmd.h:36[m[K,
[12.203s]                  from [01m[K/home/pioneer-i/ros2_ws/src/rplidar_ros/./sdk/include/sl_crc.h:36[m[K,
[12.203s]                  from [01m[K/home/pioneer-i/ros2_ws/src/rplidar_ros/sdk/src/sl_crc.cpp:33[m[K:
[12.204s] [01m[K/home/pioneer-i/ros2_ws/src/rplidar_ros/./sdk/include/sl_lidar_protocol.h:58:16:[m[K [01;35m[Kwarning: [m[KISO C++ forbids zero-size array ‘[01m[Kdata[m[K’ [[01;35m[K-Wpedantic[m[K]
[12.204s]    58 |     sl_u8 data[[01;35m[K0[m[K];
[12.204s]       |                [01;35m[K^[m[K
[12.204s] In file included from [01m[K/home/pioneer-i/ros2_ws/src/rplidar_ros/./sdk/include/sl_crc.h:36[m[K,
[12.204s]                  from [01m[K/home/pioneer-i/ros2_ws/src/rplidar_ros/sdk/src/sl_crc.cpp:33[m[K:
[12.205s] [01m[K/home/pioneer-i/ros2_ws/src/rplidar_ros/./sdk/include/sl_lidar_cmd.h:295:20:[m[K [01;35m[Kwarning: [m[KISO C++ forbids zero-size array ‘[01m[Kpayload[m[K’ [[01;35m[K-Wpedantic[m[K]
[12.205s]   295 |     sl_u8  payload[[01;35m[K0[m[K];
[12.205s]       |                    [01;35m[K^[m[K
[12.412s] [ 38%] [32mBuilding CXX object CMakeFiles/rplidar_node.dir/sdk/src/sl_lidar_driver.cpp.o[0m
[12.651s] In file included from [01m[K/home/pioneer-i/ros2_ws/src/rplidar_ros/./sdk/include/rplidar_protocol.h:36[m[K,
[12.651s]                  from [01m[K/home/pioneer-i/ros2_ws/src/rplidar_ros/./sdk/include/rplidar.h:39[m[K,
[12.652s]                  from [01m[K/home/pioneer-i/ros2_ws/src/rplidar_ros/./sdk/src/sdkcommon.h:49[m[K,
[12.652s]                  from [01m[K/home/pioneer-i/ros2_ws/src/rplidar_ros/sdk/src/hal/thread.cpp:35[m[K:
[12.652s] [01m[K/home/pioneer-i/ros2_ws/src/rplidar_ros/./sdk/include/sl_lidar_protocol.h:58:16:[m[K [01;35m[Kwarning: [m[KISO C++ forbids zero-size array ‘[01m[Kdata[m[K’ [[01;35m[K-Wpedantic[m[K]
[12.652s]    58 |     sl_u8 data[[01;35m[K0[m[K];
[12.652s]       |                [01;35m[K^[m[K
[12.652s] In file included from [01m[K/home/pioneer-i/ros2_ws/src/rplidar_ros/./sdk/include/rplidar_cmd.h:36[m[K,
[12.653s]                  from [01m[K/home/pioneer-i/ros2_ws/src/rplidar_ros/./sdk/include/rplidar.h:40[m[K,
[12.653s]                  from [01m[K/home/pioneer-i/ros2_ws/src/rplidar_ros/./sdk/src/sdkcommon.h:49[m[K,
[12.653s]                  from [01m[K/home/pioneer-i/ros2_ws/src/rplidar_ros/sdk/src/hal/thread.cpp:35[m[K:
[12.653s] [01m[K/home/pioneer-i/ros2_ws/src/rplidar_ros/./sdk/include/sl_lidar_cmd.h:295:20:[m[K [01;35m[Kwarning: [m[KISO C++ forbids zero-size array ‘[01m[Kpayload[m[K’ [[01;35m[K-Wpedantic[m[K]
[12.653s]   295 |     sl_u8  payload[[01;35m[K0[m[K];
[12.653s]       |                    [01;35m[K^[m[K
[12.739s] In file included from [01m[K/home/pioneer-i/ros2_ws/src/rplidar_ros/sdk/src/hal/thread.cpp:43[m[K:
[12.739s] [01m[K/home/pioneer-i/ros2_ws/src/rplidar_ros/./sdk/src/arch/linux/thread.hpp:[m[K In static member function ‘[01m[Kstatic rp::hal::Thread rp::hal::Thread::create(thread_proc_t, void*)[m[K’:
[12.740s] [01m[K/home/pioneer-i/ros2_ws/src/rplidar_ros/./sdk/src/arch/linux/thread.hpp:48:77:[m[K [01;35m[Kwarning: [m[Kcast between incompatible function types from ‘[01m[Kthread_proc_t[m[K’ {aka ‘[01m[Klong unsigned int (*)(void*)[m[K’} to ‘[01m[Kvoid* (*)(void*)[m[K’ [[01;35m[K-Wcast-function-type[m[K]
[12.740s]    48 |     pthread_create((pthread_t *)&newborn._handle, NULL, (void * (*)(void *))[01;35m[Kproc[m[K, data);
[12.740s]       |                                                                             [01;35m[K^~~~[m[K
[12.740s] [01m[K/home/pioneer-i/ros2_ws/src/rplidar_ros/./sdk/src/arch/linux/thread.hpp:[m[K In member function ‘[01m[Ku_result rp::hal::Thread::join(long unsigned int)[m[K’:
[12.741s] [01m[K/home/pioneer-i/ros2_ws/src/rplidar_ros/./sdk/src/arch/linux/thread.hpp:129:37:[m[K [01;35m[Kwarning: [m[Kunused parameter ‘[01m[Ktimeout[m[K’ [[01;35m[K-Wunused-parameter[m[K]
[12.741s]   129 | u_result Thread::join([01;35m[Kunsigned long timeout[m[K)
[12.741s]       |                       [01;35m[K~~~~~~~~~~~~~~^~~~~~~[m[K
[12.780s] In file included from [01m[K/home/pioneer-i/ros2_ws/src/rplidar_ros/./sdk/include/rplidar_protocol.h:36[m[K,
[12.780s]                  from [01m[K/home/pioneer-i/ros2_ws/src/rplidar_ros/./sdk/include/rplidar.h:39[m[K,
[12.780s]                  from [01m[K/home/pioneer-i/ros2_ws/src/rplidar_ros/sdk/src/sdkcommon.h:49[m[K,
[12.780s]                  from [01m[K/home/pioneer-i/ros2_ws/src/rplidar_ros/sdk/src/rplidar_driver.cpp:33[m[K:
[12.781s] [01m[K/home/pioneer-i/ros2_ws/src/rplidar_ros/./sdk/include/sl_lidar_protocol.h:58:16:[m[K [01;35m[Kwarning: [m[KISO C++ forbids zero-size array ‘[01m[Kdata[m[K’ [[01;35m[K-Wpedantic[m[K]
[12.781s]    58 |     sl_u8 data[[01;35m[K0[m[K];
[12.781s]       |                [01;35m[K^[m[K
[12.781s] In file included from [01m[K/home/pioneer-i/ros2_ws/src/rplidar_ros/./sdk/include/rplidar_cmd.h:36[m[K,
[12.781s]                  from [01m[K/home/pioneer-i/ros2_ws/src/rplidar_ros/./sdk/include/rplidar.h:40[m[K,
[12.782s]                  from [01m[K/home/pioneer-i/ros2_ws/src/rplidar_ros/sdk/src/sdkcommon.h:49[m[K,
[12.782s]                  from [01m[K/home/pioneer-i/ros2_ws/src/rplidar_ros/sdk/src/rplidar_driver.cpp:33[m[K:
[12.782s] [01m[K/home/pioneer-i/ros2_ws/src/rplidar_ros/./sdk/include/sl_lidar_cmd.h:295:20:[m[K [01;35m[Kwarning: [m[KISO C++ forbids zero-size array ‘[01m[Kpayload[m[K’ [[01;35m[K-Wpedantic[m[K]
[12.782s]   295 |     sl_u8  payload[[01;35m[K0[m[K];
[12.782s]       |                    [01;35m[K^[m[K
[12.936s] [01m[K/home/pioneer-i/ros2_ws/src/rplidar_ros/sdk/src/rplidar_driver.cpp:[m[K In member function ‘[01m[Ku_result rp::standalone::rplidar::RPlidarDriver::connect(const char*, _u32, _u32)[m[K’:
[12.937s] [01m[K/home/pioneer-i/ros2_ws/src/rplidar_ros/sdk/src/rplidar_driver.cpp:67:77:[m[K [01;35m[Kwarning: [m[Kunused parameter ‘[01m[Kflag[m[K’ [[01;35m[K-Wunused-parameter[m[K]
[12.937s]    67 |     u_result RPlidarDriver::connect(const char *path, _u32 portOrBaud, [01;35m[K_u32 flag[m[K)
[12.937s]       |                                                                        [01;35m[K~~~~~^~~~[m[K
[12.937s] [01m[K/home/pioneer-i/ros2_ws/src/rplidar_ros/sdk/src/rplidar_driver.cpp:[m[K In member function ‘[01m[Ku_result rp::standalone::rplidar::RPlidarDriver::reset(_u32)[m[K’:
[12.937s] [01m[K/home/pioneer-i/ros2_ws/src/rplidar_ros/sdk/src/rplidar_driver.cpp:101:40:[m[K [01;35m[Kwarning: [m[Kunused parameter ‘[01m[Ktimeout[m[K’ [[01;35m[K-Wunused-parameter[m[K]
[12.937s]   101 |     u_result RPlidarDriver::reset([01;35m[K_u32 timeout[m[K)
[12.938s]       |                                   [01;35m[K~~~~~^~~~~~~[m[K
[12.940s] [01m[K/home/pioneer-i/ros2_ws/src/rplidar_ros/sdk/src/rplidar_driver.cpp:[m[K In member function ‘[01m[Ku_result rp::standalone::rplidar::RPlidarDriver::getScanDataWithInterval(rplidar_response_measurement_node_t*, size_t&)[m[K’:
[12.940s] [01m[K/home/pioneer-i/ros2_ws/src/rplidar_ros/sdk/src/rplidar_driver.cpp:180:91:[m[K [01;35m[Kwarning: [m[Kunused parameter ‘[01m[Knodebuffer[m[K’ [[01;35m[K-Wunused-parameter[m[K]
[12.940s]   180 |     u_result RPlidarDriver::getScanDataWithInterval([01;35m[Krplidar_response_measurement_node_t * nodebuffer[m[K, size_t & count)
[12.941s]       |                                                     [01;35m[K~~~~~~~~~~~~~~~~~~~~~~~~~~~~~~~~~~~~~~^~~~~~~~~~[m[K
[12.941s] [01m[K/home/pioneer-i/ros2_ws/src/rplidar_ros/sdk/src/rplidar_driver.cpp:180:112:[m[K [01;35m[Kwarning: [m[Kunused parameter ‘[01m[Kcount[m[K’ [[01;35m[K-Wunused-parameter[m[K]
[12.941s]   180 |     u_result RPlidarDriver::getScanDataWithInterval(rplidar_response_measurement_node_t * nodebuffer, [01;35m[Ksize_t & count[m[K)
[12.941s]       |                                                                                                       [01;35m[K~~~~~~~~~^~~~~[m[K
[12.980s] [ 42%] [32mBuilding CXX object CMakeFiles/rplidar_node.dir/sdk/src/sl_serial_channel.cpp.o[0m
[13.120s] In file included from [01m[K/home/pioneer-i/ros2_ws/src/rplidar_ros/./sdk/include/rplidar_protocol.h:36[m[K,
[13.121s]                  from [01m[K/home/pioneer-i/ros2_ws/src/rplidar_ros/./sdk/include/rplidar.h:39[m[K,
[13.121s]                  from [01m[K/home/pioneer-i/ros2_ws/src/rplidar_ros/sdk/src/sdkcommon.h:49[m[K,
[13.121s]                  from [01m[K/home/pioneer-i/ros2_ws/src/rplidar_ros/sdk/src/sl_lidar_driver.cpp:33[m[K:
[13.122s] [01m[K/home/pioneer-i/ros2_ws/src/rplidar_ros/./sdk/include/sl_lidar_protocol.h:58:16:[m[K [01;35m[Kwarning: [m[KISO C++ forbids zero-size array ‘[01m[Kdata[m[K’ [[01;35m[K-Wpedantic[m[K]
[13.122s]    58 |     sl_u8 data[[01;35m[K0[m[K];
[13.122s]       |                [01;35m[K^[m[K
[13.129s] In file included from [01m[K/home/pioneer-i/ros2_ws/src/rplidar_ros/./sdk/include/rplidar_cmd.h:36[m[K,
[13.130s]                  from [01m[K/home/pioneer-i/ros2_ws/src/rplidar_ros/./sdk/include/rplidar.h:40[m[K,
[13.130s]                  from [01m[K/home/pioneer-i/ros2_ws/src/rplidar_ros/sdk/src/sdkcommon.h:49[m[K,
[13.130s]                  from [01m[K/home/pioneer-i/ros2_ws/src/rplidar_ros/sdk/src/sl_lidar_driver.cpp:33[m[K:
[13.131s] [01m[K/home/pioneer-i/ros2_ws/src/rplidar_ros/./sdk/include/sl_lidar_cmd.h:295:20:[m[K [01;35m[Kwarning: [m[KISO C++ forbids zero-size array ‘[01m[Kpayload[m[K’ [[01;35m[K-Wpedantic[m[K]
[13.131s]   295 |     sl_u8  payload[[01;35m[K0[m[K];
[13.131s]       |                    [01;35m[K^[m[K
[13.212s] [ 46%] [32mBuilding CXX object CMakeFiles/rplidar_composition.dir/sdk/src/arch/linux/net_serial.cpp.o[0m
[13.324s] [01m[K/home/pioneer-i/ros2_ws/src/rplidar_ros/sdk/src/sl_lidar_driver.cpp:[m[K In member function ‘[01m[Kvirtual sl_result sl::SlamtecLidarDriver::reset(sl_u32)[m[K’:
[13.325s] [01m[K/home/pioneer-i/ros2_ws/src/rplidar_ros/sdk/src/sl_lidar_driver.cpp:273:32:[m[K [01;35m[Kwarning: [m[Kunused parameter ‘[01m[KtimeoutInMs[m[K’ [[01;35m[K-Wunused-parameter[m[K]
[13.326s]   273 |         sl_result reset([01;35m[Ksl_u32 timeoutInMs = DEFAULT_TIMEOUT[m[K)
[13.326s]       |                         [01;35m[K~~~~~~~^~~~~~~~~~~~~~~~~~~~~~~~~~~~~[m[K
[13.335s] [01m[K/home/pioneer-i/ros2_ws/src/rplidar_ros/sdk/src/sl_lidar_driver.cpp:[m[K In member function ‘[01m[Kvirtual sl_result sl::SlamtecLidarDriver::getAllSupportedScanModes(std::vector<sl::LidarScanMode>&, sl_u32)[m[K’:
[13.336s] [01m[K/home/pioneer-i/ros2_ws/src/rplidar_ros/sdk/src/sl_lidar_driver.cpp:286:89:[m[K [01;35m[Kwarning: [m[Kunused parameter ‘[01m[KtimeoutInMs[m[K’ [[01;35m[K-Wunused-parameter[m[K]
[13.338s]   286 |         sl_result getAllSupportedScanModes(std::vector<LidarScanMode>& outModes, [01;35m[Ksl_u32 timeoutInMs = DEFAULT_TIMEOUT[m[K)
[13.339s]       |                                                                                  [01;35m[K~~~~~~~^~~~~~~~~~~~~~~~~~~~~~~~~~~~~[m[K
[13.343s] [01m[K/home/pioneer-i/ros2_ws/src/rplidar_ros/sdk/src/sl_lidar_driver.cpp:[m[K In member function ‘[01m[Kvirtual sl_result sl::SlamtecLidarDriver::startScan(bool, bool, sl_u32, sl::LidarScanMode*)[m[K’:
[13.344s] [01m[K/home/pioneer-i/ros2_ws/src/rplidar_ros/sdk/src/sl_lidar_driver.cpp:347:69:[m[K [01;35m[Kwarning: [m[Kunused parameter ‘[01m[Koptions[m[K’ [[01;35m[K-Wunused-parameter[m[K]
[13.345s]   347 |         sl_result startScan(bool force, bool useTypicalScan, [01;35m[Ksl_u32 options = 0[m[K, LidarScanMode* outUsedScanMode = nullptr)
[13.346s]       |                                                              [01;35m[K~~~~~~~^~~~~~~~~~~[m[K
[13.355s] [01m[K/home/pioneer-i/ros2_ws/src/rplidar_ros/sdk/src/sl_lidar_driver.cpp:[m[K In member function ‘[01m[Kvirtual sl_result sl::SlamtecLidarDriver::stop(sl_u32)[m[K’:
[13.357s] [01m[K/home/pioneer-i/ros2_ws/src/rplidar_ros/sdk/src/sl_lidar_driver.cpp:534:31:[m[K [01;35m[Kwarning: [m[Kunused parameter ‘[01m[Ktimeout[m[K’ [[01;35m[K-Wunused-parameter[m[K]
[13.358s]   534 |         sl_result stop([01;35m[Ksl_u32 timeout = DEFAULT_TIMEOUT[m[K)
[13.358s]       |                        [01;35m[K~~~~~~~^~~~~~~~~~~~~~~~~~~~~~~~~[m[K
[13.361s] [01m[K/home/pioneer-i/ros2_ws/src/rplidar_ros/sdk/src/sl_lidar_driver.cpp:[m[K In member function ‘[01m[Kvirtual sl_result sl::SlamtecLidarDriver::getDeviceInfo(sl_lidar_response_device_info_t&, sl_u32)[m[K’:
[13.362s] [01m[K/home/pioneer-i/ros2_ws/src/rplidar_ros/sdk/src/sl_lidar_driver.cpp:579:79:[m[K [01;35m[Kwarning: [m[Kunused parameter ‘[01m[Ktimeout[m[K’ [[01;35m[K-Wunused-parameter[m[K]
[13.363s]   579 |         sl_result getDeviceInfo(sl_lidar_response_device_info_t& info, [01;35m[Ksl_u32 timeout = DEFAULT_TIMEOUT[m[K)
[13.364s]       |                                                                        [01;35m[K~~~~~~~^~~~~~~~~~~~~~~~~~~~~~~~~[m[K
[13.368s] [01m[K/home/pioneer-i/ros2_ws/src/rplidar_ros/sdk/src/sl_lidar_driver.cpp:[m[K In member function ‘[01m[Kvirtual sl_result sl::SlamtecLidarDriver::checkMotorCtrlSupport(sl::MotorCtrlSupport&, sl_u32)[m[K’:
[13.369s] [01m[K/home/pioneer-i/ros2_ws/src/rplidar_ros/sdk/src/sl_lidar_driver.cpp:592:76:[m[K [01;35m[Kwarning: [m[Kunused parameter ‘[01m[Ktimeout[m[K’ [[01;35m[K-Wunused-parameter[m[K]
[13.370s]   592 |         sl_result checkMotorCtrlSupport(MotorCtrlSupport & support, [01;35m[Ksl_u32 timeout = DEFAULT_TIMEOUT[m[K)
[13.371s]       |                                                                     [01;35m[K~~~~~~~^~~~~~~~~~~~~~~~~~~~~~~~~[m[K
[13.372s] [01m[K/home/pioneer-i/ros2_ws/src/rplidar_ros/sdk/src/sl_lidar_driver.cpp:[m[K In member function ‘[01m[Kvirtual sl_result sl::SlamtecLidarDriver::getFrequency(const sl::LidarScanMode&, const sl_lidar_response_measurement_node_hq_t*, size_t, float&)[m[K’:
[13.373s] [01m[K/home/pioneer-i/ros2_ws/src/rplidar_ros/sdk/src/sl_lidar_driver.cpp:627:110:[m[K [01;35m[Kwarning: [m[Kunused parameter ‘[01m[Knodes[m[K’ [[01;35m[K-Wunused-parameter[m[K]
[13.374s]   627 |         sl_result getFrequency(const LidarScanMode& scanMode, [01;35m[Kconst sl_lidar_response_measurement_node_hq_t* nodes[m[K, size_t count, float& frequency)
[13.375s]       |                                                               [01;35m[K~~~~~~~~~~~~~~~~~~~~~~~~~~~~~~~~~~~~~~~~~~~~~~~^~~~~[m[K
[13.378s] [01m[K/home/pioneer-i/ros2_ws/src/rplidar_ros/sdk/src/sl_lidar_driver.cpp:[m[K In member function ‘[01m[Kvirtual sl_result sl::SlamtecLidarDriver::getHealth(sl_lidar_response_device_health_t&, sl_u32)[m[K’:
[13.379s] [01m[K/home/pioneer-i/ros2_ws/src/rplidar_ros/sdk/src/sl_lidar_driver.cpp:653:79:[m[K [01;35m[Kwarning: [m[Kunused parameter ‘[01m[Ktimeout[m[K’ [[01;35m[K-Wunused-parameter[m[K]
[13.380s]   653 |         sl_result getHealth(sl_lidar_response_device_health_t& health, [01;35m[Ksl_u32 timeout = DEFAULT_TIMEOUT[m[K)
[13.381s]       |                                                                        [01;35m[K~~~~~~~^~~~~~~~~~~~~~~~~~~~~~~~~[m[K
[13.387s] [01m[K/home/pioneer-i/ros2_ws/src/rplidar_ros/sdk/src/sl_lidar_driver.cpp:[m[K In member function ‘[01m[Kvirtual sl_result sl::SlamtecLidarDriver::getMotorInfo(sl::LidarMotorInfo&, sl_u32)[m[K’:
[13.388s] [01m[K/home/pioneer-i/ros2_ws/src/rplidar_ros/sdk/src/sl_lidar_driver.cpp:743:66:[m[K [01;35m[Kwarning: [m[Kunused parameter ‘[01m[KtimeoutInMs[m[K’ [[01;35m[K-Wunused-parameter[m[K]
[13.389s]   743 |         sl_result getMotorInfo(LidarMotorInfo &motorInfo, [01;35m[Ksl_u32 timeoutInMs[m[K)
[13.390s]       |                                                           [01;35m[K~~~~~~~^~~~~~~~~~~[m[K
[13.408s] [01m[K/home/pioneer-i/ros2_ws/src/rplidar_ros/sdk/src/sl_lidar_driver.cpp:[m[K In member function ‘[01m[Kvoid sl::SlamtecLidarDriver::_ultraCapsuleToNormal(const sl_lidar_response_ultra_capsule_measurement_nodes_t&, sl_lidar_response_measurement_node_hq_t*, size_t&)[m[K’:
[13.556s] [01m[K/home/pioneer-i/ros2_ws/src/rplidar_ros/sdk/src/sl_lidar_driver.cpp:1382:40:[m[K [01;35m[Kwarning: [m[Kcomparison of integer expressions of different signedness: ‘[01m[Kint[m[K’ and ‘[01m[Kunsigned int[m[K’ [[01;35m[K-Wsign-compare[m[K]
[13.558s]  1382 |                     if (([01;35m[Kdist_predict1 == 0xFFFFFE00[m[K) || (dist_predict1 == 0x1FF)) {
[13.558s]       |                          [01;35m[K~~~~~~~~~~~~~~^~~~~~~~~~~~~[m[K
[13.558s] [01m[K/home/pioneer-i/ros2_ws/src/rplidar_ros/sdk/src/sl_lidar_driver.cpp:1391:40:[m[K [01;35m[Kwarning: [m[Kcomparison of integer expressions of different signedness: ‘[01m[Kint[m[K’ and ‘[01m[Kunsigned int[m[K’ [[01;35m[K-Wsign-compare[m[K]
[13.558s]  1391 |                     if (([01;35m[Kdist_predict2 == 0xFFFFFE00[m[K) || (dist_predict2 == 0x1FF)) {
[13.559s]       |                          [01;35m[K~~~~~~~~~~~~~~^~~~~~~~~~~~~[m[K
[13.559s] [01m[K/home/pioneer-i/ros2_ws/src/rplidar_ros/sdk/src/sl_lidar_driver.cpp:[m[K In member function ‘[01m[Kvoid sl::SlamtecLidarDriver::_dense_capsuleToNormal(const sl_lidar_response_capsule_measurement_nodes_t&, sl_lidar_response_measurement_node_hq_t*, size_t&)[m[K’:
[13.559s] [01m[K/home/pioneer-i/ros2_ws/src/rplidar_ros/sdk/src/sl_lidar_driver.cpp:1589:116:[m[K [01;35m[Kwarning: [m[Ktype qualifiers ignored on cast result type [[01;35m[K-Wignored-qualifiers[m[K]
[13.559s]  1589 |                     const int dist = static_cast<const int>(_cached_previous_dense_capsuledata.cabins[pos].distance[01;35m[K)[m[K;
[13.559s]       |                                                                                                                    [01;35m[K^[m[K
[13.559s] In file included from [01m[K/home/pioneer-i/ros2_ws/src/rplidar_ros/./sdk/include/sl_lidar_cmd.h:36[m[K,
[13.559s]                  from [01m[K/home/pioneer-i/ros2_ws/src/rplidar_ros/./sdk/include/sl_lidar_driver.h:54[m[K,
[13.559s]                  from [01m[K/home/pioneer-i/ros2_ws/src/rplidar_ros/sdk/src/sl_serial_channel.cpp:33[m[K:
[13.560s] [01m[K/home/pioneer-i/ros2_ws/src/rplidar_ros/./sdk/include/sl_lidar_protocol.h:58:16:[m[K [01;35m[Kwarning: [m[KISO C++ forbids zero-size array ‘[01m[Kdata[m[K’ [[01;35m[K-Wpedantic[m[K]
[13.560s]    58 |     sl_u8 data[[01;35m[K0[m[K];
[13.560s]       |                [01;35m[K^[m[K
[13.560s] In file included from [01m[K/home/pioneer-i/ros2_ws/src/rplidar_ros/./sdk/include/sl_lidar_driver.h:54[m[K,
[13.560s]                  from [01m[K/home/pioneer-i/ros2_ws/src/rplidar_ros/sdk/src/sl_serial_channel.cpp:33[m[K:
[13.560s] [01m[K/home/pioneer-i/ros2_ws/src/rplidar_ros/./sdk/include/sl_lidar_cmd.h:295:20:[m[K [01;35m[Kwarning: [m[KISO C++ forbids zero-size array ‘[01m[Kpayload[m[K’ [[01;35m[K-Wpedantic[m[K]
[13.564s]   295 |     sl_u8  payload[[01;35m[K0[m[K];
[13.565s]       |                    [01;35m[K^[m[K
[13.603s] [01m[K/home/pioneer-i/ros2_ws/src/rplidar_ros/sdk/src/sl_lidar_driver.cpp:[m[K At global scope:
[13.604s] [01m[K/home/pioneer-i/ros2_ws/src/rplidar_ros/sdk/src/sl_lidar_driver.cpp:72:17:[m[K [01;35m[Kwarning: [m[K‘[01m[Kvoid sl::convert(const sl_lidar_response_measurement_node_hq_t&, sl_lidar_response_measurement_node_t&)[m[K’ defined but not used [[01;35m[K-Wunused-function[m[K]
[13.604s]    72 |     static void [01;35m[Kconvert[m[K(const sl_lidar_response_measurement_node_hq_t& from, sl_lidar_response_measurement_node_t& to)
[13.604s]       |                 [01;35m[K^~~~~~~[m[K
[13.604s] [01m[K/home/pioneer-i/ros2_ws/src/rplidar_ros/sdk/src/sl_lidar_driver.cpp:59:17:[m[K [01;35m[Kwarning: [m[K‘[01m[Kvoid sl::printDeprecationWarn(const char*, const char*)[m[K’ defined but not used [[01;35m[K-Wunused-function[m[K]
[13.604s]    59 |     static void [01;35m[KprintDeprecationWarn[m[K(const char* fn, const char* replacement)
[13.604s]       |                 [01;35m[K^~~~~~~~~~~~~~~~~~~~[m[K
[13.754s] [ 50%] [32mBuilding CXX object CMakeFiles/rplidar_node.dir/sdk/src/sl_tcp_channel.cpp.o[0m
[13.791s] [01m[K/home/pioneer-i/ros2_ws/src/rplidar_ros/sdk/src/arch/linux/net_serial.cpp:[m[K In member function ‘[01m[Kbool rp::arch::net::raw_serial::open(const char*, uint32_t, uint32_t)[m[K’:
[13.791s] [01m[K/home/pioneer-i/ros2_ws/src/rplidar_ros/sdk/src/arch/linux/net_serial.cpp:97:74:[m[K [01;35m[Kwarning: [m[Kunused parameter ‘[01m[Kflags[m[K’ [[01;35m[K-Wunused-parameter[m[K]
[13.791s]    97 | bool raw_serial::open(const char * portname, uint32_t baudrate, [01;35m[Kuint32_t flags[m[K)
[13.791s]       |                                                                 [01;35m[K~~~~~~~~~^~~~~[m[K
[13.794s] [01m[K/home/pioneer-i/ros2_ws/src/rplidar_ros/sdk/src/arch/linux/net_serial.cpp:[m[K In member function ‘[01m[Kvirtual void rp::arch::net::raw_serial::flush(_u32)[m[K’:
[13.794s] [01m[K/home/pioneer-i/ros2_ws/src/rplidar_ros/sdk/src/arch/linux/net_serial.cpp:281:30:[m[K [01;35m[Kwarning: [m[Kunused parameter ‘[01m[Kflags[m[K’ [[01;35m[K-Wunused-parameter[m[K]
[13.794s]   281 | void raw_serial::flush( [01;35m[K_u32 flags[m[K)
[13.794s]       |                         [01;35m[K~~~~~^~~~~[m[K
[13.794s] [01m[K/home/pioneer-i/ros2_ws/src/rplidar_ros/sdk/src/arch/linux/net_serial.cpp:[m[K In member function ‘[01m[Kvirtual int rp::arch::net::raw_serial::waitforsent(_u32, size_t*)[m[K’:
[13.795s] [01m[K/home/pioneer-i/ros2_ws/src/rplidar_ros/sdk/src/arch/linux/net_serial.cpp:286:34:[m[K [01;35m[Kwarning: [m[Kunused parameter ‘[01m[Ktimeout[m[K’ [[01;35m[K-Wunused-parameter[m[K]
[13.795s]   286 | int raw_serial::waitforsent([01;35m[K_u32 timeout[m[K, size_t * returned_size)
[13.795s]       |                             [01;35m[K~~~~~^~~~~~~[m[K
[13.795s] [01m[K/home/pioneer-i/ros2_ws/src/rplidar_ros/sdk/src/arch/linux/net_serial.cpp:[m[K In member function ‘[01m[Kvirtual int rp::arch::net::raw_serial::waitforrecv(_u32, size_t*)[m[K’:
[13.795s] [01m[K/home/pioneer-i/ros2_ws/src/rplidar_ros/sdk/src/arch/linux/net_serial.cpp:292:34:[m[K [01;35m[Kwarning: [m[Kunused parameter ‘[01m[Ktimeout[m[K’ [[01;35m[K-Wunused-parameter[m[K]
[13.795s]   292 | int raw_serial::waitforrecv([01;35m[K_u32 timeout[m[K, size_t * returned_size)
[13.795s]       |                             [01;35m[K~~~~~^~~~~~~[m[K
[14.125s] [ 53%] [32mBuilding CXX object CMakeFiles/rplidar_composition.dir/sdk/src/arch/linux/net_socket.cpp.o[0m
[14.173s] In file included from [01m[K/home/pioneer-i/ros2_ws/src/rplidar_ros/./sdk/include/sl_lidar_cmd.h:36[m[K,
[14.174s]                  from [01m[K/home/pioneer-i/ros2_ws/src/rplidar_ros/./sdk/include/sl_lidar_driver.h:54[m[K,
[14.175s]                  from [01m[K/home/pioneer-i/ros2_ws/src/rplidar_ros/sdk/src/sl_tcp_channel.cpp:33[m[K:
[14.175s] [01m[K/home/pioneer-i/ros2_ws/src/rplidar_ros/./sdk/include/sl_lidar_protocol.h:58:16:[m[K [01;35m[Kwarning: [m[KISO C++ forbids zero-size array ‘[01m[Kdata[m[K’ [[01;35m[K-Wpedantic[m[K]
[14.176s]    58 |     sl_u8 data[[01;35m[K0[m[K];
[14.177s]       |                [01;35m[K^[m[K
[14.179s] In file included from [01m[K/home/pioneer-i/ros2_ws/src/rplidar_ros/./sdk/include/sl_lidar_driver.h:54[m[K,
[14.180s]                  from [01m[K/home/pioneer-i/ros2_ws/src/rplidar_ros/sdk/src/sl_tcp_channel.cpp:33[m[K:
[14.181s] [01m[K/home/pioneer-i/ros2_ws/src/rplidar_ros/./sdk/include/sl_lidar_cmd.h:295:20:[m[K [01;35m[Kwarning: [m[KISO C++ forbids zero-size array ‘[01m[Kpayload[m[K’ [[01;35m[K-Wpedantic[m[K]
[14.182s]   295 |     sl_u8  payload[[01;35m[K0[m[K];
[14.183s]       |                    [01;35m[K^[m[K
[14.194s] [01m[K/home/pioneer-i/ros2_ws/src/rplidar_ros/sdk/src/sl_tcp_channel.cpp:[m[K In member function ‘[01m[Kvoid sl::TcpChannel::setStatus(_u32)[m[K’:
[14.217s] [01m[K/home/pioneer-i/ros2_ws/src/rplidar_ros/sdk/src/sl_tcp_channel.cpp:94:29:[m[K [01;35m[Kwarning: [m[Kunused parameter ‘[01m[Kflag[m[K’ [[01;35m[K-Wunused-parameter[m[K]
[14.217s]    94 |         void setStatus([01;35m[K_u32 flag[m[K){}
[14.218s]       |                        [01;35m[K~~~~~^~~~[m[K
[14.351s] [ 57%] [32mBuilding CXX object CMakeFiles/rplidar_node.dir/sdk/src/sl_udp_channel.cpp.o[0m
[14.446s] [ 61%] [32mBuilding CXX object CMakeFiles/rplidar_composition.dir/sdk/src/arch/linux/timer.cpp.o[0m
[14.716s] In file included from [01m[K/home/pioneer-i/ros2_ws/src/rplidar_ros/./sdk/include/rplidar_protocol.h:36[m[K,
[14.717s]                  from [01m[K/home/pioneer-i/ros2_ws/src/rplidar_ros/./sdk/include/rplidar.h:39[m[K,
[14.717s]                  from [01m[K/home/pioneer-i/ros2_ws/src/rplidar_ros/./sdk/src/sdkcommon.h:49[m[K,
[14.717s]                  from [01m[K/home/pioneer-i/ros2_ws/src/rplidar_ros/sdk/src/arch/linux/net_socket.cpp:10[m[K:
[14.717s] [01m[K/home/pioneer-i/ros2_ws/src/rplidar_ros/./sdk/include/sl_lidar_protocol.h:58:16:[m[K [01;35m[Kwarning: [m[KISO C++ forbids zero-size array ‘[01m[Kdata[m[K’ [[01;35m[K-Wpedantic[m[K]
[14.717s]    58 |     sl_u8 data[[01;35m[K0[m[K];
[14.717s]       |                [01;35m[K^[m[K
[14.718s] In file included from [01m[K/home/pioneer-i/ros2_ws/src/rplidar_ros/./sdk/include/rplidar_cmd.h:36[m[K,
[14.718s]                  from [01m[K/home/pioneer-i/ros2_ws/src/rplidar_ros/./sdk/include/rplidar.h:40[m[K,
[14.718s]                  from [01m[K/home/pioneer-i/ros2_ws/src/rplidar_ros/./sdk/src/sdkcommon.h:49[m[K,
[14.718s]                  from [01m[K/home/pioneer-i/ros2_ws/src/rplidar_ros/sdk/src/arch/linux/net_socket.cpp:10[m[K:
[14.718s] [01m[K/home/pioneer-i/ros2_ws/src/rplidar_ros/./sdk/include/sl_lidar_cmd.h:295:20:[m[K [01;35m[Kwarning: [m[KISO C++ forbids zero-size array ‘[01m[Kpayload[m[K’ [[01;35m[K-Wpedantic[m[K]
[14.718s]   295 |     sl_u8  payload[[01;35m[K0[m[K];
[14.718s]       |                    [01;35m[K^[m[K
[14.836s] In file included from [01m[K/home/pioneer-i/ros2_ws/src/rplidar_ros/./sdk/include/sl_lidar_cmd.h:36[m[K,
[14.836s]                  from [01m[K/home/pioneer-i/ros2_ws/src/rplidar_ros/./sdk/include/sl_lidar_driver.h:54[m[K,
[14.837s]                  from [01m[K/home/pioneer-i/ros2_ws/src/rplidar_ros/sdk/src/sl_udp_channel.cpp:33[m[K:
[14.837s] [01m[K/home/pioneer-i/ros2_ws/src/rplidar_ros/./sdk/include/sl_lidar_protocol.h:58:16:[m[K [01;35m[Kwarning: [m[KISO C++ forbids zero-size array ‘[01m[Kdata[m[K’ [[01;35m[K-Wpedantic[m[K]
[14.837s]    58 |     sl_u8 data[[01;35m[K0[m[K];
[14.837s]       |                [01;35m[K^[m[K
[14.841s] In file included from [01m[K/home/pioneer-i/ros2_ws/src/rplidar_ros/./sdk/include/sl_lidar_driver.h:54[m[K,
[14.842s]                  from [01m[K/home/pioneer-i/ros2_ws/src/rplidar_ros/sdk/src/sl_udp_channel.cpp:33[m[K:
[14.842s] [01m[K/home/pioneer-i/ros2_ws/src/rplidar_ros/./sdk/include/sl_lidar_cmd.h:295:20:[m[K [01;35m[Kwarning: [m[KISO C++ forbids zero-size array ‘[01m[Kpayload[m[K’ [[01;35m[K-Wpedantic[m[K]
[14.842s]   295 |     sl_u8  payload[[01;35m[K0[m[K];
[14.842s]       |                    [01;35m[K^[m[K
[14.855s] [01m[K/home/pioneer-i/ros2_ws/src/rplidar_ros/sdk/src/sl_udp_channel.cpp:[m[K In member function ‘[01m[Kvoid sl::UdpChannel::setStatus(_u32)[m[K’:
[14.855s] [01m[K/home/pioneer-i/ros2_ws/src/rplidar_ros/sdk/src/sl_udp_channel.cpp:102:29:[m[K [01;35m[Kwarning: [m[Kunused parameter ‘[01m[Kflag[m[K’ [[01;35m[K-Wunused-parameter[m[K]
[14.856s]   102 |         void setStatus([01;35m[K_u32 flag[m[K){}
[14.856s]       |                        [01;35m[K~~~~~^~~~[m[K
[14.905s] In file included from [01m[K/home/pioneer-i/ros2_ws/src/rplidar_ros/./sdk/include/sl_lidar_cmd.h:36[m[K,
[14.905s]                  from [01m[K/home/pioneer-i/ros2_ws/src/rplidar_ros/./sdk/include/sl_lidar_driver.h:54[m[K,
[14.905s]                  from [01m[K/home/pioneer-i/ros2_ws/src/rplidar_ros/./sdk/include/sl_lidar.h:36[m[K,
[14.906s]                  from [01m[K/home/pioneer-i/ros2_ws/src/rplidar_ros/src/rplidar_node.cpp:38[m[K:
[14.906s] [01m[K/home/pioneer-i/ros2_ws/src/rplidar_ros/./sdk/include/sl_lidar_protocol.h:58:16:[m[K [01;35m[Kwarning: [m[KISO C++ forbids zero-size array ‘[01m[Kdata[m[K’ [[01;35m[K-Wpedantic[m[K]
[14.906s]    58 |     sl_u8 data[[01;35m[K0[m[K];
[14.906s]       |                [01;35m[K^[m[K
[14.906s] In file included from [01m[K/home/pioneer-i/ros2_ws/src/rplidar_ros/./sdk/include/sl_lidar_driver.h:54[m[K,
[14.906s]                  from [01m[K/home/pioneer-i/ros2_ws/src/rplidar_ros/./sdk/include/sl_lidar.h:36[m[K,
[14.907s]                  from [01m[K/home/pioneer-i/ros2_ws/src/rplidar_ros/src/rplidar_node.cpp:38[m[K:
[14.907s] [01m[K/home/pioneer-i/ros2_ws/src/rplidar_ros/./sdk/include/sl_lidar_cmd.h:295:20:[m[K [01;35m[Kwarning: [m[KISO C++ forbids zero-size array ‘[01m[Kpayload[m[K’ [[01;35m[K-Wpedantic[m[K]
[14.907s]   295 |     sl_u8  payload[[01;35m[K0[m[K];
[14.907s]       |                    [01;35m[K^[m[K
[15.127s] [ 65%] [32mBuilding CXX object CMakeFiles/rplidar_composition.dir/sdk/src/hal/thread.cpp.o[0m
[15.136s] [ 69%] [32mBuilding CXX object CMakeFiles/rplidar_composition.dir/sdk/src/rplidar_driver.cpp.o[0m
[15.156s] [ 73%] [32mBuilding CXX object CMakeFiles/rplidar_composition.dir/sdk/src/sl_crc.cpp.o[0m
[15.184s] In file included from [01m[K/home/pioneer-i/ros2_ws/src/rplidar_ros/./sdk/include/sl_lidar_cmd.h:36[m[K,
[15.185s]                  from [01m[K/home/pioneer-i/ros2_ws/src/rplidar_ros/./sdk/include/sl_crc.h:36[m[K,
[15.185s]                  from [01m[K/home/pioneer-i/ros2_ws/src/rplidar_ros/sdk/src/sl_crc.cpp:33[m[K:
[15.185s] [01m[K/home/pioneer-i/ros2_ws/src/rplidar_ros/./sdk/include/sl_lidar_protocol.h:58:16:[m[K [01;35m[Kwarning: [m[KISO C++ forbids zero-size array ‘[01m[Kdata[m[K’ [[01;35m[K-Wpedantic[m[K]
[15.185s]    58 |     sl_u8 data[[01;35m[K0[m[K];
[15.185s]       |                [01;35m[K^[m[K
[15.190s] In file included from [01m[K/home/pioneer-i/ros2_ws/src/rplidar_ros/./sdk/include/sl_crc.h:36[m[K,
[15.190s]                  from [01m[K/home/pioneer-i/ros2_ws/src/rplidar_ros/sdk/src/sl_crc.cpp:33[m[K:
[15.190s] [01m[K/home/pioneer-i/ros2_ws/src/rplidar_ros/./sdk/include/sl_lidar_cmd.h:295:20:[m[K [01;35m[Kwarning: [m[KISO C++ forbids zero-size array ‘[01m[Kpayload[m[K’ [[01;35m[K-Wpedantic[m[K]
[15.190s]   295 |     sl_u8  payload[[01;35m[K0[m[K];
[15.190s]       |                    [01;35m[K^[m[K
[15.199s] In file included from [01m[K/home/pioneer-i/ros2_ws/src/rplidar_ros/./sdk/include/sl_lidar_cmd.h:36[m[K,
[15.199s]                  from [01m[K/home/pioneer-i/ros2_ws/src/rplidar_ros/./sdk/include/sl_lidar_driver.h:54[m[K,
[15.199s]                  from [01m[K/home/pioneer-i/ros2_ws/src/rplidar_ros/./sdk/include/sl_lidar.h:36[m[K,
[15.200s]                  from [01m[K/home/pioneer-i/ros2_ws/src/rplidar_ros/src/rplidar_node.cpp:38[m[K:
[15.200s] [01m[K/home/pioneer-i/ros2_ws/src/rplidar_ros/./sdk/include/sl_lidar_protocol.h:58:16:[m[K [01;35m[Kwarning: [m[KISO C++ forbids zero-size array ‘[01m[Kdata[m[K’ [[01;35m[K-Wpedantic[m[K]
[15.200s]    58 |     sl_u8 data[[01;35m[K0[m[K];
[15.201s]       |                [01;35m[K^[m[K
[15.202s] In file included from [01m[K/home/pioneer-i/ros2_ws/src/rplidar_ros/./sdk/include/sl_lidar_driver.h:54[m[K,
[15.203s]                  from [01m[K/home/pioneer-i/ros2_ws/src/rplidar_ros/./sdk/include/sl_lidar.h:36[m[K,
[15.203s]                  from [01m[K/home/pioneer-i/ros2_ws/src/rplidar_ros/src/rplidar_node.cpp:38[m[K:
[15.204s] [01m[K/home/pioneer-i/ros2_ws/src/rplidar_ros/./sdk/include/sl_lidar_cmd.h:295:20:[m[K [01;35m[Kwarning: [m[KISO C++ forbids zero-size array ‘[01m[Kpayload[m[K’ [[01;35m[K-Wpedantic[m[K]
[15.204s]   295 |     sl_u8  payload[[01;35m[K0[m[K];
[15.204s]       |                    [01;35m[K^[m[K
[15.371s] [ 76%] [32mBuilding CXX object CMakeFiles/rplidar_composition.dir/sdk/src/sl_lidar_driver.cpp.o[0m
[15.742s] In file included from [01m[K/home/pioneer-i/ros2_ws/src/rplidar_ros/./sdk/include/rplidar_protocol.h:36[m[K,
[15.742s]                  from [01m[K/home/pioneer-i/ros2_ws/src/rplidar_ros/./sdk/include/rplidar.h:39[m[K,
[15.743s]                  from [01m[K/home/pioneer-i/ros2_ws/src/rplidar_ros/sdk/src/sdkcommon.h:49[m[K,
[15.743s]                  from [01m[K/home/pioneer-i/ros2_ws/src/rplidar_ros/sdk/src/rplidar_driver.cpp:33[m[K:
[15.743s] [01m[K/home/pioneer-i/ros2_ws/src/rplidar_ros/./sdk/include/sl_lidar_protocol.h:58:16:[m[K [01;35m[Kwarning: [m[KISO C++ forbids zero-size array ‘[01m[Kdata[m[K’ [[01;35m[K-Wpedantic[m[K]
[15.743s]    58 |     sl_u8 data[[01;35m[K0[m[K];
[15.743s]       |                [01;35m[K^[m[K
[15.744s] In file included from [01m[K/home/pioneer-i/ros2_ws/src/rplidar_ros/./sdk/include/rplidar_cmd.h:36[m[K,
[15.744s]                  from [01m[K/home/pioneer-i/ros2_ws/src/rplidar_ros/./sdk/include/rplidar.h:40[m[K,
[15.744s]                  from [01m[K/home/pioneer-i/ros2_ws/src/rplidar_ros/sdk/src/sdkcommon.h:49[m[K,
[15.744s]                  from [01m[K/home/pioneer-i/ros2_ws/src/rplidar_ros/sdk/src/rplidar_driver.cpp:33[m[K:
[15.745s] [01m[K/home/pioneer-i/ros2_ws/src/rplidar_ros/./sdk/include/sl_lidar_cmd.h:295:20:[m[K [01;35m[Kwarning: [m[KISO C++ forbids zero-size array ‘[01m[Kpayload[m[K’ [[01;35m[K-Wpedantic[m[K]
[15.745s]   295 |     sl_u8  payload[[01;35m[K0[m[K];
[15.745s]       |                    [01;35m[K^[m[K
[15.756s] In file included from [01m[K/home/pioneer-i/ros2_ws/src/rplidar_ros/./sdk/include/rplidar_protocol.h:36[m[K,
[15.756s]                  from [01m[K/home/pioneer-i/ros2_ws/src/rplidar_ros/./sdk/include/rplidar.h:39[m[K,
[15.756s]                  from [01m[K/home/pioneer-i/ros2_ws/src/rplidar_ros/./sdk/src/sdkcommon.h:49[m[K,
[15.757s]                  from [01m[K/home/pioneer-i/ros2_ws/src/rplidar_ros/sdk/src/hal/thread.cpp:35[m[K:
[15.757s] [01m[K/home/pioneer-i/ros2_ws/src/rplidar_ros/./sdk/include/sl_lidar_protocol.h:58:16:[m[K [01;35m[Kwarning: [m[KISO C++ forbids zero-size array ‘[01m[Kdata[m[K’ [[01;35m[K-Wpedantic[m[K]
[15.757s]    58 |     sl_u8 data[[01;35m[K0[m[K];
[15.757s]       |                [01;35m[K^[m[K
[15.757s] In file included from [01m[K/home/pioneer-i/ros2_ws/src/rplidar_ros/./sdk/include/rplidar_cmd.h:36[m[K,
[15.758s]                  from [01m[K/home/pioneer-i/ros2_ws/src/rplidar_ros/./sdk/include/rplidar.h:40[m[K,
[15.758s]                  from [01m[K/home/pioneer-i/ros2_ws/src/rplidar_ros/./sdk/src/sdkcommon.h:49[m[K,
[15.758s]                  from [01m[K/home/pioneer-i/ros2_ws/src/rplidar_ros/sdk/src/hal/thread.cpp:35[m[K:
[15.758s] [01m[K/home/pioneer-i/ros2_ws/src/rplidar_ros/./sdk/include/sl_lidar_cmd.h:295:20:[m[K [01;35m[Kwarning: [m[KISO C++ forbids zero-size array ‘[01m[Kpayload[m[K’ [[01;35m[K-Wpedantic[m[K]
[15.758s]   295 |     sl_u8  payload[[01;35m[K0[m[K];
[15.758s]       |                    [01;35m[K^[m[K
[15.851s] In file included from [01m[K/home/pioneer-i/ros2_ws/src/rplidar_ros/sdk/src/hal/thread.cpp:43[m[K:
[15.851s] [01m[K/home/pioneer-i/ros2_ws/src/rplidar_ros/./sdk/src/arch/linux/thread.hpp:[m[K In static member function ‘[01m[Kstatic rp::hal::Thread rp::hal::Thread::create(thread_proc_t, void*)[m[K’:
[15.851s] [01m[K/home/pioneer-i/ros2_ws/src/rplidar_ros/./sdk/src/arch/linux/thread.hpp:48:77:[m[K [01;35m[Kwarning: [m[Kcast between incompatible function types from ‘[01m[Kthread_proc_t[m[K’ {aka ‘[01m[Klong unsigned int (*)(void*)[m[K’} to ‘[01m[Kvoid* (*)(void*)[m[K’ [[01;35m[K-Wcast-function-type[m[K]
[15.852s]    48 |     pthread_create((pthread_t *)&newborn._handle, NULL, (void * (*)(void *))[01;35m[Kproc[m[K, data);
[15.852s]       |                                                                             [01;35m[K^~~~[m[K
[15.852s] [01m[K/home/pioneer-i/ros2_ws/src/rplidar_ros/./sdk/src/arch/linux/thread.hpp:[m[K In member function ‘[01m[Ku_result rp::hal::Thread::join(long unsigned int)[m[K’:
[15.853s] [01m[K/home/pioneer-i/ros2_ws/src/rplidar_ros/./sdk/src/arch/linux/thread.hpp:129:37:[m[K [01;35m[Kwarning: [m[Kunused parameter ‘[01m[Ktimeout[m[K’ [[01;35m[K-Wunused-parameter[m[K]
[15.853s]   129 | u_result Thread::join([01;35m[Kunsigned long timeout[m[K)
[15.853s]       |                       [01;35m[K~~~~~~~~~~~~~~^~~~~~~[m[K
[15.920s] [01m[K/home/pioneer-i/ros2_ws/src/rplidar_ros/sdk/src/rplidar_driver.cpp:[m[K In member function ‘[01m[Ku_result rp::standalone::rplidar::RPlidarDriver::connect(const char*, _u32, _u32)[m[K’:
[15.921s] [01m[K/home/pioneer-i/ros2_ws/src/rplidar_ros/sdk/src/rplidar_driver.cpp:67:77:[m[K [01;35m[Kwarning: [m[Kunused parameter ‘[01m[Kflag[m[K’ [[01;35m[K-Wunused-parameter[m[K]
[15.921s]    67 |     u_result RPlidarDriver::connect(const char *path, _u32 portOrBaud, [01;35m[K_u32 flag[m[K)
[15.921s]       |                                                                        [01;35m[K~~~~~^~~~[m[K
[15.922s] [01m[K/home/pioneer-i/ros2_ws/src/rplidar_ros/sdk/src/rplidar_driver.cpp:[m[K In member function ‘[01m[Ku_result rp::standalone::rplidar::RPlidarDriver::reset(_u32)[m[K’:
[15.923s] [01m[K/home/pioneer-i/ros2_ws/src/rplidar_ros/sdk/src/rplidar_driver.cpp:101:40:[m[K [01;35m[Kwarning: [m[Kunused parameter ‘[01m[Ktimeout[m[K’ [[01;35m[K-Wunused-parameter[m[K]
[15.923s]   101 |     u_result RPlidarDriver::reset([01;35m[K_u32 timeout[m[K)
[15.923s]       |                                   [01;35m[K~~~~~^~~~~~~[m[K
[15.926s] [01m[K/home/pioneer-i/ros2_ws/src/rplidar_ros/sdk/src/rplidar_driver.cpp:[m[K In member function ‘[01m[Ku_result rp::standalone::rplidar::RPlidarDriver::getScanDataWithInterval(rplidar_response_measurement_node_t*, size_t&)[m[K’:
[15.927s] [01m[K/home/pioneer-i/ros2_ws/src/rplidar_ros/sdk/src/rplidar_driver.cpp:180:91:[m[K [01;35m[Kwarning: [m[Kunused parameter ‘[01m[Knodebuffer[m[K’ [[01;35m[K-Wunused-parameter[m[K]
[15.927s]   180 |     u_result RPlidarDriver::getScanDataWithInterval([01;35m[Krplidar_response_measurement_node_t * nodebuffer[m[K, size_t & count)
[15.927s]       |                                                     [01;35m[K~~~~~~~~~~~~~~~~~~~~~~~~~~~~~~~~~~~~~~^~~~~~~~~~[m[K
[15.927s] [01m[K/home/pioneer-i/ros2_ws/src/rplidar_ros/sdk/src/rplidar_driver.cpp:180:112:[m[K [01;35m[Kwarning: [m[Kunused parameter ‘[01m[Kcount[m[K’ [[01;35m[K-Wunused-parameter[m[K]
[15.928s]   180 |     u_result RPlidarDriver::getScanDataWithInterval(rplidar_response_measurement_node_t * nodebuffer, [01;35m[Ksize_t & count[m[K)
[15.928s]       |                                                                                                       [01;35m[K~~~~~~~~~^~~~~[m[K
[15.952s] In file included from [01m[K/home/pioneer-i/ros2_ws/src/rplidar_ros/./sdk/include/rplidar_protocol.h:36[m[K,
[15.953s]                  from [01m[K/home/pioneer-i/ros2_ws/src/rplidar_ros/./sdk/include/rplidar.h:39[m[K,
[15.953s]                  from [01m[K/home/pioneer-i/ros2_ws/src/rplidar_ros/sdk/src/sdkcommon.h:49[m[K,
[15.953s]                  from [01m[K/home/pioneer-i/ros2_ws/src/rplidar_ros/sdk/src/sl_lidar_driver.cpp:33[m[K:
[15.953s] [01m[K/home/pioneer-i/ros2_ws/src/rplidar_ros/./sdk/include/sl_lidar_protocol.h:58:16:[m[K [01;35m[Kwarning: [m[KISO C++ forbids zero-size array ‘[01m[Kdata[m[K’ [[01;35m[K-Wpedantic[m[K]
[15.954s]    58 |     sl_u8 data[[01;35m[K0[m[K];
[15.954s]       |                [01;35m[K^[m[K
[15.954s] In file included from [01m[K/home/pioneer-i/ros2_ws/src/rplidar_ros/./sdk/include/rplidar_cmd.h:36[m[K,
[15.954s]                  from [01m[K/home/pioneer-i/ros2_ws/src/rplidar_ros/./sdk/include/rplidar.h:40[m[K,
[15.954s]                  from [01m[K/home/pioneer-i/ros2_ws/src/rplidar_ros/sdk/src/sdkcommon.h:49[m[K,
[15.954s]                  from [01m[K/home/pioneer-i/ros2_ws/src/rplidar_ros/sdk/src/sl_lidar_driver.cpp:33[m[K:
[15.954s] [01m[K/home/pioneer-i/ros2_ws/src/rplidar_ros/./sdk/include/sl_lidar_cmd.h:295:20:[m[K [01;35m[Kwarning: [m[KISO C++ forbids zero-size array ‘[01m[Kpayload[m[K’ [[01;35m[K-Wpedantic[m[K]
[15.955s]   295 |     sl_u8  payload[[01;35m[K0[m[K];
[15.955s]       |                    [01;35m[K^[m[K
[16.102s] [ 80%] [32mBuilding CXX object CMakeFiles/rplidar_composition.dir/sdk/src/sl_serial_channel.cpp.o[0m
[16.103s] [ 84%] [32mBuilding CXX object CMakeFiles/rplidar_composition.dir/sdk/src/sl_tcp_channel.cpp.o[0m
[16.125s] [01m[K/home/pioneer-i/ros2_ws/src/rplidar_ros/sdk/src/sl_lidar_driver.cpp:[m[K In member function ‘[01m[Kvirtual sl_result sl::SlamtecLidarDriver::reset(sl_u32)[m[K’:
[16.126s] [01m[K/home/pioneer-i/ros2_ws/src/rplidar_ros/sdk/src/sl_lidar_driver.cpp:273:32:[m[K [01;35m[Kwarning: [m[Kunused parameter ‘[01m[KtimeoutInMs[m[K’ [[01;35m[K-Wunused-parameter[m[K]
[16.126s]   273 |         sl_result reset([01;35m[Ksl_u32 timeoutInMs = DEFAULT_TIMEOUT[m[K)
[16.126s]       |                         [01;35m[K~~~~~~~^~~~~~~~~~~~~~~~~~~~~~~~~~~~~[m[K
[16.131s] [01m[K/home/pioneer-i/ros2_ws/src/rplidar_ros/sdk/src/sl_lidar_driver.cpp:[m[K In member function ‘[01m[Kvirtual sl_result sl::SlamtecLidarDriver::getAllSupportedScanModes(std::vector<sl::LidarScanMode>&, sl_u32)[m[K’:
[16.132s] [01m[K/home/pioneer-i/ros2_ws/src/rplidar_ros/sdk/src/sl_lidar_driver.cpp:286:89:[m[K [01;35m[Kwarning: [m[Kunused parameter ‘[01m[KtimeoutInMs[m[K’ [[01;35m[K-Wunused-parameter[m[K]
[16.132s]   286 |         sl_result getAllSupportedScanModes(std::vector<LidarScanMode>& outModes, [01;35m[Ksl_u32 timeoutInMs = DEFAULT_TIMEOUT[m[K)
[16.132s]       |                                                                                  [01;35m[K~~~~~~~^~~~~~~~~~~~~~~~~~~~~~~~~~~~~[m[K
[16.134s] [01m[K/home/pioneer-i/ros2_ws/src/rplidar_ros/sdk/src/sl_lidar_driver.cpp:[m[K In member function ‘[01m[Kvirtual sl_result sl::SlamtecLidarDriver::startScan(bool, bool, sl_u32, sl::LidarScanMode*)[m[K’:
[16.134s] [01m[K/home/pioneer-i/ros2_ws/src/rplidar_ros/sdk/src/sl_lidar_driver.cpp:347:69:[m[K [01;35m[Kwarning: [m[Kunused parameter ‘[01m[Koptions[m[K’ [[01;35m[K-Wunused-parameter[m[K]
[16.134s]   347 |         sl_result startScan(bool force, bool useTypicalScan, [01;35m[Ksl_u32 options = 0[m[K, LidarScanMode* outUsedScanMode = nullptr)
[16.134s]       |                                                              [01;35m[K~~~~~~~^~~~~~~~~~~[m[K
[16.139s] [01m[K/home/pioneer-i/ros2_ws/src/rplidar_ros/sdk/src/sl_lidar_driver.cpp:[m[K In member function ‘[01m[Kvirtual sl_result sl::SlamtecLidarDriver::stop(sl_u32)[m[K’:
[16.139s] [01m[K/home/pioneer-i/ros2_ws/src/rplidar_ros/sdk/src/sl_lidar_driver.cpp:534:31:[m[K [01;35m[Kwarning: [m[Kunused parameter ‘[01m[Ktimeout[m[K’ [[01;35m[K-Wunused-parameter[m[K]
[16.139s]   534 |         sl_result stop([01;35m[Ksl_u32 timeout = DEFAULT_TIMEOUT[m[K)
[16.140s]       |                        [01;35m[K~~~~~~~^~~~~~~~~~~~~~~~~~~~~~~~~[m[K
[16.142s] [01m[K/home/pioneer-i/ros2_ws/src/rplidar_ros/sdk/src/sl_lidar_driver.cpp:[m[K In member function ‘[01m[Kvirtual sl_result sl::SlamtecLidarDriver::getDeviceInfo(sl_lidar_response_device_info_t&, sl_u32)[m[K’:
[16.142s] [01m[K/home/pioneer-i/ros2_ws/src/rplidar_ros/sdk/src/sl_lidar_driver.cpp:579:79:[m[K [01;35m[Kwarning: [m[Kunused parameter ‘[01m[Ktimeout[m[K’ [[01;35m[K-Wunused-parameter[m[K]
[16.142s]   579 |         sl_result getDeviceInfo(sl_lidar_response_device_info_t& info, [01;35m[Ksl_u32 timeout = DEFAULT_TIMEOUT[m[K)
[16.142s]       |                                                                        [01;35m[K~~~~~~~^~~~~~~~~~~~~~~~~~~~~~~~~[m[K
[16.142s] [01m[K/home/pioneer-i/ros2_ws/src/rplidar_ros/sdk/src/sl_lidar_driver.cpp:[m[K In member function ‘[01m[Kvirtual sl_result sl::SlamtecLidarDriver::checkMotorCtrlSupport(sl::MotorCtrlSupport&, sl_u32)[m[K’:
[16.143s] [01m[K/home/pioneer-i/ros2_ws/src/rplidar_ros/sdk/src/sl_lidar_driver.cpp:592:76:[m[K [01;35m[Kwarning: [m[Kunused parameter ‘[01m[Ktimeout[m[K’ [[01;35m[K-Wunused-parameter[m[K]
[16.143s]   592 |         sl_result checkMotorCtrlSupport(MotorCtrlSupport & support, [01;35m[Ksl_u32 timeout = DEFAULT_TIMEOUT[m[K)
[16.143s]       |                                                                     [01;35m[K~~~~~~~^~~~~~~~~~~~~~~~~~~~~~~~~[m[K
[16.143s] [01m[K/home/pioneer-i/ros2_ws/src/rplidar_ros/sdk/src/sl_lidar_driver.cpp:[m[K In member function ‘[01m[Kvirtual sl_result sl::SlamtecLidarDriver::getFrequency(const sl::LidarScanMode&, const sl_lidar_response_measurement_node_hq_t*, size_t, float&)[m[K’:
[16.143s] [01m[K/home/pioneer-i/ros2_ws/src/rplidar_ros/sdk/src/sl_lidar_driver.cpp:627:110:[m[K [01;35m[Kwarning: [m[Kunused parameter ‘[01m[Knodes[m[K’ [[01;35m[K-Wunused-parameter[m[K]
[16.147s]   627 |         sl_result getFrequency(const LidarScanMode& scanMode, [01;35m[Kconst sl_lidar_response_measurement_node_hq_t* nodes[m[K, size_t count, float& frequency)
[16.148s]       |                                                               [01;35m[K~~~~~~~~~~~~~~~~~~~~~~~~~~~~~~~~~~~~~~~~~~~~~~~^~~~~[m[K
[16.148s] [01m[K/home/pioneer-i/ros2_ws/src/rplidar_ros/sdk/src/sl_lidar_driver.cpp:[m[K In member function ‘[01m[Kvirtual sl_result sl::SlamtecLidarDriver::getHealth(sl_lidar_response_device_health_t&, sl_u32)[m[K’:
[16.148s] [01m[K/home/pioneer-i/ros2_ws/src/rplidar_ros/sdk/src/sl_lidar_driver.cpp:653:79:[m[K [01;35m[Kwarning: [m[Kunused parameter ‘[01m[Ktimeout[m[K’ [[01;35m[K-Wunused-parameter[m[K]
[16.148s]   653 |         sl_result getHealth(sl_lidar_response_device_health_t& health, [01;35m[Ksl_u32 timeout = DEFAULT_TIMEOUT[m[K)
[16.148s]       |                                                                        [01;35m[K~~~~~~~^~~~~~~~~~~~~~~~~~~~~~~~~[m[K
[16.148s] [01m[K/home/pioneer-i/ros2_ws/src/rplidar_ros/sdk/src/sl_lidar_driver.cpp:[m[K In member function ‘[01m[Kvirtual sl_result sl::SlamtecLidarDriver::getMotorInfo(sl::LidarMotorInfo&, sl_u32)[m[K’:
[16.149s] [01m[K/home/pioneer-i/ros2_ws/src/rplidar_ros/sdk/src/sl_lidar_driver.cpp:743:66:[m[K [01;35m[Kwarning: [m[Kunused parameter ‘[01m[KtimeoutInMs[m[K’ [[01;35m[K-Wunused-parameter[m[K]
[16.149s]   743 |         sl_result getMotorInfo(LidarMotorInfo &motorInfo, [01;35m[Ksl_u32 timeoutInMs[m[K)
[16.149s]       |                                                           [01;35m[K~~~~~~~^~~~~~~~~~~[m[K
[16.164s] [01m[K/home/pioneer-i/ros2_ws/src/rplidar_ros/sdk/src/sl_lidar_driver.cpp:[m[K In member function ‘[01m[Kvoid sl::SlamtecLidarDriver::_ultraCapsuleToNormal(const sl_lidar_response_ultra_capsule_measurement_nodes_t&, sl_lidar_response_measurement_node_hq_t*, size_t&)[m[K’:
[16.164s] [01m[K/home/pioneer-i/ros2_ws/src/rplidar_ros/sdk/src/sl_lidar_driver.cpp:1382:40:[m[K [01;35m[Kwarning: [m[Kcomparison of integer expressions of different signedness: ‘[01m[Kint[m[K’ and ‘[01m[Kunsigned int[m[K’ [[01;35m[K-Wsign-compare[m[K]
[16.164s]  1382 |                     if (([01;35m[Kdist_predict1 == 0xFFFFFE00[m[K) || (dist_predict1 == 0x1FF)) {
[16.164s]       |                          [01;35m[K~~~~~~~~~~~~~~^~~~~~~~~~~~~[m[K
[16.165s] [01m[K/home/pioneer-i/ros2_ws/src/rplidar_ros/sdk/src/sl_lidar_driver.cpp:1391:40:[m[K [01;35m[Kwarning: [m[Kcomparison of integer expressions of different signedness: ‘[01m[Kint[m[K’ and ‘[01m[Kunsigned int[m[K’ [[01;35m[K-Wsign-compare[m[K]
[16.165s]  1391 |                     if (([01;35m[Kdist_predict2 == 0xFFFFFE00[m[K) || (dist_predict2 == 0x1FF)) {
[16.165s]       |                          [01;35m[K~~~~~~~~~~~~~~^~~~~~~~~~~~~[m[K
[16.169s] [01m[K/home/pioneer-i/ros2_ws/src/rplidar_ros/sdk/src/sl_lidar_driver.cpp:[m[K In member function ‘[01m[Kvoid sl::SlamtecLidarDriver::_dense_capsuleToNormal(const sl_lidar_response_capsule_measurement_nodes_t&, sl_lidar_response_measurement_node_hq_t*, size_t&)[m[K’:
[16.169s] [01m[K/home/pioneer-i/ros2_ws/src/rplidar_ros/sdk/src/sl_lidar_driver.cpp:1589:116:[m[K [01;35m[Kwarning: [m[Ktype qualifiers ignored on cast result type [[01;35m[K-Wignored-qualifiers[m[K]
[16.169s]  1589 |                     const int dist = static_cast<const int>(_cached_previous_dense_capsuledata.cabins[pos].distance[01;35m[K)[m[K;
[16.169s]       |                                                                                                                    [01;35m[K^[m[K
[16.337s] [01m[K/home/pioneer-i/ros2_ws/src/rplidar_ros/sdk/src/sl_lidar_driver.cpp:[m[K At global scope:
[16.337s] [01m[K/home/pioneer-i/ros2_ws/src/rplidar_ros/sdk/src/sl_lidar_driver.cpp:72:17:[m[K [01;35m[Kwarning: [m[K‘[01m[Kvoid sl::convert(const sl_lidar_response_measurement_node_hq_t&, sl_lidar_response_measurement_node_t&)[m[K’ defined but not used [[01;35m[K-Wunused-function[m[K]
[16.337s]    72 |     static void [01;35m[Kconvert[m[K(const sl_lidar_response_measurement_node_hq_t& from, sl_lidar_response_measurement_node_t& to)
[16.337s]       |                 [01;35m[K^~~~~~~[m[K
[16.338s] [01m[K/home/pioneer-i/ros2_ws/src/rplidar_ros/sdk/src/sl_lidar_driver.cpp:59:17:[m[K [01;35m[Kwarning: [m[K‘[01m[Kvoid sl::printDeprecationWarn(const char*, const char*)[m[K’ defined but not used [[01;35m[K-Wunused-function[m[K]
[16.338s]    59 |     static void [01;35m[KprintDeprecationWarn[m[K(const char* fn, const char* replacement)
[16.338s]       |                 [01;35m[K^~~~~~~~~~~~~~~~~~~~[m[K
[16.540s] In file included from [01m[K/home/pioneer-i/ros2_ws/src/rplidar_ros/./sdk/include/sl_lidar_cmd.h:36[m[K,
[16.540s]                  from [01m[K/home/pioneer-i/ros2_ws/src/rplidar_ros/./sdk/include/sl_lidar_driver.h:54[m[K,
[16.540s]                  from [01m[K/home/pioneer-i/ros2_ws/src/rplidar_ros/sdk/src/sl_serial_channel.cpp:33[m[K:
[16.542s] [01m[K/home/pioneer-i/ros2_ws/src/rplidar_ros/./sdk/include/sl_lidar_protocol.h:58:16:[m[K [01;35m[Kwarning: [m[KISO C++ forbids zero-size array ‘[01m[Kdata[m[K’ [[01;35m[K-Wpedantic[m[K]
[16.542s]    58 |     sl_u8 data[[01;35m[K0[m[K];
[16.542s]       |                [01;35m[K^[m[K
[16.542s] In file included from [01m[K/home/pioneer-i/ros2_ws/src/rplidar_ros/./sdk/include/sl_lidar_driver.h:54[m[K,
[16.543s]                  from [01m[K/home/pioneer-i/ros2_ws/src/rplidar_ros/sdk/src/sl_serial_channel.cpp:33[m[K:
[16.543s] [01m[K/home/pioneer-i/ros2_ws/src/rplidar_ros/./sdk/include/sl_lidar_cmd.h:295:20:[m[K [01;35m[Kwarning: [m[KISO C++ forbids zero-size array ‘[01m[Kpayload[m[K’ [[01;35m[K-Wpedantic[m[K]
[16.543s]   295 |     sl_u8  payload[[01;35m[K0[m[K];
[16.543s]       |                    [01;35m[K^[m[K
[16.546s] In file included from [01m[K/home/pioneer-i/ros2_ws/src/rplidar_ros/./sdk/include/sl_lidar_cmd.h:36[m[K,
[16.546s]                  from [01m[K/home/pioneer-i/ros2_ws/src/rplidar_ros/./sdk/include/sl_lidar_driver.h:54[m[K,
[16.548s]                  from [01m[K/home/pioneer-i/ros2_ws/src/rplidar_ros/sdk/src/sl_tcp_channel.cpp:33[m[K:
[16.548s] [01m[K/home/pioneer-i/ros2_ws/src/rplidar_ros/./sdk/include/sl_lidar_protocol.h:58:16:[m[K [01;35m[Kwarning: [m[KISO C++ forbids zero-size array ‘[01m[Kdata[m[K’ [[01;35m[K-Wpedantic[m[K]
[16.548s]    58 |     sl_u8 data[[01;35m[K0[m[K];
[16.548s]       |                [01;35m[K^[m[K
[16.548s] In file included from [01m[K/home/pioneer-i/ros2_ws/src/rplidar_ros/./sdk/include/sl_lidar_driver.h:54[m[K,
[16.548s]                  from [01m[K/home/pioneer-i/ros2_ws/src/rplidar_ros/sdk/src/sl_tcp_channel.cpp:33[m[K:
[16.549s] [01m[K/home/pioneer-i/ros2_ws/src/rplidar_ros/./sdk/include/sl_lidar_cmd.h:295:20:[m[K [01;35m[Kwarning: [m[KISO C++ forbids zero-size array ‘[01m[Kpayload[m[K’ [[01;35m[K-Wpedantic[m[K]
[16.549s]   295 |     sl_u8  payload[[01;35m[K0[m[K];
[16.549s]       |                    [01;35m[K^[m[K
[16.557s] [01m[K/home/pioneer-i/ros2_ws/src/rplidar_ros/sdk/src/sl_tcp_channel.cpp:[m[K In member function ‘[01m[Kvoid sl::TcpChannel::setStatus(_u32)[m[K’:
[16.557s] [01m[K/home/pioneer-i/ros2_ws/src/rplidar_ros/sdk/src/sl_tcp_channel.cpp:94:29:[m[K [01;35m[Kwarning: [m[Kunused parameter ‘[01m[Kflag[m[K’ [[01;35m[K-Wunused-parameter[m[K]
[16.558s]    94 |         void setStatus([01;35m[K_u32 flag[m[K){}
[16.558s]       |                        [01;35m[K~~~~~^~~~[m[K
[16.827s] [ 88%] [32mBuilding CXX object CMakeFiles/rplidar_composition.dir/sdk/src/sl_udp_channel.cpp.o[0m
[17.230s] In file included from [01m[K/home/pioneer-i/ros2_ws/src/rplidar_ros/./sdk/include/sl_lidar_cmd.h:36[m[K,
[17.230s]                  from [01m[K/home/pioneer-i/ros2_ws/src/rplidar_ros/./sdk/include/sl_lidar_driver.h:54[m[K,
[17.230s]                  from [01m[K/home/pioneer-i/ros2_ws/src/rplidar_ros/sdk/src/sl_udp_channel.cpp:33[m[K:
[17.230s] [01m[K/home/pioneer-i/ros2_ws/src/rplidar_ros/./sdk/include/sl_lidar_protocol.h:58:16:[m[K [01;35m[Kwarning: [m[KISO C++ forbids zero-size array ‘[01m[Kdata[m[K’ [[01;35m[K-Wpedantic[m[K]
[17.231s]    58 |     sl_u8 data[[01;35m[K0[m[K];
[17.231s]       |                [01;35m[K^[m[K
[17.232s] In file included from [01m[K/home/pioneer-i/ros2_ws/src/rplidar_ros/./sdk/include/sl_lidar_driver.h:54[m[K,
[17.232s]                  from [01m[K/home/pioneer-i/ros2_ws/src/rplidar_ros/sdk/src/sl_udp_channel.cpp:33[m[K:
[17.233s] [01m[K/home/pioneer-i/ros2_ws/src/rplidar_ros/./sdk/include/sl_lidar_cmd.h:295:20:[m[K [01;35m[Kwarning: [m[KISO C++ forbids zero-size array ‘[01m[Kpayload[m[K’ [[01;35m[K-Wpedantic[m[K]
[17.233s]   295 |     sl_u8  payload[[01;35m[K0[m[K];
[17.233s]       |                    [01;35m[K^[m[K
[17.240s] [01m[K/home/pioneer-i/ros2_ws/src/rplidar_ros/sdk/src/sl_udp_channel.cpp:[m[K In member function ‘[01m[Kvoid sl::UdpChannel::setStatus(_u32)[m[K’:
[17.240s] [01m[K/home/pioneer-i/ros2_ws/src/rplidar_ros/sdk/src/sl_udp_channel.cpp:102:29:[m[K [01;35m[Kwarning: [m[Kunused parameter ‘[01m[Kflag[m[K’ [[01;35m[K-Wunused-parameter[m[K]
[17.240s]   102 |         void setStatus([01;35m[K_u32 flag[m[K){}
[17.241s]       |                        [01;35m[K~~~~~^~~~[m[K
[20.149s] [ 92%] [32m[1mLinking CXX executable rplidar_composition[0m
[20.515s] [ 96%] [32m[1mLinking CXX executable rplidar_node[0m
[20.804s] [ 96%] Built target rplidar_composition
[20.940s] [ 96%] Built target rplidar_node
[22.417s] [100%] [32m[1mLinking CXX executable rplidar_client[0m
[22.875s] [100%] Built target rplidar_client
[23.021s] Invoked command in '/home/pioneer-i/ros2_ws/build/rplidar_ros' returned '0': CMAKE_PREFIX_PATH=${CMAKE_PREFIX_PATH}:/home/pioneer-i/ros2_ws/install/rsl_roboteq:/home/pioneer-i/ros2_ws/install/locomotion_core:/opt/ros/foxy /usr/bin/cmake --build /home/pioneer-i/ros2_ws/build/rplidar_ros -- -j6 -l6
[23.108s] Invoking command in '/home/pioneer-i/ros2_ws/build/rplidar_ros': CMAKE_PREFIX_PATH=${CMAKE_PREFIX_PATH}:/home/pioneer-i/ros2_ws/install/rsl_roboteq:/home/pioneer-i/ros2_ws/install/locomotion_core:/opt/ros/foxy /usr/bin/cmake --install /home/pioneer-i/ros2_ws/build/rplidar_ros
[23.127s] -- Install configuration: ""
[23.127s] -- Installing: /home/pioneer-i/ros2_ws/install/rplidar_ros/share/rplidar_ros/launch
[23.127s] -- Installing: /home/pioneer-i/ros2_ws/install/rplidar_ros/share/rplidar_ros/launch/view_rplidar_a2m12_launch.py
[23.128s] -- Installing: /home/pioneer-i/ros2_ws/install/rplidar_ros/share/rplidar_ros/launch/view_rplidar_s2e_launch.py
[23.128s] -- Installing: /home/pioneer-i/ros2_ws/install/rplidar_ros/share/rplidar_ros/launch/rplidar_a2m12_launch.py
[23.128s] -- Installing: /home/pioneer-i/ros2_ws/install/rplidar_ros/share/rplidar_ros/launch/rplidar_a1_launch.py
[23.128s] -- Installing: /home/pioneer-i/ros2_ws/install/rplidar_ros/share/rplidar_ros/launch/rplidar_s1_tcp_launch.py
[23.128s] -- Installing: /home/pioneer-i/ros2_ws/install/rplidar_ros/share/rplidar_ros/launch/rplidar_a2m8_launch.py
[23.129s] -- Installing: /home/pioneer-i/ros2_ws/install/rplidar_ros/share/rplidar_ros/launch/rplidar_s2e_launch.py
[23.129s] -- Installing: /home/pioneer-i/ros2_ws/install/rplidar_ros/share/rplidar_ros/launch/rplidar_s3_launch.py
[23.129s] -- Installing: /home/pioneer-i/ros2_ws/install/rplidar_ros/share/rplidar_ros/launch/rplidar_t1_launch.py
[23.129s] -- Installing: /home/pioneer-i/ros2_ws/install/rplidar_ros/share/rplidar_ros/launch/rplidar_s1_launch.py
[23.129s] -- Installing: /home/pioneer-i/ros2_ws/install/rplidar_ros/share/rplidar_ros/launch/view_rplidar_s3_launch.py
[23.130s] -- Installing: /home/pioneer-i/ros2_ws/install/rplidar_ros/share/rplidar_ros/launch/view_rplidar_a2m7_launch.py
[23.130s] -- Installing: /home/pioneer-i/ros2_ws/install/rplidar_ros/share/rplidar_ros/launch/view_rplidar_a2m8_launch.py
[23.130s] -- Installing: /home/pioneer-i/ros2_ws/install/rplidar_ros/share/rplidar_ros/launch/rplidar_a2m7_launch.py
[23.131s] -- Installing: /home/pioneer-i/ros2_ws/install/rplidar_ros/share/rplidar_ros/launch/rplidar_s2_launch.py
[23.131s] -- Installing: /home/pioneer-i/ros2_ws/install/rplidar_ros/share/rplidar_ros/launch/view_rplidar_s1_launch.py
[23.131s] -- Installing: /home/pioneer-i/ros2_ws/install/rplidar_ros/share/rplidar_ros/launch/view_rplidar_t1_launch.py
[23.131s] -- Installing: /home/pioneer-i/ros2_ws/install/rplidar_ros/share/rplidar_ros/launch/view_rplidar_s1_tcp_launch.py
[23.131s] -- Installing: /home/pioneer-i/ros2_ws/install/rplidar_ros/share/rplidar_ros/launch/view_rplidar_a1_launch.py
[23.132s] -- Installing: /home/pioneer-i/ros2_ws/install/rplidar_ros/share/rplidar_ros/launch/rplidar_a3_launch.py
[23.132s] -- Installing: /home/pioneer-i/ros2_ws/install/rplidar_ros/share/rplidar_ros/launch/view_rplidar_a3_launch.py
[23.132s] -- Installing: /home/pioneer-i/ros2_ws/install/rplidar_ros/share/rplidar_ros/launch/view_rplidar_s2_launch.py
[23.132s] -- Installing: /home/pioneer-i/ros2_ws/install/rplidar_ros/share/rplidar_ros/rviz
[23.132s] -- Installing: /home/pioneer-i/ros2_ws/install/rplidar_ros/share/rplidar_ros/rviz/rplidar_ros.rviz
[23.132s] -- Installing: /home/pioneer-i/ros2_ws/install/rplidar_ros/lib/rplidar_ros/rplidar_node
[23.135s] -- Set runtime path of "/home/pioneer-i/ros2_ws/install/rplidar_ros/lib/rplidar_ros/rplidar_node" to ""
[23.135s] -- Installing: /home/pioneer-i/ros2_ws/install/rplidar_ros/lib/rplidar_ros/rplidar_composition
[23.138s] -- Set runtime path of "/home/pioneer-i/ros2_ws/install/rplidar_ros/lib/rplidar_ros/rplidar_composition" to ""
[23.138s] -- Installing: /home/pioneer-i/ros2_ws/install/rplidar_ros/lib/rplidar_ros/rplidar_client
[23.142s] -- Set runtime path of "/home/pioneer-i/ros2_ws/install/rplidar_ros/lib/rplidar_ros/rplidar_client" to ""
[23.142s] -- Installing: /home/pioneer-i/ros2_ws/install/rplidar_ros/share/ament_index/resource_index/package_run_dependencies/rplidar_ros
[23.143s] -- Installing: /home/pioneer-i/ros2_ws/install/rplidar_ros/share/ament_index/resource_index/parent_prefix_path/rplidar_ros
[23.143s] -- Installing: /home/pioneer-i/ros2_ws/install/rplidar_ros/share/rplidar_ros/environment/ament_prefix_path.sh
[23.143s] -- Installing: /home/pioneer-i/ros2_ws/install/rplidar_ros/share/rplidar_ros/environment/ament_prefix_path.dsv
[23.144s] -- Installing: /home/pioneer-i/ros2_ws/install/rplidar_ros/share/rplidar_ros/environment/path.sh
[23.144s] -- Installing: /home/pioneer-i/ros2_ws/install/rplidar_ros/share/rplidar_ros/environment/path.dsv
[23.144s] -- Installing: /home/pioneer-i/ros2_ws/install/rplidar_ros/share/rplidar_ros/local_setup.bash
[23.145s] -- Installing: /home/pioneer-i/ros2_ws/install/rplidar_ros/share/rplidar_ros/local_setup.sh
[23.145s] -- Installing: /home/pioneer-i/ros2_ws/install/rplidar_ros/share/rplidar_ros/local_setup.zsh
[23.145s] -- Installing: /home/pioneer-i/ros2_ws/install/rplidar_ros/share/rplidar_ros/local_setup.dsv
[23.145s] -- Installing: /home/pioneer-i/ros2_ws/install/rplidar_ros/share/rplidar_ros/package.dsv
[23.146s] -- Installing: /home/pioneer-i/ros2_ws/install/rplidar_ros/share/ament_index/resource_index/packages/rplidar_ros
[23.146s] -- Installing: /home/pioneer-i/ros2_ws/install/rplidar_ros/share/rplidar_ros/cmake/ament_cmake_export_dependencies-extras.cmake
[23.146s] -- Installing: /home/pioneer-i/ros2_ws/install/rplidar_ros/share/rplidar_ros/cmake/ament_cmake_export_include_directories-extras.cmake
[23.147s] -- Installing: /home/pioneer-i/ros2_ws/install/rplidar_ros/share/rplidar_ros/cmake/rplidar_rosConfig.cmake
[23.147s] -- Installing: /home/pioneer-i/ros2_ws/install/rplidar_ros/share/rplidar_ros/cmake/rplidar_rosConfig-version.cmake
[23.147s] -- Installing: /home/pioneer-i/ros2_ws/install/rplidar_ros/share/rplidar_ros/package.xml
[23.158s] Invoked command in '/home/pioneer-i/ros2_ws/build/rplidar_ros' returned '0': CMAKE_PREFIX_PATH=${CMAKE_PREFIX_PATH}:/home/pioneer-i/ros2_ws/install/rsl_roboteq:/home/pioneer-i/ros2_ws/install/locomotion_core:/opt/ros/foxy /usr/bin/cmake --install /home/pioneer-i/ros2_ws/build/rplidar_ros
