[4.662s] Invoking command in '/home/pioneer-i/ros2_ws/src/locomotion_core': PYTHONPATH=/home/pioneer-i/ros2_ws/build/locomotion_core/prefix_override:/home/pioneer-i/ros2_ws/install/locomotion_core/lib/python3.8/site-packages:${PYTHONPATH} /usr/bin/python3 setup.py egg_info --egg-base ../../build/locomotion_core build --build-base /home/pioneer-i/ros2_ws/build/locomotion_core/build install --record /home/pioneer-i/ros2_ws/build/locomotion_core/install.log --single-version-externally-managed
[5.095s] running egg_info
[5.096s] writing ../../build/locomotion_core/locomotion_core.egg-info/PKG-INFO
[5.218s] writing dependency_links to ../../build/locomotion_core/locomotion_core.egg-info/dependency_links.txt
[5.219s] writing entry points to ../../build/locomotion_core/locomotion_core.egg-info/entry_points.txt
[5.219s] writing requirements to ../../build/locomotion_core/locomotion_core.egg-info/requires.txt
[5.219s] writing top-level names to ../../build/locomotion_core/locomotion_core.egg-info/top_level.txt
[5.432s] reading manifest file '../../build/locomotion_core/locomotion_core.egg-info/SOURCES.txt'
[5.435s] writing manifest file '../../build/locomotion_core/locomotion_core.egg-info/SOURCES.txt'
[5.436s] running build
[5.436s] running build_py
[5.448s] running install
[5.450s] running install_lib
[5.454s] running install_data
[5.455s] running install_egg_info
[5.459s] removing '/home/pioneer-i/ros2_ws/install/locomotion_core/lib/python3.8/site-packages/locomotion_core-0.0.0-py3.8.egg-info' (and everything under it)
[5.460s] Copying ../../build/locomotion_core/locomotion_core.egg-info to /home/pioneer-i/ros2_ws/install/locomotion_core/lib/python3.8/site-packages/locomotion_core-0.0.0-py3.8.egg-info
[5.464s] running install_scripts
[5.502s] Installing cmd_roboteq script to /home/pioneer-i/ros2_ws/install/locomotion_core/lib/locomotion_core
[5.638s] Installing movebase_kinematics script to /home/pioneer-i/ros2_ws/install/locomotion_core/lib/locomotion_core
[5.639s] writing list of installed files to '/home/pioneer-i/ros2_ws/build/locomotion_core/install.log'
[5.738s] Invoked command in '/home/pioneer-i/ros2_ws/src/locomotion_core' returned '0': PYTHONPATH=/home/pioneer-i/ros2_ws/build/locomotion_core/prefix_override:/home/pioneer-i/ros2_ws/install/locomotion_core/lib/python3.8/site-packages:${PYTHONPATH} /usr/bin/python3 setup.py egg_info --egg-base ../../build/locomotion_core build --build-base /home/pioneer-i/ros2_ws/build/locomotion_core/build install --record /home/pioneer-i/ros2_ws/build/locomotion_core/install.log --single-version-externally-managed
