[1.344s] Invoking command in '/home/pioneer-i/ros2_ws/src/locomotion_core': PYTHONPATH=/home/pioneer-i/ros2_ws/build/locomotion_core/prefix_override:/home/pioneer-i/ros2_ws/install/locomotion_core/lib/python3.8/site-packages:${PYTHONPATH} /usr/bin/python3 setup.py egg_info --egg-base ../../build/locomotion_core build --build-base /home/pioneer-i/ros2_ws/build/locomotion_core/build install --record /home/pioneer-i/ros2_ws/build/locomotion_core/install.log --single-version-externally-managed
[1.759s] running egg_info
[1.759s] writing ../../build/locomotion_core/locomotion_core.egg-info/PKG-INFO
[1.760s] writing dependency_links to ../../build/locomotion_core/locomotion_core.egg-info/dependency_links.txt
[1.761s] writing entry points to ../../build/locomotion_core/locomotion_core.egg-info/entry_points.txt
[1.761s] writing requirements to ../../build/locomotion_core/locomotion_core.egg-info/requires.txt
[1.761s] writing top-level names to ../../build/locomotion_core/locomotion_core.egg-info/top_level.txt
[1.824s] reading manifest file '../../build/locomotion_core/locomotion_core.egg-info/SOURCES.txt'
[1.825s] writing manifest file '../../build/locomotion_core/locomotion_core.egg-info/SOURCES.txt'
[1.826s] running build
[1.826s] running build_py
[1.827s] running install
[1.828s] running install_lib
[1.831s] running install_data
[1.832s] running install_egg_info
[1.835s] removing '/home/pioneer-i/ros2_ws/install/locomotion_core/lib/python3.8/site-packages/locomotion_core-0.0.0-py3.8.egg-info' (and everything under it)
[1.836s] Copying ../../build/locomotion_core/locomotion_core.egg-info to /home/pioneer-i/ros2_ws/install/locomotion_core/lib/python3.8/site-packages/locomotion_core-0.0.0-py3.8.egg-info
[1.838s] running install_scripts
[1.873s] Installing cmd_roboteq script to /home/pioneer-i/ros2_ws/install/locomotion_core/lib/locomotion_core
[1.873s] Installing movebase_kinematics script to /home/pioneer-i/ros2_ws/install/locomotion_core/lib/locomotion_core
[1.874s] writing list of installed files to '/home/pioneer-i/ros2_ws/build/locomotion_core/install.log'
[1.938s] Invoked command in '/home/pioneer-i/ros2_ws/src/locomotion_core' returned '0': PYTHONPATH=/home/pioneer-i/ros2_ws/build/locomotion_core/prefix_override:/home/pioneer-i/ros2_ws/install/locomotion_core/lib/python3.8/site-packages:${PYTHONPATH} /usr/bin/python3 setup.py egg_info --egg-base ../../build/locomotion_core build --build-base /home/pioneer-i/ros2_ws/build/locomotion_core/build install --record /home/pioneer-i/ros2_ws/build/locomotion_core/install.log --single-version-externally-managed
