[0.699s] DEBUG:colcon:Command line arguments: ['/usr/bin/colcon', 'build']
[0.700s] DEBUG:colcon:Parsed command line arguments: Namespace(allow_overriding=[], ament_cmake_args=None, base_paths=['.'], build_base='build', catkin_cmake_args=None, catkin_skip_building_tests=False, cmake_args=None, cmake_clean_cache=False, cmake_clean_first=False, cmake_force_configure=False, cmake_target=None, cmake_target_skip_unavailable=False, continue_on_error=False, event_handlers=None, executor='parallel', ignore_user_meta=False, install_base='install', log_base=None, log_level=None, main=<bound method BuildVerb.main of <colcon_core.verb.build.BuildVerb object at 0xffffa26a5700>>, merge_install=False, metas=['./colcon.meta'], packages_above=None, packages_above_and_dependencies=None, packages_above_depth=None, packages_end=None, packages_ignore=None, packages_ignore_regex=None, packages_select=None, packages_select_build_failed=False, packages_select_by_dep=None, packages_select_regex=None, packages_select_test_failures=False, packages_skip=None, packages_skip_build_finished=False, packages_skip_by_dep=None, packages_skip_regex=None, packages_skip_test_passed=False, packages_skip_up_to=None, packages_start=None, packages_up_to=None, packages_up_to_regex=None, parallel_workers=6, paths=None, symlink_install=False, test_result_base=None, verb_extension=<colcon_core.verb.build.BuildVerb object at 0xffffa26a5700>, verb_name='build', verb_parser=<colcon_defaults.argument_parser.defaults.DefaultArgumentsDecorator object at 0xffffa26a5c40>)
[0.752s] Level 1:colcon.colcon_core.package_discovery:discover_packages(colcon_meta) check parameters
[0.752s] Level 1:colcon.colcon_core.package_discovery:discover_packages(recursive) check parameters
[0.752s] Level 1:colcon.colcon_core.package_discovery:discover_packages(ignore) check parameters
[0.752s] Level 1:colcon.colcon_core.package_discovery:discover_packages(path) check parameters
[0.753s] Level 1:colcon.colcon_core.package_discovery:discover_packages(colcon_meta) discover
[0.753s] Level 1:colcon.colcon_core.package_discovery:discover_packages(recursive) discover
[0.753s] INFO:colcon.colcon_core.package_discovery:Crawling recursively for packages in '/home/pioneer-i/ros2_ws'
[0.753s] Level 1:colcon.colcon_core.package_identification:_identify(.) by extensions ['ignore', 'ignore_ament_install']
[0.753s] Level 1:colcon.colcon_core.package_identification:_identify(.) by extension 'ignore'
[0.753s] Level 1:colcon.colcon_core.package_identification:_identify(.) by extension 'ignore_ament_install'
[0.754s] Level 1:colcon.colcon_core.package_identification:_identify(.) by extensions ['colcon_pkg']
[0.754s] Level 1:colcon.colcon_core.package_identification:_identify(.) by extension 'colcon_pkg'
[0.754s] Level 1:colcon.colcon_core.package_identification:_identify(.) by extensions ['colcon_meta']
[0.754s] Level 1:colcon.colcon_core.package_identification:_identify(.) by extension 'colcon_meta'
[0.754s] Level 1:colcon.colcon_core.package_identification:_identify(.) by extensions ['ros']
[0.754s] Level 1:colcon.colcon_core.package_identification:_identify(.) by extension 'ros'
[0.800s] Level 1:colcon.colcon_core.package_identification:_identify(.) by extensions ['cmake', 'python']
[0.800s] Level 1:colcon.colcon_core.package_identification:_identify(.) by extension 'cmake'
[0.800s] Level 1:colcon.colcon_core.package_identification:_identify(.) by extension 'python'
[0.800s] Level 1:colcon.colcon_core.package_identification:_identify(.) by extensions ['python_setup_py']
[0.801s] Level 1:colcon.colcon_core.package_identification:_identify(.) by extension 'python_setup_py'
[0.801s] Level 1:colcon.colcon_core.package_identification:_identify(build) by extensions ['ignore', 'ignore_ament_install']
[0.801s] Level 1:colcon.colcon_core.package_identification:_identify(build) by extension 'ignore'
[0.801s] Level 1:colcon.colcon_core.package_identification:_identify(build) ignored
[0.802s] Level 1:colcon.colcon_core.package_identification:_identify(install) by extensions ['ignore', 'ignore_ament_install']
[0.802s] Level 1:colcon.colcon_core.package_identification:_identify(install) by extension 'ignore'
[0.802s] Level 1:colcon.colcon_core.package_identification:_identify(install) ignored
[0.802s] Level 1:colcon.colcon_core.package_identification:_identify(log) by extensions ['ignore', 'ignore_ament_install']
[0.802s] Level 1:colcon.colcon_core.package_identification:_identify(log) by extension 'ignore'
[0.802s] Level 1:colcon.colcon_core.package_identification:_identify(log) ignored
[0.803s] Level 1:colcon.colcon_core.package_identification:_identify(src) by extensions ['ignore', 'ignore_ament_install']
[0.803s] Level 1:colcon.colcon_core.package_identification:_identify(src) by extension 'ignore'
[0.803s] Level 1:colcon.colcon_core.package_identification:_identify(src) by extension 'ignore_ament_install'
[0.803s] Level 1:colcon.colcon_core.package_identification:_identify(src) by extensions ['colcon_pkg']
[0.803s] Level 1:colcon.colcon_core.package_identification:_identify(src) by extension 'colcon_pkg'
[0.803s] Level 1:colcon.colcon_core.package_identification:_identify(src) by extensions ['colcon_meta']
[0.803s] Level 1:colcon.colcon_core.package_identification:_identify(src) by extension 'colcon_meta'
[0.804s] Level 1:colcon.colcon_core.package_identification:_identify(src) by extensions ['ros']
[0.804s] Level 1:colcon.colcon_core.package_identification:_identify(src) by extension 'ros'
[0.804s] Level 1:colcon.colcon_core.package_identification:_identify(src) by extensions ['cmake', 'python']
[0.804s] Level 1:colcon.colcon_core.package_identification:_identify(src) by extension 'cmake'
[0.804s] Level 1:colcon.colcon_core.package_identification:_identify(src) by extension 'python'
[0.804s] Level 1:colcon.colcon_core.package_identification:_identify(src) by extensions ['python_setup_py']
[0.804s] Level 1:colcon.colcon_core.package_identification:_identify(src) by extension 'python_setup_py'
[0.804s] Level 1:colcon.colcon_core.package_identification:_identify(src/locomotion_core) by extensions ['ignore', 'ignore_ament_install']
[0.805s] Level 1:colcon.colcon_core.package_identification:_identify(src/locomotion_core) by extension 'ignore'
[0.805s] Level 1:colcon.colcon_core.package_identification:_identify(src/locomotion_core) by extension 'ignore_ament_install'
[0.805s] Level 1:colcon.colcon_core.package_identification:_identify(src/locomotion_core) by extensions ['colcon_pkg']
[0.805s] Level 1:colcon.colcon_core.package_identification:_identify(src/locomotion_core) by extension 'colcon_pkg'
[0.805s] Level 1:colcon.colcon_core.package_identification:_identify(src/locomotion_core) by extensions ['colcon_meta']
[0.805s] Level 1:colcon.colcon_core.package_identification:_identify(src/locomotion_core) by extension 'colcon_meta'
[0.805s] Level 1:colcon.colcon_core.package_identification:_identify(src/locomotion_core) by extensions ['ros']
[0.805s] Level 1:colcon.colcon_core.package_identification:_identify(src/locomotion_core) by extension 'ros'
[0.810s] DEBUG:colcon.colcon_core.package_identification:Package 'src/locomotion_core' with type 'ros.ament_python' and name 'locomotion_core'
[0.811s] Level 1:colcon.colcon_core.package_identification:_identify(src/rover_launch) by extensions ['ignore', 'ignore_ament_install']
[0.811s] Level 1:colcon.colcon_core.package_identification:_identify(src/rover_launch) by extension 'ignore'
[0.811s] Level 1:colcon.colcon_core.package_identification:_identify(src/rover_launch) by extension 'ignore_ament_install'
[0.811s] Level 1:colcon.colcon_core.package_identification:_identify(src/rover_launch) by extensions ['colcon_pkg']
[0.811s] Level 1:colcon.colcon_core.package_identification:_identify(src/rover_launch) by extension 'colcon_pkg'
[0.811s] Level 1:colcon.colcon_core.package_identification:_identify(src/rover_launch) by extensions ['colcon_meta']
[0.812s] Level 1:colcon.colcon_core.package_identification:_identify(src/rover_launch) by extension 'colcon_meta'
[0.812s] Level 1:colcon.colcon_core.package_identification:_identify(src/rover_launch) by extensions ['ros']
[0.812s] Level 1:colcon.colcon_core.package_identification:_identify(src/rover_launch) by extension 'ros'
[0.813s] DEBUG:colcon.colcon_core.package_identification:Package 'src/rover_launch' with type 'ros.ament_cmake' and name 'rover_launch'
[0.813s] Level 1:colcon.colcon_core.package_identification:_identify(src/teleop_twist_joy) by extensions ['ignore', 'ignore_ament_install']
[0.813s] Level 1:colcon.colcon_core.package_identification:_identify(src/teleop_twist_joy) by extension 'ignore'
[0.813s] Level 1:colcon.colcon_core.package_identification:_identify(src/teleop_twist_joy) by extension 'ignore_ament_install'
[0.813s] Level 1:colcon.colcon_core.package_identification:_identify(src/teleop_twist_joy) by extensions ['colcon_pkg']
[0.813s] Level 1:colcon.colcon_core.package_identification:_identify(src/teleop_twist_joy) by extension 'colcon_pkg'
[0.814s] Level 1:colcon.colcon_core.package_identification:_identify(src/teleop_twist_joy) by extensions ['colcon_meta']
[0.814s] Level 1:colcon.colcon_core.package_identification:_identify(src/teleop_twist_joy) by extension 'colcon_meta'
[0.814s] Level 1:colcon.colcon_core.package_identification:_identify(src/teleop_twist_joy) by extensions ['ros']
[0.814s] Level 1:colcon.colcon_core.package_identification:_identify(src/teleop_twist_joy) by extension 'ros'
[0.816s] DEBUG:colcon.colcon_core.package_identification:Package 'src/teleop_twist_joy' with type 'ros.ament_cmake' and name 'teleop_twist_joy'
[0.816s] Level 1:colcon.colcon_core.package_discovery:discover_packages(recursive) using defaults
[0.816s] Level 1:colcon.colcon_core.package_discovery:discover_packages(ignore) discover
[0.816s] Level 1:colcon.colcon_core.package_discovery:discover_packages(ignore) using defaults
[0.816s] Level 1:colcon.colcon_core.package_discovery:discover_packages(path) discover
[0.816s] Level 1:colcon.colcon_core.package_discovery:discover_packages(path) using defaults
[0.854s] Level 1:colcon.colcon_core.package_discovery:discover_packages(prefix_path) check parameters
[0.854s] Level 1:colcon.colcon_core.package_discovery:discover_packages(prefix_path) discover
[0.856s] Level 1:colcon.colcon_core.package_discovery:discover_packages(prefix_path) using defaults
[0.860s] Level 5:colcon.colcon_core.verb:set package 'locomotion_core' build argument 'cmake_args' from command line to 'None'
[0.860s] Level 5:colcon.colcon_core.verb:set package 'locomotion_core' build argument 'cmake_target' from command line to 'None'
[0.860s] Level 5:colcon.colcon_core.verb:set package 'locomotion_core' build argument 'cmake_target_skip_unavailable' from command line to 'False'
[0.860s] Level 5:colcon.colcon_core.verb:set package 'locomotion_core' build argument 'cmake_clean_cache' from command line to 'False'
[0.860s] Level 5:colcon.colcon_core.verb:set package 'locomotion_core' build argument 'cmake_clean_first' from command line to 'False'
[0.860s] Level 5:colcon.colcon_core.verb:set package 'locomotion_core' build argument 'cmake_force_configure' from command line to 'False'
[0.860s] Level 5:colcon.colcon_core.verb:set package 'locomotion_core' build argument 'ament_cmake_args' from command line to 'None'
[0.861s] Level 5:colcon.colcon_core.verb:set package 'locomotion_core' build argument 'catkin_cmake_args' from command line to 'None'
[0.861s] Level 5:colcon.colcon_core.verb:set package 'locomotion_core' build argument 'catkin_skip_building_tests' from command line to 'False'
[0.861s] DEBUG:colcon.colcon_core.verb:Building package 'locomotion_core' with the following arguments: {'ament_cmake_args': None, 'build_base': '/home/pioneer-i/ros2_ws/build/locomotion_core', 'catkin_cmake_args': None, 'catkin_skip_building_tests': False, 'cmake_args': None, 'cmake_clean_cache': False, 'cmake_clean_first': False, 'cmake_force_configure': False, 'cmake_target': None, 'cmake_target_skip_unavailable': False, 'install_base': '/home/pioneer-i/ros2_ws/install/locomotion_core', 'merge_install': False, 'path': '/home/pioneer-i/ros2_ws/src/locomotion_core', 'symlink_install': False, 'test_result_base': None}
[0.863s] Level 5:colcon.colcon_core.verb:set package 'rover_launch' build argument 'cmake_args' from command line to 'None'
[0.863s] Level 5:colcon.colcon_core.verb:set package 'rover_launch' build argument 'cmake_target' from command line to 'None'
[0.863s] Level 5:colcon.colcon_core.verb:set package 'rover_launch' build argument 'cmake_target_skip_unavailable' from command line to 'False'
[0.863s] Level 5:colcon.colcon_core.verb:set package 'rover_launch' build argument 'cmake_clean_cache' from command line to 'False'
[0.863s] Level 5:colcon.colcon_core.verb:set package 'rover_launch' build argument 'cmake_clean_first' from command line to 'False'
[0.863s] Level 5:colcon.colcon_core.verb:set package 'rover_launch' build argument 'cmake_force_configure' from command line to 'False'
[0.863s] Level 5:colcon.colcon_core.verb:set package 'rover_launch' build argument 'ament_cmake_args' from command line to 'None'
[0.863s] Level 5:colcon.colcon_core.verb:set package 'rover_launch' build argument 'catkin_cmake_args' from command line to 'None'
[0.863s] Level 5:colcon.colcon_core.verb:set package 'rover_launch' build argument 'catkin_skip_building_tests' from command line to 'False'
[0.863s] DEBUG:colcon.colcon_core.verb:Building package 'rover_launch' with the following arguments: {'ament_cmake_args': None, 'build_base': '/home/pioneer-i/ros2_ws/build/rover_launch', 'catkin_cmake_args': None, 'catkin_skip_building_tests': False, 'cmake_args': None, 'cmake_clean_cache': False, 'cmake_clean_first': False, 'cmake_force_configure': False, 'cmake_target': None, 'cmake_target_skip_unavailable': False, 'install_base': '/home/pioneer-i/ros2_ws/install/rover_launch', 'merge_install': False, 'path': '/home/pioneer-i/ros2_ws/src/rover_launch', 'symlink_install': False, 'test_result_base': None}
[0.865s] Level 5:colcon.colcon_core.verb:set package 'teleop_twist_joy' build argument 'cmake_args' from command line to 'None'
[0.865s] Level 5:colcon.colcon_core.verb:set package 'teleop_twist_joy' build argument 'cmake_target' from command line to 'None'
[0.865s] Level 5:colcon.colcon_core.verb:set package 'teleop_twist_joy' build argument 'cmake_target_skip_unavailable' from command line to 'False'
[0.865s] Level 5:colcon.colcon_core.verb:set package 'teleop_twist_joy' build argument 'cmake_clean_cache' from command line to 'False'
[0.865s] Level 5:colcon.colcon_core.verb:set package 'teleop_twist_joy' build argument 'cmake_clean_first' from command line to 'False'
[0.865s] Level 5:colcon.colcon_core.verb:set package 'teleop_twist_joy' build argument 'cmake_force_configure' from command line to 'False'
[0.865s] Level 5:colcon.colcon_core.verb:set package 'teleop_twist_joy' build argument 'ament_cmake_args' from command line to 'None'
[0.865s] Level 5:colcon.colcon_core.verb:set package 'teleop_twist_joy' build argument 'catkin_cmake_args' from command line to 'None'
[0.865s] Level 5:colcon.colcon_core.verb:set package 'teleop_twist_joy' build argument 'catkin_skip_building_tests' from command line to 'False'
[0.866s] DEBUG:colcon.colcon_core.verb:Building package 'teleop_twist_joy' with the following arguments: {'ament_cmake_args': None, 'build_base': '/home/pioneer-i/ros2_ws/build/teleop_twist_joy', 'catkin_cmake_args': None, 'catkin_skip_building_tests': False, 'cmake_args': None, 'cmake_clean_cache': False, 'cmake_clean_first': False, 'cmake_force_configure': False, 'cmake_target': None, 'cmake_target_skip_unavailable': False, 'install_base': '/home/pioneer-i/ros2_ws/install/teleop_twist_joy', 'merge_install': False, 'path': '/home/pioneer-i/ros2_ws/src/teleop_twist_joy', 'symlink_install': False, 'test_result_base': None}
[0.867s] INFO:colcon.colcon_core.executor:Executing jobs using 'parallel' executor
[0.876s] DEBUG:colcon.colcon_parallel_executor.executor.parallel:run_until_complete
[0.876s] INFO:colcon.colcon_ros.task.ament_python.build:Building ROS package in '/home/pioneer-i/ros2_ws/src/locomotion_core' with build type 'ament_python'
[0.877s] Level 1:colcon.colcon_core.shell:create_environment_hook('locomotion_core', 'ament_prefix_path')
[0.885s] INFO:colcon.colcon_core.plugin_system:Skipping extension 'colcon_core.shell.bat': Not used on non-Windows systems
[0.885s] INFO:colcon.colcon_core.shell:Creating environment hook '/home/pioneer-i/ros2_ws/install/locomotion_core/share/locomotion_core/hook/ament_prefix_path.ps1'
[0.887s] INFO:colcon.colcon_core.shell:Creating environment descriptor '/home/pioneer-i/ros2_ws/install/locomotion_core/share/locomotion_core/hook/ament_prefix_path.dsv'
[0.888s] INFO:colcon.colcon_core.shell:Creating environment hook '/home/pioneer-i/ros2_ws/install/locomotion_core/share/locomotion_core/hook/ament_prefix_path.sh'
[0.897s] INFO:colcon.colcon_core.shell:Skip shell extension 'powershell' for command environment: Not usable outside of PowerShell
[0.897s] DEBUG:colcon.colcon_core.shell:Skip shell extension 'dsv' for command environment
[0.906s] INFO:colcon.colcon_ros.task.ament_cmake.build:Building ROS package in '/home/pioneer-i/ros2_ws/src/rover_launch' with build type 'ament_cmake'
[0.906s] INFO:colcon.colcon_cmake.task.cmake.build:Building CMake package in '/home/pioneer-i/ros2_ws/src/rover_launch'
[0.909s] INFO:colcon.colcon_core.shell:Skip shell extension 'powershell' for command environment: Not usable outside of PowerShell
[0.910s] DEBUG:colcon.colcon_core.shell:Skip shell extension 'dsv' for command environment
[0.917s] INFO:colcon.colcon_ros.task.ament_cmake.build:Building ROS package in '/home/pioneer-i/ros2_ws/src/teleop_twist_joy' with build type 'ament_cmake'
[0.918s] INFO:colcon.colcon_cmake.task.cmake.build:Building CMake package in '/home/pioneer-i/ros2_ws/src/teleop_twist_joy'
[0.921s] INFO:colcon.colcon_core.shell:Skip shell extension 'powershell' for command environment: Not usable outside of PowerShell
[0.921s] DEBUG:colcon.colcon_core.shell:Skip shell extension 'dsv' for command environment
[1.339s] INFO:colcon.colcon_core.task.python.build:Building Python package in '/home/pioneer-i/ros2_ws/src/locomotion_core'
[1.343s] INFO:colcon.colcon_core.shell:Skip shell extension 'powershell' for command environment: Not usable outside of PowerShell
[1.343s] DEBUG:colcon.colcon_core.shell:Skip shell extension 'dsv' for command environment
[1.363s] DEBUG:colcon.colcon_core.event_handler.log_command:Invoking command in '/home/pioneer-i/ros2_ws/build/rover_launch': /usr/bin/cmake --build /home/pioneer-i/ros2_ws/build/rover_launch -- -j6 -l6
[1.381s] DEBUG:colcon.colcon_core.event_handler.log_command:Invoking command in '/home/pioneer-i/ros2_ws/build/teleop_twist_joy': /usr/bin/cmake --build /home/pioneer-i/ros2_ws/build/teleop_twist_joy -- -j6 -l6
[1.463s] DEBUG:colcon.colcon_core.event_handler.log_command:Invoked command in '/home/pioneer-i/ros2_ws/build/rover_launch' returned '0': /usr/bin/cmake --build /home/pioneer-i/ros2_ws/build/rover_launch -- -j6 -l6
[1.537s] DEBUG:colcon.colcon_core.event_handler.log_command:Invoking command in '/home/pioneer-i/ros2_ws/build/rover_launch': /usr/bin/cmake --install /home/pioneer-i/ros2_ws/build/rover_launch
[1.564s] Level 1:colcon.colcon_core.environment:create_environment_scripts_only(rover_launch)
[1.566s] DEBUG:colcon.colcon_core.event_handler.log_command:Invoked command in '/home/pioneer-i/ros2_ws/build/rover_launch' returned '0': /usr/bin/cmake --install /home/pioneer-i/ros2_ws/build/rover_launch
[1.576s] Level 1:colcon.colcon_core.environment:checking '/home/pioneer-i/ros2_ws/install/rover_launch' for CMake module files
[1.577s] Level 1:colcon.colcon_core.environment:checking '/home/pioneer-i/ros2_ws/install/rover_launch' for CMake config files
[1.578s] Level 1:colcon.colcon_core.shell:create_environment_hook('rover_launch', 'cmake_prefix_path')
[1.581s] INFO:colcon.colcon_core.shell:Creating environment hook '/home/pioneer-i/ros2_ws/install/rover_launch/share/rover_launch/hook/cmake_prefix_path.ps1'
[1.583s] INFO:colcon.colcon_core.shell:Creating environment descriptor '/home/pioneer-i/ros2_ws/install/rover_launch/share/rover_launch/hook/cmake_prefix_path.dsv'
[1.583s] INFO:colcon.colcon_core.shell:Creating environment hook '/home/pioneer-i/ros2_ws/install/rover_launch/share/rover_launch/hook/cmake_prefix_path.sh'
[1.585s] Level 1:colcon.colcon_core.environment:checking '/home/pioneer-i/ros2_ws/install/rover_launch/bin'
[1.585s] Level 1:colcon.colcon_core.environment:checking '/home/pioneer-i/ros2_ws/install/rover_launch/lib/pkgconfig/rover_launch.pc'
[1.585s] Level 1:colcon.colcon_core.environment:checking '/home/pioneer-i/ros2_ws/install/rover_launch/lib/python3.8/site-packages'
[1.586s] Level 1:colcon.colcon_core.environment:checking '/home/pioneer-i/ros2_ws/install/rover_launch/bin'
[1.589s] INFO:colcon.colcon_core.shell:Creating package script '/home/pioneer-i/ros2_ws/install/rover_launch/share/rover_launch/package.ps1'
[1.590s] INFO:colcon.colcon_core.shell:Creating package descriptor '/home/pioneer-i/ros2_ws/install/rover_launch/share/rover_launch/package.dsv'
[1.591s] INFO:colcon.colcon_core.shell:Creating package script '/home/pioneer-i/ros2_ws/install/rover_launch/share/rover_launch/package.sh'
[1.593s] INFO:colcon.colcon_core.shell:Creating package script '/home/pioneer-i/ros2_ws/install/rover_launch/share/rover_launch/package.bash'
[1.594s] INFO:colcon.colcon_core.shell:Creating package script '/home/pioneer-i/ros2_ws/install/rover_launch/share/rover_launch/package.zsh'
[1.595s] Level 1:colcon.colcon_core.environment:create_file_with_runtime_dependencies(/home/pioneer-i/ros2_ws/install/rover_launch/share/colcon-core/packages/rover_launch)
[1.604s] DEBUG:colcon.colcon_core.event_handler.log_command:Invoked command in '/home/pioneer-i/ros2_ws/build/teleop_twist_joy' returned '0': /usr/bin/cmake --build /home/pioneer-i/ros2_ws/build/teleop_twist_joy -- -j6 -l6
[1.634s] Level 1:colcon.colcon_core.environment:create_environment_scripts_only(rover_launch)
[1.638s] Level 1:colcon.colcon_core.environment:checking '/home/pioneer-i/ros2_ws/install/rover_launch' for CMake module files
[1.639s] Level 1:colcon.colcon_core.environment:checking '/home/pioneer-i/ros2_ws/install/rover_launch' for CMake config files
[1.640s] Level 1:colcon.colcon_core.shell:create_environment_hook('rover_launch', 'cmake_prefix_path')
[1.643s] INFO:colcon.colcon_core.shell:Creating environment hook '/home/pioneer-i/ros2_ws/install/rover_launch/share/rover_launch/hook/cmake_prefix_path.ps1'
[1.694s] INFO:colcon.colcon_core.shell:Creating environment descriptor '/home/pioneer-i/ros2_ws/install/rover_launch/share/rover_launch/hook/cmake_prefix_path.dsv'
[1.695s] INFO:colcon.colcon_core.shell:Creating environment hook '/home/pioneer-i/ros2_ws/install/rover_launch/share/rover_launch/hook/cmake_prefix_path.sh'
[1.696s] Level 1:colcon.colcon_core.environment:checking '/home/pioneer-i/ros2_ws/install/rover_launch/bin'
[1.697s] Level 1:colcon.colcon_core.environment:checking '/home/pioneer-i/ros2_ws/install/rover_launch/lib/pkgconfig/rover_launch.pc'
[1.697s] Level 1:colcon.colcon_core.environment:checking '/home/pioneer-i/ros2_ws/install/rover_launch/lib/python3.8/site-packages'
[1.697s] Level 1:colcon.colcon_core.environment:checking '/home/pioneer-i/ros2_ws/install/rover_launch/bin'
[1.700s] INFO:colcon.colcon_core.shell:Creating package script '/home/pioneer-i/ros2_ws/install/rover_launch/share/rover_launch/package.ps1'
[1.701s] INFO:colcon.colcon_core.shell:Creating package descriptor '/home/pioneer-i/ros2_ws/install/rover_launch/share/rover_launch/package.dsv'
[1.702s] INFO:colcon.colcon_core.shell:Creating package script '/home/pioneer-i/ros2_ws/install/rover_launch/share/rover_launch/package.sh'
[1.703s] INFO:colcon.colcon_core.shell:Creating package script '/home/pioneer-i/ros2_ws/install/rover_launch/share/rover_launch/package.bash'
[1.704s] INFO:colcon.colcon_core.shell:Creating package script '/home/pioneer-i/ros2_ws/install/rover_launch/share/rover_launch/package.zsh'
[1.705s] Level 1:colcon.colcon_core.environment:create_file_with_runtime_dependencies(/home/pioneer-i/ros2_ws/install/rover_launch/share/colcon-core/packages/rover_launch)
[1.713s] DEBUG:colcon.colcon_core.event_handler.log_command:Invoking command in '/home/pioneer-i/ros2_ws/build/teleop_twist_joy': /usr/bin/cmake --install /home/pioneer-i/ros2_ws/build/teleop_twist_joy
[1.736s] Level 1:colcon.colcon_core.environment:create_environment_scripts_only(teleop_twist_joy)
[1.740s] Level 1:colcon.colcon_core.environment:checking '/home/pioneer-i/ros2_ws/install/teleop_twist_joy' for CMake module files
[1.741s] DEBUG:colcon.colcon_core.event_handler.log_command:Invoked command in '/home/pioneer-i/ros2_ws/build/teleop_twist_joy' returned '0': /usr/bin/cmake --install /home/pioneer-i/ros2_ws/build/teleop_twist_joy
[1.742s] Level 1:colcon.colcon_core.environment:checking '/home/pioneer-i/ros2_ws/install/teleop_twist_joy' for CMake config files
[1.743s] Level 1:colcon.colcon_core.shell:create_environment_hook('teleop_twist_joy', 'cmake_prefix_path')
[1.745s] INFO:colcon.colcon_core.shell:Creating environment hook '/home/pioneer-i/ros2_ws/install/teleop_twist_joy/share/teleop_twist_joy/hook/cmake_prefix_path.ps1'
[1.746s] INFO:colcon.colcon_core.shell:Creating environment descriptor '/home/pioneer-i/ros2_ws/install/teleop_twist_joy/share/teleop_twist_joy/hook/cmake_prefix_path.dsv'
[1.747s] INFO:colcon.colcon_core.shell:Creating environment hook '/home/pioneer-i/ros2_ws/install/teleop_twist_joy/share/teleop_twist_joy/hook/cmake_prefix_path.sh'
[1.748s] Level 1:colcon.colcon_core.environment:checking '/home/pioneer-i/ros2_ws/install/teleop_twist_joy/lib'
[1.749s] Level 1:colcon.colcon_core.shell:create_environment_hook('teleop_twist_joy', 'ld_library_path_lib')
[1.751s] INFO:colcon.colcon_core.shell:Creating environment hook '/home/pioneer-i/ros2_ws/install/teleop_twist_joy/share/teleop_twist_joy/hook/ld_library_path_lib.ps1'
[1.752s] INFO:colcon.colcon_core.shell:Creating environment descriptor '/home/pioneer-i/ros2_ws/install/teleop_twist_joy/share/teleop_twist_joy/hook/ld_library_path_lib.dsv'
[1.753s] INFO:colcon.colcon_core.shell:Creating environment hook '/home/pioneer-i/ros2_ws/install/teleop_twist_joy/share/teleop_twist_joy/hook/ld_library_path_lib.sh'
[1.754s] Level 1:colcon.colcon_core.environment:checking '/home/pioneer-i/ros2_ws/install/teleop_twist_joy/bin'
[1.754s] Level 1:colcon.colcon_core.environment:checking '/home/pioneer-i/ros2_ws/install/teleop_twist_joy/lib/pkgconfig/teleop_twist_joy.pc'
[1.754s] Level 1:colcon.colcon_core.environment:checking '/home/pioneer-i/ros2_ws/install/teleop_twist_joy/lib/python3.8/site-packages'
[1.755s] Level 1:colcon.colcon_core.environment:checking '/home/pioneer-i/ros2_ws/install/teleop_twist_joy/bin'
[1.757s] INFO:colcon.colcon_core.shell:Creating package script '/home/pioneer-i/ros2_ws/install/teleop_twist_joy/share/teleop_twist_joy/package.ps1'
[1.758s] INFO:colcon.colcon_core.shell:Creating package descriptor '/home/pioneer-i/ros2_ws/install/teleop_twist_joy/share/teleop_twist_joy/package.dsv'
[1.759s] INFO:colcon.colcon_core.shell:Creating package script '/home/pioneer-i/ros2_ws/install/teleop_twist_joy/share/teleop_twist_joy/package.sh'
[1.760s] INFO:colcon.colcon_core.shell:Creating package script '/home/pioneer-i/ros2_ws/install/teleop_twist_joy/share/teleop_twist_joy/package.bash'
[1.761s] INFO:colcon.colcon_core.shell:Creating package script '/home/pioneer-i/ros2_ws/install/teleop_twist_joy/share/teleop_twist_joy/package.zsh'
[1.761s] Level 1:colcon.colcon_core.environment:create_file_with_runtime_dependencies(/home/pioneer-i/ros2_ws/install/teleop_twist_joy/share/colcon-core/packages/teleop_twist_joy)
[1.810s] Level 1:colcon.colcon_core.environment:create_environment_scripts_only(teleop_twist_joy)
[1.814s] Level 1:colcon.colcon_core.environment:checking '/home/pioneer-i/ros2_ws/install/teleop_twist_joy' for CMake module files
[1.815s] Level 1:colcon.colcon_core.environment:checking '/home/pioneer-i/ros2_ws/install/teleop_twist_joy' for CMake config files
[1.816s] Level 1:colcon.colcon_core.shell:create_environment_hook('teleop_twist_joy', 'cmake_prefix_path')
[1.818s] INFO:colcon.colcon_core.shell:Creating environment hook '/home/pioneer-i/ros2_ws/install/teleop_twist_joy/share/teleop_twist_joy/hook/cmake_prefix_path.ps1'
[1.874s] INFO:colcon.colcon_core.shell:Creating environment descriptor '/home/pioneer-i/ros2_ws/install/teleop_twist_joy/share/teleop_twist_joy/hook/cmake_prefix_path.dsv'
[1.875s] INFO:colcon.colcon_core.shell:Creating environment hook '/home/pioneer-i/ros2_ws/install/teleop_twist_joy/share/teleop_twist_joy/hook/cmake_prefix_path.sh'
[1.876s] Level 1:colcon.colcon_core.environment:checking '/home/pioneer-i/ros2_ws/install/teleop_twist_joy/lib'
[1.876s] Level 1:colcon.colcon_core.shell:create_environment_hook('teleop_twist_joy', 'ld_library_path_lib')
[1.879s] INFO:colcon.colcon_core.shell:Creating environment hook '/home/pioneer-i/ros2_ws/install/teleop_twist_joy/share/teleop_twist_joy/hook/ld_library_path_lib.ps1'
[1.880s] INFO:colcon.colcon_core.shell:Creating environment descriptor '/home/pioneer-i/ros2_ws/install/teleop_twist_joy/share/teleop_twist_joy/hook/ld_library_path_lib.dsv'
[1.880s] INFO:colcon.colcon_core.shell:Creating environment hook '/home/pioneer-i/ros2_ws/install/teleop_twist_joy/share/teleop_twist_joy/hook/ld_library_path_lib.sh'
[1.881s] Level 1:colcon.colcon_core.environment:checking '/home/pioneer-i/ros2_ws/install/teleop_twist_joy/bin'
[1.881s] Level 1:colcon.colcon_core.environment:checking '/home/pioneer-i/ros2_ws/install/teleop_twist_joy/lib/pkgconfig/teleop_twist_joy.pc'
[1.882s] Level 1:colcon.colcon_core.environment:checking '/home/pioneer-i/ros2_ws/install/teleop_twist_joy/lib/python3.8/site-packages'
[1.882s] Level 1:colcon.colcon_core.environment:checking '/home/pioneer-i/ros2_ws/install/teleop_twist_joy/bin'
[1.885s] INFO:colcon.colcon_core.shell:Creating package script '/home/pioneer-i/ros2_ws/install/teleop_twist_joy/share/teleop_twist_joy/package.ps1'
[1.887s] INFO:colcon.colcon_core.shell:Creating package descriptor '/home/pioneer-i/ros2_ws/install/teleop_twist_joy/share/teleop_twist_joy/package.dsv'
[1.888s] INFO:colcon.colcon_core.shell:Creating package script '/home/pioneer-i/ros2_ws/install/teleop_twist_joy/share/teleop_twist_joy/package.sh'
[1.888s] INFO:colcon.colcon_core.shell:Creating package script '/home/pioneer-i/ros2_ws/install/teleop_twist_joy/share/teleop_twist_joy/package.bash'
[1.889s] INFO:colcon.colcon_core.shell:Creating package script '/home/pioneer-i/ros2_ws/install/teleop_twist_joy/share/teleop_twist_joy/package.zsh'
[1.890s] Level 1:colcon.colcon_core.environment:create_file_with_runtime_dependencies(/home/pioneer-i/ros2_ws/install/teleop_twist_joy/share/colcon-core/packages/teleop_twist_joy)
[2.138s] DEBUG:colcon.colcon_core.event_handler.log_command:Invoking command in '/home/pioneer-i/ros2_ws/src/locomotion_core': PYTHONPATH=/home/pioneer-i/ros2_ws/build/locomotion_core/prefix_override:/home/pioneer-i/ros2_ws/install/locomotion_core/lib/python3.8/site-packages: /usr/bin/python3 setup.py egg_info --egg-base ../../build/locomotion_core build --build-base /home/pioneer-i/ros2_ws/build/locomotion_core/build install --record /home/pioneer-i/ros2_ws/build/locomotion_core/install.log --single-version-externally-managed
[2.675s] Level 1:colcon.colcon_core.environment:checking '/home/pioneer-i/ros2_ws/install/locomotion_core' for CMake module files
[2.676s] DEBUG:colcon.colcon_core.event_handler.log_command:Invoked command in '/home/pioneer-i/ros2_ws/src/locomotion_core' returned '0': PYTHONPATH=/home/pioneer-i/ros2_ws/build/locomotion_core/prefix_override:/home/pioneer-i/ros2_ws/install/locomotion_core/lib/python3.8/site-packages: /usr/bin/python3 setup.py egg_info --egg-base ../../build/locomotion_core build --build-base /home/pioneer-i/ros2_ws/build/locomotion_core/build install --record /home/pioneer-i/ros2_ws/build/locomotion_core/install.log --single-version-externally-managed
[2.677s] Level 1:colcon.colcon_core.environment:checking '/home/pioneer-i/ros2_ws/install/locomotion_core' for CMake config files
[2.678s] Level 1:colcon.colcon_core.environment:checking '/home/pioneer-i/ros2_ws/install/locomotion_core/lib'
[2.679s] Level 1:colcon.colcon_core.environment:checking '/home/pioneer-i/ros2_ws/install/locomotion_core/bin'
[2.679s] Level 1:colcon.colcon_core.environment:checking '/home/pioneer-i/ros2_ws/install/locomotion_core/lib/pkgconfig/locomotion_core.pc'
[2.679s] Level 1:colcon.colcon_core.environment:checking '/home/pioneer-i/ros2_ws/install/locomotion_core/lib/python3.8/site-packages'
[2.679s] Level 1:colcon.colcon_core.shell:create_environment_hook('locomotion_core', 'pythonpath')
[2.682s] INFO:colcon.colcon_core.shell:Creating environment hook '/home/pioneer-i/ros2_ws/install/locomotion_core/share/locomotion_core/hook/pythonpath.ps1'
[2.683s] INFO:colcon.colcon_core.shell:Creating environment descriptor '/home/pioneer-i/ros2_ws/install/locomotion_core/share/locomotion_core/hook/pythonpath.dsv'
[2.684s] INFO:colcon.colcon_core.shell:Creating environment hook '/home/pioneer-i/ros2_ws/install/locomotion_core/share/locomotion_core/hook/pythonpath.sh'
[2.685s] Level 1:colcon.colcon_core.environment:checking '/home/pioneer-i/ros2_ws/install/locomotion_core/bin'
[2.685s] Level 1:colcon.colcon_core.environment:create_environment_scripts_only(locomotion_core)
[2.697s] INFO:colcon.colcon_core.shell:Creating package script '/home/pioneer-i/ros2_ws/install/locomotion_core/share/locomotion_core/package.ps1'
[2.699s] INFO:colcon.colcon_core.shell:Creating package descriptor '/home/pioneer-i/ros2_ws/install/locomotion_core/share/locomotion_core/package.dsv'
[2.700s] INFO:colcon.colcon_core.shell:Creating package script '/home/pioneer-i/ros2_ws/install/locomotion_core/share/locomotion_core/package.sh'
[2.702s] INFO:colcon.colcon_core.shell:Creating package script '/home/pioneer-i/ros2_ws/install/locomotion_core/share/locomotion_core/package.bash'
[2.702s] INFO:colcon.colcon_core.shell:Creating package script '/home/pioneer-i/ros2_ws/install/locomotion_core/share/locomotion_core/package.zsh'
[2.704s] Level 1:colcon.colcon_core.environment:create_file_with_runtime_dependencies(/home/pioneer-i/ros2_ws/install/locomotion_core/share/colcon-core/packages/locomotion_core)
[2.704s] DEBUG:colcon.colcon_parallel_executor.executor.parallel:closing loop
[2.705s] DEBUG:colcon.colcon_parallel_executor.executor.parallel:loop closed
[2.706s] DEBUG:colcon.colcon_parallel_executor.executor.parallel:run_until_complete finished with '0'
[2.706s] DEBUG:colcon.colcon_core.event_reactor:joining thread
[2.720s] INFO:colcon.colcon_core.plugin_system:Skipping extension 'colcon_notification.desktop_notification.terminal_notifier': Not used on non-Darwin systems
[2.720s] INFO:colcon.colcon_core.plugin_system:Skipping extension 'colcon_notification.desktop_notification.win32': Not used on non-Windows systems
[2.720s] INFO:colcon.colcon_notification.desktop_notification:Sending desktop notification using 'notify2'
[2.761s] DEBUG:colcon.colcon_core.event_reactor:joined thread
[2.764s] INFO:colcon.colcon_core.shell:Creating prefix script '/home/pioneer-i/ros2_ws/install/local_setup.ps1'
[2.766s] INFO:colcon.colcon_core.shell:Creating prefix util module '/home/pioneer-i/ros2_ws/install/_local_setup_util_ps1.py'
[2.769s] INFO:colcon.colcon_core.shell:Creating prefix chain script '/home/pioneer-i/ros2_ws/install/setup.ps1'
[2.771s] INFO:colcon.colcon_core.shell:Creating prefix script '/home/pioneer-i/ros2_ws/install/local_setup.sh'
[2.772s] INFO:colcon.colcon_core.shell:Creating prefix util module '/home/pioneer-i/ros2_ws/install/_local_setup_util_sh.py'
[2.773s] INFO:colcon.colcon_core.shell:Creating prefix chain script '/home/pioneer-i/ros2_ws/install/setup.sh'
[2.775s] INFO:colcon.colcon_core.shell:Creating prefix script '/home/pioneer-i/ros2_ws/install/local_setup.bash'
[2.776s] INFO:colcon.colcon_core.shell:Creating prefix chain script '/home/pioneer-i/ros2_ws/install/setup.bash'
[2.778s] INFO:colcon.colcon_core.shell:Creating prefix script '/home/pioneer-i/ros2_ws/install/local_setup.zsh'
[2.779s] INFO:colcon.colcon_core.shell:Creating prefix chain script '/home/pioneer-i/ros2_ws/install/setup.zsh'
